#
# A fatal error has been detected by the Java Runtime Environment:
#
#  SIGSEGV (0xb) at pc=0x00007ffb1b26b318, pid=107274, tid=0x00007ffb82539700
#
# JRE version: OpenJDK Runtime Environment (8.0_292-b10) (build 1.8.0_292-8u292-b10-0ubuntu1~20.04-b10)
# Java VM: OpenJDK 64-Bit Server VM (25.292-b10 mixed mode linux-amd64 compressed oops)
# Problematic frame:
# C  [libnvidia-glcore.so.418.211.00+0xedf318]
#
# Failed to write core dump. Core dumps have been disabled. To enable core dumping, try "ulimit -c unlimited" before starting Java again
#
# If you would like to submit a bug report, please visit:
#   http://bugreport.java.com/bugreport/crash.jsp
# The crash happened outside the Java Virtual Machine in native code.
# See problematic frame for where to report the bug.
#

---------------  T H R E A D  ---------------

Current thread (0x00007ffb7c00c000):  JavaThread "main" [_thread_in_native, id=107278, stack(0x00007ffb8243a000,0x00007ffb8253a000)]

siginfo: si_signo: 11 (SIGSEGV), si_code: 1 (SEGV_MAPERR), si_addr: 0x0000000000000000

Registers:
RAX=0x0000000040bbb220, RBX=0x0000000040b64000, RCX=0x0000000000001770, RDX=0x00000000ffffffff
RSP=0x00007ffb82538410, RBP=0x0000000040b64000, RSI=0x0000000000000000, RDI=0x0000000000000000
R8 =0x0000000000001405, R9 =0x0000000000000000, R10=0x0000000000000000, R11=0x0000000000000000
R12=0x0000000000000010, R13=0x0000000000000000, R14=0x0000000000001770, R15=0x00007ffb8253851c
RIP=0x00007ffb1b26b318, EFLAGS=0x0000000000010246, CSGSFS=0x002b000000000033, ERR=0x0000000000000004
  TRAPNO=0x000000000000000e

Top of Stack: (sp=0x00007ffb82538410)
0x00007ffb82538410:   000000076ed10980 0000000040b64000
0x00007ffb82538420:   0000000040b64000 0000000040bbb828
0x00007ffb82538430:   0000000000000000 0000000000000000
0x00007ffb82538440:   0000000040bbb208 00007ffb1b342964
0x00007ffb82538450:   00007ffb8253851c 00007ffb82538518
0x00007ffb82538460:   000014056d007ffd ffffffff00001770
0x00007ffb82538470:   0000000400000000 0000000000000000
0x00007ffb82538480:   00007ffb7c5e4790 00007ffb82538300
0x00007ffb82538490:   00007ffb2aaaee83 00007ffb6cb612ce
0x00007ffb825384a0:   00007ffb82538510 00007ffb6cbff1a0
0x00007ffb825384b0:   0000000000000104 00c0000000000000
0x00007ffb825384c0:   0000000000000000 0000000040bbb828
0x00007ffb825384d0:   0000000040b64000 0000000040bbb220
0x00007ffb825384e0:   0000000000001405 00007ffb1b343643
0x00007ffb825384f0:   0000000040b64000 00007ffb7c8ee730
0x00007ffb82538500:   0000000082538618 0000000000000004
0x00007ffb82538510:   00007ffb40b64001 00007ffb82539700
0x00007ffb82538520:   0000000100000000 0000000040b64000
0x00007ffb82538530:   0000000040baf080 0000000000000004
0x00007ffb82538540:   0000000000001405 0000000000000010
0x00007ffb82538550:   0000000000000000 00007ffb1aee7a4b
0x00007ffb82538560:   0000000000000000 00007ffb6d01897b
0x00007ffb82538570:   0000000100000000 00007ffb82538590
0x00007ffb82538580:   00001770825385f0 00007ffb440f2158
0x00007ffb82538590:   00007ffb82538630 0000000000000000
0x00007ffb825385a0:   00007ffb440f2158 00007ffb82538670
0x00007ffb825385b0:   00007ffb7c00c000 00007ffb6d018427
0x00007ffb825385c0:   00007ffb82538610 00007ffb1bff6640
0x00007ffb825385d0:   0000000000000001 00007ffb837ae235
0x00007ffb825385e0:   00007ffb6d007ffd 0000000000000000
0x00007ffb825385f0:   00007ffb825385f0 0000000000000000
0x00007ffb82538600:   00007ffb82538670 00007ffb440fc970 

Instructions: (pc=0x00007ffb1b26b318)
0x00007ffb1b26b2f8:   7c 05 00 80 b8 29 06 00 00 00 0f 85 26 02 00 00
0x00007ffb1b26b308:   44 8b 90 00 06 00 00 45 85 d2 0f 85 aa 01 00 00
0x00007ffb1b26b318:   44 8b 07 41 83 fc 01 4c 8d 4f 04 b9 01 00 00 00
0x00007ffb1b26b328:   44 89 c6 7e 2a 48 89 fa 8b 42 04 41 39 c0 44 0f 

Register to memory mapping:

RAX=0x0000000040bbb220 is an unknown value
RBX=0x0000000040b64000 is an unknown value
RCX=0x0000000000001770 is an unknown value
RDX=0x00000000ffffffff is an unknown value
RSP=0x00007ffb82538410 is pointing into the stack for thread: 0x00007ffb7c00c000
RBP=0x0000000040b64000 is an unknown value
RSI=0x0000000000000000 is an unknown value
RDI=0x0000000000000000 is an unknown value
R8 =0x0000000000001405 is an unknown value
R9 =0x0000000000000000 is an unknown value
R10=0x0000000000000000 is an unknown value
R11=0x0000000000000000 is an unknown value
R12=0x0000000000000010 is an unknown value
R13=0x0000000000000000 is an unknown value
R14=0x0000000000001770 is an unknown value
R15=0x00007ffb8253851c is pointing into the stack for thread: 0x00007ffb7c00c000


Stack: [0x00007ffb8243a000,0x00007ffb8253a000],  sp=0x00007ffb82538410,  free space=1017k
Native frames: (J=compiled Java code, j=interpreted, Vv=VM code, C=native code)
C  [libnvidia-glcore.so.418.211.00+0xedf318]

Java frames: (J=compiled Java code, j=interpreted, Vv=VM code)
j  org.lwjgl.opengl.GL11C.nglDrawElements(IIIJ)V+0
j  org.lwjgl.opengl.GL11C.glDrawElements(IIIJ)V+4
j  org.lwjgl.opengl.GL11.glDrawElements(IIIJ)V+4
j  jade.renderer.RenderBatch.render()V+89
j  jade.renderer.Renderer.render()V+30
j  jade.scenes.LevelEditorScene.update(F)V+41
j  jade.Window.loop()V+123
j  jade.Window.run()V+37
j  Main.main([Ljava/lang/String;)V+5
v  ~StubRoutines::call_stub

---------------  P R O C E S S  ---------------

Java Threads: ( => current thread )
  0x00007ffb7c0cf800 JavaThread "Service Thread" daemon [_thread_blocked, id=107297, stack(0x00007ffb45808000,0x00007ffb45909000)]
  0x00007ffb7c0cc000 JavaThread "C1 CompilerThread3" daemon [_thread_blocked, id=107296, stack(0x00007ffb4590a000,0x00007ffb45a0a000)]
  0x00007ffb7c0ca000 JavaThread "C2 CompilerThread2" daemon [_thread_blocked, id=107295, stack(0x00007ffb45a0b000,0x00007ffb45b0b000)]
  0x00007ffb7c0c8800 JavaThread "C2 CompilerThread1" daemon [_thread_blocked, id=107294, stack(0x00007ffb45b0c000,0x00007ffb45c0c000)]
  0x00007ffb7c0c5800 JavaThread "C2 CompilerThread0" daemon [_thread_blocked, id=107293, stack(0x00007ffb45c0d000,0x00007ffb45d0d000)]
  0x00007ffb7c0c0000 JavaThread "Signal Dispatcher" daemon [_thread_blocked, id=107292, stack(0x00007ffb45d0d000,0x00007ffb45e0e000)]
  0x00007ffb7c090800 JavaThread "Finalizer" daemon [_thread_blocked, id=107291, stack(0x00007ffb46bec000,0x00007ffb46ced000)]
  0x00007ffb7c08c000 JavaThread "Reference Handler" daemon [_thread_blocked, id=107290, stack(0x00007ffb46ced000,0x00007ffb46dee000)]
=>0x00007ffb7c00c000 JavaThread "main" [_thread_in_native, id=107278, stack(0x00007ffb8243a000,0x00007ffb8253a000)]

Other Threads:
  0x00007ffb7c082800 VMThread [stack: 0x00007ffb46def000,0x00007ffb46eef000] [id=107289]
  0x00007ffb7c0d2000 WatcherThread [stack: 0x00007ffb45708000,0x00007ffb45808000] [id=107298]

VM state:not at safepoint (normal execution)

VM Mutex/Monitor currently owned by a thread: None

heap address: 0x00000006c7000000, size: 3984 MB, Compressed Oops mode: Zero based, Oop shift amount: 3
Narrow klass base: 0x0000000000000000, Narrow klass shift: 3
Compressed class space size: 1073741824 Address: 0x00000007c0000000

Heap:
 PSYoungGen      total 74752K, used 30152K [0x000000076d000000, 0x0000000772300000, 0x00000007c0000000)
  eden space 64512K, 46% used [0x000000076d000000,0x000000076ed72208,0x0000000770f00000)
  from space 10240K, 0% used [0x0000000771900000,0x0000000771900000,0x0000000772300000)
  to   space 10240K, 0% used [0x0000000770f00000,0x0000000770f00000,0x0000000771900000)
 ParOldGen       total 171008K, used 0K [0x00000006c7000000, 0x00000006d1700000, 0x000000076d000000)
  object space 171008K, 0% used [0x00000006c7000000,0x00000006c7000000,0x00000006d1700000)
 Metaspace       used 11302K, capacity 11515K, committed 11776K, reserved 1060864K
  class space    used 829K, capacity 914K, committed 1024K, reserved 1048576K

Card table byte_map: [0x00007ffb8184d000,0x00007ffb82016000] byte_map_base: 0x00007ffb7e215000

Marking Bits: (ParMarkBitMap*) 0x00007ffb8366a6c0
 Begin Bits: [0x00007ffb4c380000, 0x00007ffb501c0000)
 End Bits:   [0x00007ffb501c0000, 0x00007ffb54000000)

Polling page: 0x00007ffb83915000

CodeCache: size=245760Kb used=3075Kb max_used=3075Kb free=242684Kb
 bounds [0x00007ffb6d000000, 0x00007ffb6d310000, 0x00007ffb7c000000]
 total_blobs=1717 nmethods=730 adapters=901
 compilation: enabled

Compilation events (10 events):
Event: 2,602 Thread 0x00007ffb7c0cc000  724       3       java.util.StringTokenizer::nextToken (92 bytes)
Event: 2,603 Thread 0x00007ffb7c0cc000 nmethod 724 0x00007ffb6d2ed990 code [0x00007ffb6d2edb40, 0x00007ffb6d2edf38]
Event: 2,627 Thread 0x00007ffb7c0c5800  725       4       sun.reflect.ReflectionFactory::copyField (10 bytes)
Event: 2,628 Thread 0x00007ffb7c0cc000  726       1       java.lang.reflect.Field::getName (5 bytes)
Event: 2,628 Thread 0x00007ffb7c0cc000 nmethod 726 0x00007ffb6d2f3110 code [0x00007ffb6d2f3260, 0x00007ffb6d2f3370]
Event: 2,633 Thread 0x00007ffb7c0c5800 nmethod 725 0x00007ffb6d2f61d0 code [0x00007ffb6d2f6340, 0x00007ffb6d2f6538]
Event: 2,747 Thread 0x00007ffb7c0cc000  728       3       java.net.URLStreamHandler::toExternalForm (219 bytes)
Event: 2,752 Thread 0x00007ffb7c0cc000 nmethod 728 0x00007ffb6d2f90d0 code [0x00007ffb6d2f9440, 0x00007ffb6d2fca28]
Event: 2,752 Thread 0x00007ffb7c0cc000  729       3       java.net.URLClassLoader::defineClass (142 bytes)
Event: 2,756 Thread 0x00007ffb7c0cc000 nmethod 729 0x00007ffb6d2fe090 code [0x00007ffb6d2fe400, 0x00007ffb6d3006d8]

GC Heap History (0 events):
No events

Deoptimization events (0 events):
No events

Classes redefined (0 events):
No events

Internal exceptions (10 events):
Event: 0,898 Thread 0x00007ffb7c00c000 Exception <a 'java/security/PrivilegedActionException'> (0x000000076d61b250) thrown at [/build/openjdk-8-4TqvnK/openjdk-8-8u292-b10/src/hotspot/src/share/vm/prims/jvm.cpp, line 1521]
Event: 0,898 Thread 0x00007ffb7c00c000 Exception <a 'java/security/PrivilegedActionException'> (0x000000076d61d220) thrown at [/build/openjdk-8-4TqvnK/openjdk-8-8u292-b10/src/hotspot/src/share/vm/prims/jvm.cpp, line 1521]
Event: 0,898 Thread 0x00007ffb7c00c000 Exception <a 'java/security/PrivilegedActionException'> (0x000000076d61d430) thrown at [/build/openjdk-8-4TqvnK/openjdk-8-8u292-b10/src/hotspot/src/share/vm/prims/jvm.cpp, line 1521]
Event: 0,898 Thread 0x00007ffb7c00c000 Exception <a 'java/security/PrivilegedActionException'> (0x000000076d61f400) thrown at [/build/openjdk-8-4TqvnK/openjdk-8-8u292-b10/src/hotspot/src/share/vm/prims/jvm.cpp, line 1521]
Event: 0,898 Thread 0x00007ffb7c00c000 Exception <a 'java/security/PrivilegedActionException'> (0x000000076d61f610) thrown at [/build/openjdk-8-4TqvnK/openjdk-8-8u292-b10/src/hotspot/src/share/vm/prims/jvm.cpp, line 1521]
Event: 0,899 Thread 0x00007ffb7c00c000 Exception <a 'java/security/PrivilegedActionException'> (0x000000076d621540) thrown at [/build/openjdk-8-4TqvnK/openjdk-8-8u292-b10/src/hotspot/src/share/vm/prims/jvm.cpp, line 1521]
Event: 0,899 Thread 0x00007ffb7c00c000 Exception <a 'java/security/PrivilegedActionException'> (0x000000076d621750) thrown at [/build/openjdk-8-4TqvnK/openjdk-8-8u292-b10/src/hotspot/src/share/vm/prims/jvm.cpp, line 1521]
Event: 0,939 Thread 0x00007ffb7c00c000 Exception <a 'sun/nio/fs/UnixException'> (0x000000076d6e78e8) thrown at [/build/openjdk-8-4TqvnK/openjdk-8-8u292-b10/src/hotspot/src/share/vm/prims/jni.cpp, line 711]
Event: 1,458 Thread 0x00007ffb7c00c000 Exception <a 'sun/nio/fs/UnixException'> (0x000000076d7d7100) thrown at [/build/openjdk-8-4TqvnK/openjdk-8-8u292-b10/src/hotspot/src/share/vm/prims/jni.cpp, line 711]
Event: 1,463 Thread 0x00007ffb7c00c000 Exception <a 'sun/nio/fs/UnixException'> (0x000000076d7e1d60) thrown at [/build/openjdk-8-4TqvnK/openjdk-8-8u292-b10/src/hotspot/src/share/vm/prims/jni.cpp, line 711]

Events (10 events):
Event: 2,760 loading class org/joml/Vector2i
Event: 2,760 loading class org/joml/Vector2i done
Event: 2,762 loading class org/joml/Vector2ic
Event: 2,762 loading class org/joml/Vector2ic done
Event: 2,764 loading class org/joml/Quaternionf
Event: 2,764 loading class org/joml/Quaternionf done
Event: 2,767 loading class org/joml/Quaternionfc
Event: 2,767 loading class org/joml/Quaternionfc done
Event: 2,779 loading class org/joml/Math
Event: 2,779 loading class org/joml/Math done


Dynamic libraries:
40b64000-40c16000 rw-p 00000000 00:00 0 
40d0d000-40d0f000 r-xs 00000000 08:04 4849699                            /tmp/.glRtyYYM (deleted)
6c7000000-6d1700000 rw-p 00000000 00:00 0 
6d1700000-76d000000 ---p 00000000 00:00 0 
76d000000-772300000 rw-p 00000000 00:00 0 
772300000-7c0000000 ---p 00000000 00:00 0 
7c0000000-7c0100000 rw-p 00000000 00:00 0 
7c0100000-800000000 ---p 00000000 00:00 0 
555e0f7ad000-555e0f7ae000 r--p 00000000 08:04 221827                     /usr/lib/jvm/java-8-openjdk-amd64/jre/bin/java
555e0f7ae000-555e0f7af000 r-xp 00001000 08:04 221827                     /usr/lib/jvm/java-8-openjdk-amd64/jre/bin/java
555e0f7af000-555e0f7b0000 r--p 00002000 08:04 221827                     /usr/lib/jvm/java-8-openjdk-amd64/jre/bin/java
555e0f7b0000-555e0f7b1000 r--p 00002000 08:04 221827                     /usr/lib/jvm/java-8-openjdk-amd64/jre/bin/java
555e0f7b1000-555e0f7b2000 rw-p 00003000 08:04 221827                     /usr/lib/jvm/java-8-openjdk-amd64/jre/bin/java
555e11785000-555e117a6000 rw-p 00000000 00:00 0                          [heap]
7ffb14000000-7ffb14021000 rw-p 00000000 00:00 0 
7ffb14021000-7ffb18000000 ---p 00000000 00:00 0 
7ffb19f33000-7ffb19fb3000 rw-p 00000000 00:00 0 
7ffb19fb3000-7ffb1a133000 ---p 00000000 00:00 0 
7ffb1a133000-7ffb1a18b000 r-xp 00000000 08:04 5374131                    /tmp/lwjgldavid/3.2.3-build-13/liblwjgl_opengl.so
7ffb1a18b000-7ffb1a38a000 ---p 00058000 08:04 5374131                    /tmp/lwjgldavid/3.2.3-build-13/liblwjgl_opengl.so
7ffb1a38a000-7ffb1a38b000 r--p 00057000 08:04 5374131                    /tmp/lwjgldavid/3.2.3-build-13/liblwjgl_opengl.so
7ffb1a38b000-7ffb1a38c000 rw-p 00058000 08:04 5374131                    /tmp/lwjgldavid/3.2.3-build-13/liblwjgl_opengl.so
7ffb1a38c000-7ffb1b5ac000 r-xp 00000000 08:04 209815                     /usr/lib/x86_64-linux-gnu/libnvidia-glcore.so.418.211.00
7ffb1b5ac000-7ffb1b5cd000 rwxp 01220000 08:04 209815                     /usr/lib/x86_64-linux-gnu/libnvidia-glcore.so.418.211.00
7ffb1b5cd000-7ffb1bac3000 r-xp 01241000 08:04 209815                     /usr/lib/x86_64-linux-gnu/libnvidia-glcore.so.418.211.00
7ffb1bac3000-7ffb1bcc2000 ---p 01737000 08:04 209815                     /usr/lib/x86_64-linux-gnu/libnvidia-glcore.so.418.211.00
7ffb1bcc2000-7ffb1bfe9000 rw-p 01736000 08:04 209815                     /usr/lib/x86_64-linux-gnu/libnvidia-glcore.so.418.211.00
7ffb1bfe9000-7ffb1c000000 rw-p 00000000 00:00 0 
7ffb1c000000-7ffb1c21a000 rw-p 00000000 00:00 0 
7ffb1c21a000-7ffb20000000 ---p 00000000 00:00 0 
7ffb20000000-7ffb20021000 rw-p 00000000 00:00 0 
7ffb20021000-7ffb24000000 ---p 00000000 00:00 0 
7ffb24000000-7ffb24102000 rw-p 00000000 00:00 0 
7ffb24102000-7ffb28000000 ---p 00000000 00:00 0 
7ffb28000000-7ffb2823a000 rw-p 00000000 00:00 0 
7ffb2823a000-7ffb2c000000 ---p 00000000 00:00 0 
7ffb2c000000-7ffb2c021000 rw-p 00000000 00:00 0 
7ffb2c021000-7ffb30000000 ---p 00000000 00:00 0 
7ffb30000000-7ffb3025b000 rw-p 00000000 00:00 0 
7ffb3025b000-7ffb34000000 ---p 00000000 00:00 0 
7ffb34000000-7ffb34021000 rw-p 00000000 00:00 0 
7ffb34021000-7ffb38000000 ---p 00000000 00:00 0 
7ffb38000000-7ffb38021000 rw-p 00000000 00:00 0 
7ffb38021000-7ffb3c000000 ---p 00000000 00:00 0 
7ffb3c000000-7ffb3c021000 rw-p 00000000 00:00 0 
7ffb3c021000-7ffb40000000 ---p 00000000 00:00 0 
7ffb40000000-7ffb40021000 rw-p 00000000 00:00 0 
7ffb40021000-7ffb44000000 ---p 00000000 00:00 0 
7ffb4403c000-7ffb4423c000 rw-p 00000000 00:00 0 
7ffb4423c000-7ffb442bc000 rw-s 00000000 00:05 657                        /dev/nvidiactl
7ffb442bc000-7ffb4433c000 rw-s 00000000 00:05 657                        /dev/nvidiactl
7ffb4433c000-7ffb443bc000 rw-s 00000000 00:05 657                        /dev/nvidiactl
7ffb443bc000-7ffb444bc000 rw-s 00000000 00:05 657                        /dev/nvidiactl
7ffb444bc000-7ffb444dc000 rw-s 00000000 00:05 658                        /dev/nvidia0
7ffb444dc000-7ffb4451c000 rw-s 00000000 00:05 657                        /dev/nvidiactl
7ffb4451c000-7ffb4453c000 rw-s 00000000 00:05 657                        /dev/nvidiactl
7ffb4453c000-7ffb4457c000 rw-s 00000000 00:05 657                        /dev/nvidiactl
7ffb4457c000-7ffb4459c000 rw-s 00000000 00:05 657                        /dev/nvidiactl
7ffb4459c000-7ffb445a0000 r--p 00000000 08:04 205583                     /usr/lib/x86_64-linux-gnu/libdrm.so.2.4.0
7ffb445a0000-7ffb445aa000 r-xp 00004000 08:04 205583                     /usr/lib/x86_64-linux-gnu/libdrm.so.2.4.0
7ffb445aa000-7ffb445ae000 r--p 0000e000 08:04 205583                     /usr/lib/x86_64-linux-gnu/libdrm.so.2.4.0
7ffb445ae000-7ffb445af000 r--p 00011000 08:04 205583                     /usr/lib/x86_64-linux-gnu/libdrm.so.2.4.0
7ffb445af000-7ffb445b0000 rw-p 00012000 08:04 205583                     /usr/lib/x86_64-linux-gnu/libdrm.so.2.4.0
7ffb445b0000-7ffb446b5000 rw-s 00000000 00:05 657                        /dev/nvidiactl
7ffb446b5000-7ffb446b8000 r-xp 00000000 08:04 209820                     /usr/lib/x86_64-linux-gnu/libnvidia-tls.so.418.211.00
7ffb446b8000-7ffb448b8000 ---p 00003000 08:04 209820                     /usr/lib/x86_64-linux-gnu/libnvidia-tls.so.418.211.00
7ffb448b8000-7ffb448b9000 rw-p 00003000 08:04 209820                     /usr/lib/x86_64-linux-gnu/libnvidia-tls.so.418.211.00
7ffb448b9000-7ffb44983000 r-xp 00000000 08:04 209809                     /usr/lib/x86_64-linux-gnu/libGLX_nvidia.so.418.211.00
7ffb44983000-7ffb449b8000 rwxp 000ca000 08:04 209809                     /usr/lib/x86_64-linux-gnu/libGLX_nvidia.so.418.211.00
7ffb449b8000-7ffb449cc000 r-xp 000ff000 08:04 209809                     /usr/lib/x86_64-linux-gnu/libGLX_nvidia.so.418.211.00
7ffb449cc000-7ffb44bcb000 ---p 00113000 08:04 209809                     /usr/lib/x86_64-linux-gnu/libGLX_nvidia.so.418.211.00
7ffb44bcb000-7ffb44bf1000 rw-p 00112000 08:04 209809                     /usr/lib/x86_64-linux-gnu/libGLX_nvidia.so.418.211.00
7ffb44bf1000-7ffb44bf8000 rw-p 00000000 00:00 0 
7ffb44bf8000-7ffb44bfb000 r--p 00000000 08:04 211916                     /usr/lib/x86_64-linux-gnu/libGLX.so.0.0.0
7ffb44bfb000-7ffb44c16000 r-xp 00003000 08:04 211916                     /usr/lib/x86_64-linux-gnu/libGLX.so.0.0.0
7ffb44c16000-7ffb44c1a000 r--p 0001e000 08:04 211916                     /usr/lib/x86_64-linux-gnu/libGLX.so.0.0.0
7ffb44c1a000-7ffb44c1b000 r--p 00021000 08:04 211916                     /usr/lib/x86_64-linux-gnu/libGLX.so.0.0.0
7ffb44c1b000-7ffb44c1c000 rw-p 00022000 08:04 211916                     /usr/lib/x86_64-linux-gnu/libGLX.so.0.0.0
7ffb44c1c000-7ffb44c2c000 rw-p 00000000 00:00 0 
7ffb44c2c000-7ffb44c6c000 r--p 00000000 08:04 211921                     /usr/lib/x86_64-linux-gnu/libGLdispatch.so.0.0.0
7ffb44c6c000-7ffb44c6f000 r-xp 00040000 08:04 211921                     /usr/lib/x86_64-linux-gnu/libGLdispatch.so.0.0.0
7ffb44c6f000-7ffb44caa000 r-xp 00043000 08:04 211921                     /usr/lib/x86_64-linux-gnu/libGLdispatch.so.0.0.0
7ffb44caa000-7ffb44cab000 r-xp 0007e000 08:04 211921                     /usr/lib/x86_64-linux-gnu/libGLdispatch.so.0.0.0
7ffb44cab000-7ffb44cbf000 r--p 0007f000 08:04 211921                     /usr/lib/x86_64-linux-gnu/libGLdispatch.so.0.0.0
7ffb44cbf000-7ffb44cdb000 r--p 00092000 08:04 211921                     /usr/lib/x86_64-linux-gnu/libGLdispatch.so.0.0.0
7ffb44cdb000-7ffb44cdc000 rw-p 000ae000 08:04 211921                     /usr/lib/x86_64-linux-gnu/libGLdispatch.so.0.0.0
7ffb44cdc000-7ffb44ce4000 rw-p 00000000 00:00 0 
7ffb44ce4000-7ffb44d27000 r--p 00000000 08:04 211910                     /usr/lib/x86_64-linux-gnu/libGL.so.1.7.0
7ffb44d27000-7ffb44d2b000 r-xp 00043000 08:04 211910                     /usr/lib/x86_64-linux-gnu/libGL.so.1.7.0
7ffb44d2b000-7ffb44d46000 r-xp 00047000 08:04 211910                     /usr/lib/x86_64-linux-gnu/libGL.so.1.7.0
7ffb44d46000-7ffb44d47000 r-xp 00062000 08:04 211910                     /usr/lib/x86_64-linux-gnu/libGL.so.1.7.0
7ffb44d47000-7ffb44d5c000 r--p 00063000 08:04 211910                     /usr/lib/x86_64-linux-gnu/libGL.so.1.7.0
7ffb44d5c000-7ffb44d6a000 r--p 00077000 08:04 211910                     /usr/lib/x86_64-linux-gnu/libGL.so.1.7.0
7ffb44d6a000-7ffb44d6b000 rw-p 00085000 08:04 211910                     /usr/lib/x86_64-linux-gnu/libGL.so.1.7.0
7ffb44d6b000-7ffb44d6c000 rw-p 00000000 00:00 0 
7ffb44d6d000-7ffb44d6e000 r-xp 00000000 00:00 0 
7ffb44d6e000-7ffb44d81000 rw-s 00000000 00:05 657                        /dev/nvidiactl
7ffb44d81000-7ffb44d82000 r--p 00000000 08:04 210682                     /usr/lib/x86_64-linux-gnu/libX11-xcb.so.1.0.0
7ffb44d82000-7ffb44d83000 r-xp 00001000 08:04 210682                     /usr/lib/x86_64-linux-gnu/libX11-xcb.so.1.0.0
7ffb44d83000-7ffb44d84000 r--p 00002000 08:04 210682                     /usr/lib/x86_64-linux-gnu/libX11-xcb.so.1.0.0
7ffb44d84000-7ffb44d85000 r--p 00002000 08:04 210682                     /usr/lib/x86_64-linux-gnu/libX11-xcb.so.1.0.0
7ffb44d85000-7ffb44d86000 rw-p 00003000 08:04 210682                     /usr/lib/x86_64-linux-gnu/libX11-xcb.so.1.0.0
7ffb44d86000-7ffb44d87000 r--p 00000000 08:04 211965                     /usr/lib/x86_64-linux-gnu/libXinerama.so.1.0.0
7ffb44d87000-7ffb44d88000 r-xp 00001000 08:04 211965                     /usr/lib/x86_64-linux-gnu/libXinerama.so.1.0.0
7ffb44d88000-7ffb44d89000 r--p 00002000 08:04 211965                     /usr/lib/x86_64-linux-gnu/libXinerama.so.1.0.0
7ffb44d89000-7ffb44d8a000 r--p 00002000 08:04 211965                     /usr/lib/x86_64-linux-gnu/libXinerama.so.1.0.0
7ffb44d8a000-7ffb44d8b000 rw-p 00003000 08:04 211965                     /usr/lib/x86_64-linux-gnu/libXinerama.so.1.0.0
7ffb44d8b000-7ffb44d8d000 r--p 00000000 08:04 211957                     /usr/lib/x86_64-linux-gnu/libXfixes.so.3.1.0
7ffb44d8d000-7ffb44d90000 r-xp 00002000 08:04 211957                     /usr/lib/x86_64-linux-gnu/libXfixes.so.3.1.0
7ffb44d90000-7ffb44d91000 r--p 00005000 08:04 211957                     /usr/lib/x86_64-linux-gnu/libXfixes.so.3.1.0
7ffb44d91000-7ffb44d92000 r--p 00005000 08:04 211957                     /usr/lib/x86_64-linux-gnu/libXfixes.so.3.1.0
7ffb44d92000-7ffb44d93000 rw-p 00006000 08:04 211957                     /usr/lib/x86_64-linux-gnu/libXfixes.so.3.1.0
7ffb44d93000-7ffb44d96000 r--p 00000000 08:04 211949                     /usr/lib/x86_64-linux-gnu/libXcursor.so.1.0.2
7ffb44d96000-7ffb44d9c000 r-xp 00003000 08:04 211949                     /usr/lib/x86_64-linux-gnu/libXcursor.so.1.0.2
7ffb44d9c000-7ffb44d9e000 r--p 00009000 08:04 211949                     /usr/lib/x86_64-linux-gnu/libXcursor.so.1.0.2
7ffb44d9e000-7ffb44d9f000 r--p 0000a000 08:04 211949                     /usr/lib/x86_64-linux-gnu/libXcursor.so.1.0.2
7ffb44d9f000-7ffb44da0000 rw-p 0000b000 08:04 211949                     /usr/lib/x86_64-linux-gnu/libXcursor.so.1.0.2
7ffb44da0000-7ffb44da9000 r-xp 00000000 08:04 211975                     /usr/lib/x86_64-linux-gnu/libXrender.so.1.3.0
7ffb44da9000-7ffb44fa8000 ---p 00009000 08:04 211975                     /usr/lib/x86_64-linux-gnu/libXrender.so.1.3.0
7ffb44fa8000-7ffb44fa9000 r--p 00008000 08:04 211975                     /usr/lib/x86_64-linux-gnu/libXrender.so.1.3.0
7ffb44fa9000-7ffb44faa000 rw-p 00009000 08:04 211975                     /usr/lib/x86_64-linux-gnu/libXrender.so.1.3.0
7ffb44faa000-7ffb44fac000 r--p 00000000 08:04 211973                     /usr/lib/x86_64-linux-gnu/libXrandr.so.2.2.0
7ffb44fac000-7ffb44fb3000 r-xp 00002000 08:04 211973                     /usr/lib/x86_64-linux-gnu/libXrandr.so.2.2.0
7ffb44fb3000-7ffb44fb5000 r--p 00009000 08:04 211973                     /usr/lib/x86_64-linux-gnu/libXrandr.so.2.2.0
7ffb44fb5000-7ffb44fb6000 r--p 0000a000 08:04 211973                     /usr/lib/x86_64-linux-gnu/libXrandr.so.2.2.0
7ffb44fb6000-7ffb44fb7000 rw-p 0000b000 08:04 211973                     /usr/lib/x86_64-linux-gnu/libXrandr.so.2.2.0
7ffb44fb7000-7ffb44fb9000 r--p 00000000 08:04 211963                     /usr/lib/x86_64-linux-gnu/libXi.so.6.1.0
7ffb44fb9000-7ffb44fc4000 r-xp 00002000 08:04 211963                     /usr/lib/x86_64-linux-gnu/libXi.so.6.1.0
7ffb44fc4000-7ffb44fc7000 r--p 0000d000 08:04 211963                     /usr/lib/x86_64-linux-gnu/libXi.so.6.1.0
7ffb44fc7000-7ffb44fc8000 r--p 0000f000 08:04 211963                     /usr/lib/x86_64-linux-gnu/libXi.so.6.1.0
7ffb44fc8000-7ffb44fc9000 rw-p 00010000 08:04 211963                     /usr/lib/x86_64-linux-gnu/libXi.so.6.1.0
7ffb44fc9000-7ffb44fcd000 r--p 00000000 08:04 211955                     /usr/lib/x86_64-linux-gnu/libXext.so.6.4.0
7ffb44fcd000-7ffb44fd8000 r-xp 00004000 08:04 211955                     /usr/lib/x86_64-linux-gnu/libXext.so.6.4.0
7ffb44fd8000-7ffb44fdc000 r--p 0000f000 08:04 211955                     /usr/lib/x86_64-linux-gnu/libXext.so.6.4.0
7ffb44fdc000-7ffb44fdd000 r--p 00012000 08:04 211955                     /usr/lib/x86_64-linux-gnu/libXext.so.6.4.0
7ffb44fdd000-7ffb44fde000 rw-p 00013000 08:04 211955                     /usr/lib/x86_64-linux-gnu/libXext.so.6.4.0
7ffb44fde000-7ffb44fdf000 r--p 00000000 08:04 211991                     /usr/lib/x86_64-linux-gnu/libXxf86vm.so.1.0.0
7ffb44fdf000-7ffb44fe2000 r-xp 00001000 08:04 211991                     /usr/lib/x86_64-linux-gnu/libXxf86vm.so.1.0.0
7ffb44fe2000-7ffb44fe3000 r--p 00004000 08:04 211991                     /usr/lib/x86_64-linux-gnu/libXxf86vm.so.1.0.0
7ffb44fe3000-7ffb44fe4000 r--p 00004000 08:04 211991                     /usr/lib/x86_64-linux-gnu/libXxf86vm.so.1.0.0
7ffb44fe4000-7ffb44fe5000 rw-p 00005000 08:04 211991                     /usr/lib/x86_64-linux-gnu/libXxf86vm.so.1.0.0
7ffb44fe5000-7ffb44fe9000 r--p 00000000 08:04 212109                     /usr/lib/x86_64-linux-gnu/libbsd.so.0.10.0
7ffb44fe9000-7ffb44ff8000 r-xp 00004000 08:04 212109                     /usr/lib/x86_64-linux-gnu/libbsd.so.0.10.0
7ffb44ff8000-7ffb44ffb000 r--p 00013000 08:04 212109                     /usr/lib/x86_64-linux-gnu/libbsd.so.0.10.0
7ffb44ffb000-7ffb44ffc000 ---p 00016000 08:04 212109                     /usr/lib/x86_64-linux-gnu/libbsd.so.0.10.0
7ffb44ffc000-7ffb44ffd000 r--p 00016000 08:04 212109                     /usr/lib/x86_64-linux-gnu/libbsd.so.0.10.0
7ffb44ffd000-7ffb44ffe000 rw-p 00017000 08:04 212109                     /usr/lib/x86_64-linux-gnu/libbsd.so.0.10.0
7ffb44ffe000-7ffb44fff000 rw-p 00000000 00:00 0 
7ffb44fff000-7ffb45001000 r--p 00000000 08:04 211953                     /usr/lib/x86_64-linux-gnu/libXdmcp.so.6.0.0
7ffb45001000-7ffb45003000 r-xp 00002000 08:04 211953                     /usr/lib/x86_64-linux-gnu/libXdmcp.so.6.0.0
7ffb45003000-7ffb45005000 r--p 00004000 08:04 211953                     /usr/lib/x86_64-linux-gnu/libXdmcp.so.6.0.0
7ffb45005000-7ffb45006000 r--p 00005000 08:04 211953                     /usr/lib/x86_64-linux-gnu/libXdmcp.so.6.0.0
7ffb45006000-7ffb45007000 rw-p 00006000 08:04 211953                     /usr/lib/x86_64-linux-gnu/libXdmcp.so.6.0.0
7ffb45007000-7ffb45008000 r--p 00000000 08:04 211942                     /usr/lib/x86_64-linux-gnu/libXau.so.6.0.0
7ffb45008000-7ffb4500a000 r-xp 00001000 08:04 211942                     /usr/lib/x86_64-linux-gnu/libXau.so.6.0.0
7ffb4500a000-7ffb4500b000 r--p 00003000 08:04 211942                     /usr/lib/x86_64-linux-gnu/libXau.so.6.0.0
7ffb4500b000-7ffb4500c000 r--p 00003000 08:04 211942                     /usr/lib/x86_64-linux-gnu/libXau.so.6.0.0
7ffb4500c000-7ffb4500d000 rw-p 00004000 08:04 211942                     /usr/lib/x86_64-linux-gnu/libXau.so.6.0.0
7ffb4500d000-7ffb45018000 r--p 00000000 08:04 213403                     /usr/lib/x86_64-linux-gnu/libxcb.so.1.1.0
7ffb45018000-7ffb4502c000 r-xp 0000b000 08:04 213403                     /usr/lib/x86_64-linux-gnu/libxcb.so.1.1.0
7ffb4502c000-7ffb45035000 r--p 0001f000 08:04 213403                     /usr/lib/x86_64-linux-gnu/libxcb.so.1.1.0
7ffb45035000-7ffb45036000 r--p 00027000 08:04 213403                     /usr/lib/x86_64-linux-gnu/libxcb.so.1.1.0
7ffb45036000-7ffb45037000 rw-p 00028000 08:04 213403                     /usr/lib/x86_64-linux-gnu/libxcb.so.1.1.0
7ffb45037000-7ffb4504f000 r--p 00000000 08:04 210675                     /usr/lib/x86_64-linux-gnu/libX11.so.6.3.0
7ffb4504f000-7ffb450da000 r-xp 00018000 08:04 210675                     /usr/lib/x86_64-linux-gnu/libX11.so.6.3.0
7ffb450da000-7ffb4516e000 r--p 000a3000 08:04 210675                     /usr/lib/x86_64-linux-gnu/libX11.so.6.3.0
7ffb4516e000-7ffb4516f000 ---p 00137000 08:04 210675                     /usr/lib/x86_64-linux-gnu/libX11.so.6.3.0
7ffb4516f000-7ffb45170000 r--p 00137000 08:04 210675                     /usr/lib/x86_64-linux-gnu/libX11.so.6.3.0
7ffb45170000-7ffb45174000 rw-p 00138000 08:04 210675                     /usr/lib/x86_64-linux-gnu/libX11.so.6.3.0
7ffb45174000-7ffb45177000 r-xp 00000000 00:00 0 
7ffb45177000-7ffb45179000 rw-s 00000000 08:04 4849699                    /tmp/.glRtyYYM (deleted)
7ffb45179000-7ffb4517a000 rw-s 00000000 00:05 657                        /dev/nvidiactl
7ffb4517a000-7ffb4517e000 rw-s 00000000 00:05 657                        /dev/nvidiactl
7ffb4517e000-7ffb4517f000 rw-s 00000000 00:05 658                        /dev/nvidia0
7ffb4517f000-7ffb45180000 rw-s 00000000 00:05 658                        /dev/nvidia0
7ffb45180000-7ffb45181000 rw-s 00000000 00:05 657                        /dev/nvidiactl
7ffb45181000-7ffb45182000 rw-s 00000000 00:05 657                        /dev/nvidiactl
7ffb45182000-7ffb45189000 r--s 00000000 08:04 394623                     /usr/lib/x86_64-linux-gnu/gconv/gconv-modules.cache
7ffb45189000-7ffb451cc000 r-xp 00000000 08:04 5374129                    /tmp/lwjgldavid/3.2.3-build-13/libglfw.so
7ffb451cc000-7ffb453cb000 ---p 00043000 08:04 5374129                    /tmp/lwjgldavid/3.2.3-build-13/libglfw.so
7ffb453cb000-7ffb453cc000 r--p 00042000 08:04 5374129                    /tmp/lwjgldavid/3.2.3-build-13/libglfw.so
7ffb453cc000-7ffb453ce000 rw-p 00043000 08:04 5374129                    /tmp/lwjgldavid/3.2.3-build-13/libglfw.so
7ffb453ce000-7ffb453ef000 rw-p 00000000 00:00 0 
7ffb453ef000-7ffb453f0000 r-xp 00000000 00:00 0 
7ffb453f0000-7ffb453f3000 r--s 000a5000 08:04 4849709                    /home/david/Documents/GitLab/my-aweasome-2d-game-engine/.gradle/caches/modules-2/files-2.1/org.joml/joml/1.10.1/9825ac51cb8d274e23d4ad685b355e87afdaff06/joml-1.10.1.jar
7ffb453f3000-7ffb45444000 r-xp 00000000 08:04 5374128                    /tmp/lwjgldavid/3.2.3-build-13/liblwjgl.so
7ffb45444000-7ffb45643000 ---p 00051000 08:04 5374128                    /tmp/lwjgldavid/3.2.3-build-13/liblwjgl.so
7ffb45643000-7ffb45644000 r--p 00050000 08:04 5374128                    /tmp/lwjgldavid/3.2.3-build-13/liblwjgl.so
7ffb45644000-7ffb45645000 rw-p 00051000 08:04 5374128                    /tmp/lwjgldavid/3.2.3-build-13/liblwjgl.so
7ffb45645000-7ffb45646000 r--s 00012000 08:04 4849891                    /home/david/Documents/GitLab/my-aweasome-2d-game-engine/.gradle/caches/modules-2/files-2.1/org.lwjgl/lwjgl/3.2.3/3d9d36c93446c7a1c90bc7aec8fa89c7988bf82b/lwjgl-3.2.3-natives-linux.jar
7ffb45646000-7ffb45659000 r--s 0034b000 08:04 659787                     /usr/lib/jvm/java-8-openjdk-amd64/jre/lib/resources.jar
7ffb45659000-7ffb45660000 r--s 00081000 08:04 4849888                    /home/david/Documents/GitLab/my-aweasome-2d-game-engine/.gradle/caches/modules-2/files-2.1/org.lwjgl/lwjgl/3.2.3/17a59ba0fe8d474ec9dbe0d5db40d2cfe59c4c08/lwjgl-3.2.3.jar
7ffb45660000-7ffb45661000 r--s 00030000 08:04 4849890                    /home/david/Documents/GitLab/my-aweasome-2d-game-engine/.gradle/caches/modules-2/files-2.1/org.lwjgl/lwjgl-stb/3.2.3/189950254d81e9214b39cc656163541bf1accbba/lwjgl-stb-3.2.3-natives-linux.jar
7ffb45661000-7ffb45663000 r--s 00018000 08:04 4849887                    /home/david/Documents/GitLab/my-aweasome-2d-game-engine/.gradle/caches/modules-2/files-2.1/org.lwjgl/lwjgl-stb/3.2.3/40eccaa4fa86fc815f2e17946a392fb5fdcc286a/lwjgl-stb-3.2.3.jar
7ffb45663000-7ffb45664000 r--s 00013000 08:04 4849896                    /home/david/Documents/GitLab/my-aweasome-2d-game-engine/.gradle/caches/modules-2/files-2.1/org.lwjgl/lwjgl-opengl/3.2.3/7f14db5da9aa7951efe88993f519d7d38ad6e46b/lwjgl-opengl-3.2.3-natives-linux.jar
7ffb45664000-7ffb4566f000 r--s 000da000 08:04 4849885                    /home/david/Documents/GitLab/my-aweasome-2d-game-engine/.gradle/caches/modules-2/files-2.1/org.lwjgl/lwjgl-opengl/3.2.3/bdd534a323d0c8f54969b95e424b6ac8984f7d6e/lwjgl-opengl-3.2.3.jar
7ffb4566f000-7ffb456a0000 rw-p 00000000 00:00 0 
7ffb456a0000-7ffb456a5000 r--p 00000000 08:04 659766                     /usr/lib/jvm/java-8-openjdk-amd64/jre/lib/amd64/libnet.so
7ffb456a5000-7ffb456b6000 r-xp 00005000 08:04 659766                     /usr/lib/jvm/java-8-openjdk-amd64/jre/lib/amd64/libnet.so
7ffb456b6000-7ffb456ba000 r--p 00016000 08:04 659766                     /usr/lib/jvm/java-8-openjdk-amd64/jre/lib/amd64/libnet.so
7ffb456ba000-7ffb456bb000 r--p 00019000 08:04 659766                     /usr/lib/jvm/java-8-openjdk-amd64/jre/lib/amd64/libnet.so
7ffb456bb000-7ffb456bc000 rw-p 0001a000 08:04 659766                     /usr/lib/jvm/java-8-openjdk-amd64/jre/lib/amd64/libnet.so
7ffb456bc000-7ffb456c3000 r--p 00000000 08:04 659767                     /usr/lib/jvm/java-8-openjdk-amd64/jre/lib/amd64/libnio.so
7ffb456c3000-7ffb456cc000 r-xp 00007000 08:04 659767                     /usr/lib/jvm/java-8-openjdk-amd64/jre/lib/amd64/libnio.so
7ffb456cc000-7ffb456cf000 r--p 00010000 08:04 659767                     /usr/lib/jvm/java-8-openjdk-amd64/jre/lib/amd64/libnio.so
7ffb456cf000-7ffb456d0000 r--p 00012000 08:04 659767                     /usr/lib/jvm/java-8-openjdk-amd64/jre/lib/amd64/libnio.so
7ffb456d0000-7ffb456d1000 rw-p 00013000 08:04 659767                     /usr/lib/jvm/java-8-openjdk-amd64/jre/lib/amd64/libnio.so
7ffb456d1000-7ffb456ec000 r--s 00394000 08:04 921950                     /usr/lib/jvm/java-8-openjdk-amd64/jre/lib/ext/cldrdata.jar
7ffb456ec000-7ffb45707000 r--s 001d6000 08:04 921955                     /usr/lib/jvm/java-8-openjdk-amd64/jre/lib/ext/nashorn.jar
7ffb45707000-7ffb45708000 ---p 00000000 00:00 0 
7ffb45708000-7ffb45808000 rw-p 00000000 00:00 0 
7ffb45808000-7ffb4580b000 ---p 00000000 00:00 0 
7ffb4580b000-7ffb45909000 rw-p 00000000 00:00 0 
7ffb45909000-7ffb4590a000 ---p 00000000 00:00 0 
7ffb4590a000-7ffb4590d000 ---p 00000000 00:00 0 
7ffb4590d000-7ffb45a0a000 rw-p 00000000 00:00 0 
7ffb45a0a000-7ffb45a0b000 ---p 00000000 00:00 0 
7ffb45a0b000-7ffb45a0e000 ---p 00000000 00:00 0 
7ffb45a0e000-7ffb45b0b000 rw-p 00000000 00:00 0 
7ffb45b0b000-7ffb45b0c000 ---p 00000000 00:00 0 
7ffb45b0c000-7ffb45b0f000 ---p 00000000 00:00 0 
7ffb45b0f000-7ffb45c0c000 rw-p 00000000 00:00 0 
7ffb45c0c000-7ffb45c0d000 ---p 00000000 00:00 0 
7ffb45c0d000-7ffb45c10000 ---p 00000000 00:00 0 
7ffb45c10000-7ffb45d0d000 rw-p 00000000 00:00 0 
7ffb45d0d000-7ffb45d10000 ---p 00000000 00:00 0 
7ffb45d10000-7ffb45e0e000 rw-p 00000000 00:00 0 
7ffb45e0e000-7ffb46bec000 r--p 00000000 08:04 211133                     /usr/lib/locale/locale-archive
7ffb46bec000-7ffb46bef000 ---p 00000000 00:00 0 
7ffb46bef000-7ffb46ced000 rw-p 00000000 00:00 0 
7ffb46ced000-7ffb46cf0000 ---p 00000000 00:00 0 
7ffb46cf0000-7ffb46dee000 rw-p 00000000 00:00 0 
7ffb46dee000-7ffb46def000 ---p 00000000 00:00 0 
7ffb46def000-7ffb48000000 rw-p 00000000 00:00 0 
7ffb48000000-7ffb48021000 rw-p 00000000 00:00 0 
7ffb48021000-7ffb4c000000 ---p 00000000 00:00 0 
7ffb4c000000-7ffb4c001000 r--s 00090000 08:04 4849892                    /home/david/Documents/GitLab/my-aweasome-2d-game-engine/.gradle/caches/modules-2/files-2.1/org.lwjgl/lwjgl-openal/3.2.3/869ddd9dbbf92a7d1be7f5942ca0adbde068d999/lwjgl-openal-3.2.3-natives-linux.jar
7ffb4c001000-7ffb4c003000 r--s 00012000 08:04 4849883                    /home/david/Documents/GitLab/my-aweasome-2d-game-engine/.gradle/caches/modules-2/files-2.1/org.lwjgl/lwjgl-openal/3.2.3/106742e805803ab9eab8e343f0fb31a3d263903c/lwjgl-openal-3.2.3.jar
7ffb4c003000-7ffb4c004000 r--s 00001000 08:04 4849895                    /home/david/Documents/GitLab/my-aweasome-2d-game-engine/.gradle/caches/modules-2/files-2.1/org.lwjgl/lwjgl-nfd/3.2.3/e473f9c4814eb3e3cb8a8235266b10fee8063d09/lwjgl-nfd-3.2.3-natives-linux.jar
7ffb4c004000-7ffb4c006000 r--s 00001000 08:04 4849884                    /home/david/Documents/GitLab/my-aweasome-2d-game-engine/.gradle/caches/modules-2/files-2.1/org.lwjgl/lwjgl-nfd/3.2.3/c44fee1043c022cf6614a28872d44cf114ca7737/lwjgl-nfd-3.2.3.jar
7ffb4c006000-7ffb4c009000 r--s 00018000 08:04 4849889                    /home/david/Documents/GitLab/my-aweasome-2d-game-engine/.gradle/caches/modules-2/files-2.1/org.lwjgl/lwjgl-glfw/3.2.3/5e520d5c290c8b012545a8d34fa5db5ab051ea53/lwjgl-glfw-3.2.3.jar
7ffb4c009000-7ffb4c00b000 r--s 003ff000 08:04 4849893                    /home/david/Documents/GitLab/my-aweasome-2d-game-engine/.gradle/caches/modules-2/files-2.1/org.lwjgl/lwjgl-assimp/3.2.3/9ecc218db17c49f2819a5a80dee7efea65a9ac4f/lwjgl-assimp-3.2.3-natives-linux.jar
7ffb4c00b000-7ffb4c00f000 r--s 00040000 08:04 921958                     /usr/lib/jvm/java-8-openjdk-amd64/jre/lib/ext/sunpkcs11.jar
7ffb4c00f000-7ffb4c01a000 r--s 00116000 08:04 921954                     /usr/lib/jvm/java-8-openjdk-amd64/jre/lib/ext/localedata.jar
7ffb4c01a000-7ffb54000000 rw-p 00000000 00:00 0 
7ffb54000000-7ffb54021000 rw-p 00000000 00:00 0 
7ffb54021000-7ffb58000000 ---p 00000000 00:00 0 
7ffb58000000-7ffb58021000 rw-p 00000000 00:00 0 
7ffb58021000-7ffb5c000000 ---p 00000000 00:00 0 
7ffb5c000000-7ffb5c021000 rw-p 00000000 00:00 0 
7ffb5c021000-7ffb60000000 ---p 00000000 00:00 0 
7ffb60000000-7ffb60021000 rw-p 00000000 00:00 0 
7ffb60021000-7ffb64000000 ---p 00000000 00:00 0 
7ffb64000000-7ffb64021000 rw-p 00000000 00:00 0 
7ffb64021000-7ffb68000000 ---p 00000000 00:00 0 
7ffb68000000-7ffb68021000 rw-p 00000000 00:00 0 
7ffb68021000-7ffb6c000000 ---p 00000000 00:00 0 
7ffb6c000000-7ffb6c003000 r--s 00033000 08:04 4849886                    /home/david/Documents/GitLab/my-aweasome-2d-game-engine/.gradle/caches/modules-2/files-2.1/org.lwjgl/lwjgl-assimp/3.2.3/f62aa07a20afbdd3097efc296c4841e0d29700eb/lwjgl-assimp-3.2.3.jar
7ffb6c003000-7ffb6c006000 r--s 0000f000 08:04 921952                     /usr/lib/jvm/java-8-openjdk-amd64/jre/lib/ext/icedtea-sound.jar
7ffb6c006000-7ffb6d000000 rw-p 00000000 00:00 0 
7ffb6d000000-7ffb6d310000 rwxp 00000000 00:00 0 
7ffb6d310000-7ffb7c000000 ---p 00000000 00:00 0 
7ffb7c000000-7ffb7cde6000 rw-p 00000000 00:00 0 
7ffb7cde6000-7ffb80000000 ---p 00000000 00:00 0 
7ffb80000000-7ffb80002000 r--s 00008000 08:04 921956                     /usr/lib/jvm/java-8-openjdk-amd64/jre/lib/ext/sunec.jar
7ffb80002000-7ffb80004000 r--s 0000c000 08:04 525656                     /usr/share/java/java-atk-wrapper.jar
7ffb80004000-7ffb80006000 r--s 00001000 08:04 921951                     /usr/lib/jvm/java-8-openjdk-amd64/jre/lib/ext/dnsns.jar
7ffb80006000-7ffb80008000 r--s 00010000 08:04 921959                     /usr/lib/jvm/java-8-openjdk-amd64/jre/lib/ext/zipfs.jar
7ffb80008000-7ffb8000e000 r--s 0003d000 08:04 921957                     /usr/lib/jvm/java-8-openjdk-amd64/jre/lib/ext/sunjce_provider.jar
7ffb8000e000-7ffb80014000 r--s 000d3000 08:04 659782                     /usr/lib/jvm/java-8-openjdk-amd64/jre/lib/jfr.jar
7ffb80014000-7ffb80035000 rw-p 00000000 00:00 0 
7ffb80035000-7ffb80206000 r--s 03ca5000 08:04 659788                     /usr/lib/jvm/java-8-openjdk-amd64/jre/lib/rt.jar
7ffb80206000-7ffb80b15000 rw-p 00000000 00:00 0 
7ffb80b15000-7ffb80b16000 ---p 00000000 00:00 0 
7ffb80b16000-7ffb80c16000 rw-p 00000000 00:00 0 
7ffb80c16000-7ffb80c17000 ---p 00000000 00:00 0 
7ffb80c17000-7ffb80d17000 rw-p 00000000 00:00 0 
7ffb80d17000-7ffb80d18000 ---p 00000000 00:00 0 
7ffb80d18000-7ffb80e18000 rw-p 00000000 00:00 0 
7ffb80e18000-7ffb80e19000 ---p 00000000 00:00 0 
7ffb80e19000-7ffb80f19000 rw-p 00000000 00:00 0 
7ffb80f19000-7ffb80f1a000 ---p 00000000 00:00 0 
7ffb80f1a000-7ffb8101a000 rw-p 00000000 00:00 0 
7ffb8101a000-7ffb8101b000 ---p 00000000 00:00 0 
7ffb8101b000-7ffb8111b000 rw-p 00000000 00:00 0 
7ffb8111b000-7ffb8111c000 ---p 00000000 00:00 0 
7ffb8111c000-7ffb8121c000 rw-p 00000000 00:00 0 
7ffb8121c000-7ffb8121d000 ---p 00000000 00:00 0 
7ffb8121d000-7ffb81371000 rw-p 00000000 00:00 0 
7ffb81371000-7ffb8184d000 ---p 00000000 00:00 0 
7ffb8184d000-7ffb818a1000 rw-p 00000000 00:00 0 
7ffb818a1000-7ffb81d7d000 ---p 00000000 00:00 0 
7ffb81d7d000-7ffb81da7000 rw-p 00000000 00:00 0 
7ffb81da7000-7ffb82015000 ---p 00000000 00:00 0 
7ffb82015000-7ffb82023000 rw-p 00000000 00:00 0 
7ffb82023000-7ffb823d6000 ---p 00000000 00:00 0 
7ffb823d6000-7ffb823d9000 r--p 00000000 08:04 212871                     /usr/lib/x86_64-linux-gnu/libnss_files-2.31.so
7ffb823d9000-7ffb823e0000 r-xp 00003000 08:04 212871                     /usr/lib/x86_64-linux-gnu/libnss_files-2.31.so
7ffb823e0000-7ffb823e2000 r--p 0000a000 08:04 212871                     /usr/lib/x86_64-linux-gnu/libnss_files-2.31.so
7ffb823e2000-7ffb823e3000 r--p 0000b000 08:04 212871                     /usr/lib/x86_64-linux-gnu/libnss_files-2.31.so
7ffb823e3000-7ffb823e4000 rw-p 0000c000 08:04 212871                     /usr/lib/x86_64-linux-gnu/libnss_files-2.31.so
7ffb823e4000-7ffb823ea000 rw-p 00000000 00:00 0 
7ffb823ea000-7ffb823eb000 r--s 00026000 08:04 4849894                    /home/david/Documents/GitLab/my-aweasome-2d-game-engine/.gradle/caches/modules-2/files-2.1/org.lwjgl/lwjgl-glfw/3.2.3/62b044d9b0a057444bef2ab70b9afc288ec09dba/lwjgl-glfw-3.2.3-natives-linux.jar
7ffb823eb000-7ffb823ee000 r--p 00000000 08:04 659774                     /usr/lib/jvm/java-8-openjdk-amd64/jre/lib/amd64/libzip.so
7ffb823ee000-7ffb823f3000 r-xp 00003000 08:04 659774                     /usr/lib/jvm/java-8-openjdk-amd64/jre/lib/amd64/libzip.so
7ffb823f3000-7ffb823f5000 r--p 00008000 08:04 659774                     /usr/lib/jvm/java-8-openjdk-amd64/jre/lib/amd64/libzip.so
7ffb823f5000-7ffb823f6000 r--p 00009000 08:04 659774                     /usr/lib/jvm/java-8-openjdk-amd64/jre/lib/amd64/libzip.so
7ffb823f6000-7ffb823f7000 rw-p 0000a000 08:04 659774                     /usr/lib/jvm/java-8-openjdk-amd64/jre/lib/amd64/libzip.so
7ffb823f7000-7ffb823ff000 rw-s 00000000 08:04 5374125                    /tmp/hsperfdata_david/107274
7ffb823ff000-7ffb8240c000 r--p 00000000 08:04 659755                     /usr/lib/jvm/java-8-openjdk-amd64/jre/lib/amd64/libjava.so
7ffb8240c000-7ffb82424000 r-xp 0000d000 08:04 659755                     /usr/lib/jvm/java-8-openjdk-amd64/jre/lib/amd64/libjava.so
7ffb82424000-7ffb8242b000 r--p 00025000 08:04 659755                     /usr/lib/jvm/java-8-openjdk-amd64/jre/lib/amd64/libjava.so
7ffb8242b000-7ffb8242c000 r--p 0002b000 08:04 659755                     /usr/lib/jvm/java-8-openjdk-amd64/jre/lib/amd64/libjava.so
7ffb8242c000-7ffb8242e000 rw-p 0002c000 08:04 659755                     /usr/lib/jvm/java-8-openjdk-amd64/jre/lib/amd64/libjava.so
7ffb8242e000-7ffb82431000 r--p 00000000 08:04 213073                     /usr/lib/x86_64-linux-gnu/librt-2.31.so
7ffb82431000-7ffb82435000 r-xp 00003000 08:04 213073                     /usr/lib/x86_64-linux-gnu/librt-2.31.so
7ffb82435000-7ffb82436000 r--p 00007000 08:04 213073                     /usr/lib/x86_64-linux-gnu/librt-2.31.so
7ffb82436000-7ffb82437000 ---p 00008000 08:04 213073                     /usr/lib/x86_64-linux-gnu/librt-2.31.so
7ffb82437000-7ffb82438000 r--p 00008000 08:04 213073                     /usr/lib/x86_64-linux-gnu/librt-2.31.so
7ffb82438000-7ffb82439000 rw-p 00009000 08:04 213073                     /usr/lib/x86_64-linux-gnu/librt-2.31.so
7ffb82439000-7ffb8243a000 ---p 00000000 00:00 0 
7ffb8243a000-7ffb8243d000 ---p 00000000 00:00 0 
7ffb8243d000-7ffb8253a000 rw-p 00000000 00:00 0 
7ffb8253a000-7ffb8253d000 r--p 00000000 08:04 205754                     /usr/lib/x86_64-linux-gnu/libgcc_s.so.1
7ffb8253d000-7ffb8254f000 r-xp 00003000 08:04 205754                     /usr/lib/x86_64-linux-gnu/libgcc_s.so.1
7ffb8254f000-7ffb82553000 r--p 00015000 08:04 205754                     /usr/lib/x86_64-linux-gnu/libgcc_s.so.1
7ffb82553000-7ffb82554000 r--p 00018000 08:04 205754                     /usr/lib/x86_64-linux-gnu/libgcc_s.so.1
7ffb82554000-7ffb82555000 rw-p 00019000 08:04 205754                     /usr/lib/x86_64-linux-gnu/libgcc_s.so.1
7ffb82555000-7ffb82564000 r--p 00000000 08:04 212747                     /usr/lib/x86_64-linux-gnu/libm-2.31.so
7ffb82564000-7ffb8260b000 r-xp 0000f000 08:04 212747                     /usr/lib/x86_64-linux-gnu/libm-2.31.so
7ffb8260b000-7ffb826a2000 r--p 000b6000 08:04 212747                     /usr/lib/x86_64-linux-gnu/libm-2.31.so
7ffb826a2000-7ffb826a3000 r--p 0014c000 08:04 212747                     /usr/lib/x86_64-linux-gnu/libm-2.31.so
7ffb826a3000-7ffb826a4000 rw-p 0014d000 08:04 212747                     /usr/lib/x86_64-linux-gnu/libm-2.31.so
7ffb826a4000-7ffb8273a000 r--p 00000000 08:04 205755                     /usr/lib/x86_64-linux-gnu/libstdc++.so.6.0.28
7ffb8273a000-7ffb8282b000 r-xp 00096000 08:04 205755                     /usr/lib/x86_64-linux-gnu/libstdc++.so.6.0.28
7ffb8282b000-7ffb82874000 r--p 00187000 08:04 205755                     /usr/lib/x86_64-linux-gnu/libstdc++.so.6.0.28
7ffb82874000-7ffb82875000 ---p 001d0000 08:04 205755                     /usr/lib/x86_64-linux-gnu/libstdc++.so.6.0.28
7ffb82875000-7ffb82880000 r--p 001d0000 08:04 205755                     /usr/lib/x86_64-linux-gnu/libstdc++.so.6.0.28
7ffb82880000-7ffb82883000 rw-p 001db000 08:04 205755                     /usr/lib/x86_64-linux-gnu/libstdc++.so.6.0.28
7ffb82883000-7ffb82886000 rw-p 00000000 00:00 0 
7ffb82886000-7ffb82a7b000 r--p 00000000 08:04 791277                     /usr/lib/jvm/java-8-openjdk-amd64/jre/lib/amd64/server/libjvm.so
7ffb82a7b000-7ffb833e3000 r-xp 001f5000 08:04 791277                     /usr/lib/jvm/java-8-openjdk-amd64/jre/lib/amd64/server/libjvm.so
7ffb833e3000-7ffb83594000 r--p 00b5d000 08:04 791277                     /usr/lib/jvm/java-8-openjdk-amd64/jre/lib/amd64/server/libjvm.so
7ffb83594000-7ffb83595000 ---p 00d0e000 08:04 791277                     /usr/lib/jvm/java-8-openjdk-amd64/jre/lib/amd64/server/libjvm.so
7ffb83595000-7ffb8362b000 r--p 00d0e000 08:04 791277                     /usr/lib/jvm/java-8-openjdk-amd64/jre/lib/amd64/server/libjvm.so
7ffb8362b000-7ffb83654000 rw-p 00da4000 08:04 791277                     /usr/lib/jvm/java-8-openjdk-amd64/jre/lib/amd64/server/libjvm.so
7ffb83654000-7ffb83689000 rw-p 00000000 00:00 0 
7ffb83689000-7ffb83690000 r--p 00000000 08:04 213012                     /usr/lib/x86_64-linux-gnu/libpthread-2.31.so
7ffb83690000-7ffb836a1000 r-xp 00007000 08:04 213012                     /usr/lib/x86_64-linux-gnu/libpthread-2.31.so
7ffb836a1000-7ffb836a6000 r--p 00018000 08:04 213012                     /usr/lib/x86_64-linux-gnu/libpthread-2.31.so
7ffb836a6000-7ffb836a7000 r--p 0001c000 08:04 213012                     /usr/lib/x86_64-linux-gnu/libpthread-2.31.so
7ffb836a7000-7ffb836a8000 rw-p 0001d000 08:04 213012                     /usr/lib/x86_64-linux-gnu/libpthread-2.31.so
7ffb836a8000-7ffb836ac000 rw-p 00000000 00:00 0 
7ffb836ac000-7ffb836ad000 r--p 00000000 08:04 212248                     /usr/lib/x86_64-linux-gnu/libdl-2.31.so
7ffb836ad000-7ffb836af000 r-xp 00001000 08:04 212248                     /usr/lib/x86_64-linux-gnu/libdl-2.31.so
7ffb836af000-7ffb836b0000 r--p 00003000 08:04 212248                     /usr/lib/x86_64-linux-gnu/libdl-2.31.so
7ffb836b0000-7ffb836b1000 r--p 00003000 08:04 212248                     /usr/lib/x86_64-linux-gnu/libdl-2.31.so
7ffb836b1000-7ffb836b2000 rw-p 00004000 08:04 212248                     /usr/lib/x86_64-linux-gnu/libdl-2.31.so
7ffb836b2000-7ffb836b4000 r--p 00000000 08:04 213433                     /usr/lib/x86_64-linux-gnu/libz.so.1.2.11
7ffb836b4000-7ffb836c5000 r-xp 00002000 08:04 213433                     /usr/lib/x86_64-linux-gnu/libz.so.1.2.11
7ffb836c5000-7ffb836cb000 r--p 00013000 08:04 213433                     /usr/lib/x86_64-linux-gnu/libz.so.1.2.11
7ffb836cb000-7ffb836cc000 ---p 00019000 08:04 213433                     /usr/lib/x86_64-linux-gnu/libz.so.1.2.11
7ffb836cc000-7ffb836cd000 r--p 00019000 08:04 213433                     /usr/lib/x86_64-linux-gnu/libz.so.1.2.11
7ffb836cd000-7ffb836ce000 rw-p 0001a000 08:04 213433                     /usr/lib/x86_64-linux-gnu/libz.so.1.2.11
7ffb836ce000-7ffb836f3000 r--p 00000000 08:04 212113                     /usr/lib/x86_64-linux-gnu/libc-2.31.so
7ffb836f3000-7ffb8386b000 r-xp 00025000 08:04 212113                     /usr/lib/x86_64-linux-gnu/libc-2.31.so
7ffb8386b000-7ffb838b5000 r--p 0019d000 08:04 212113                     /usr/lib/x86_64-linux-gnu/libc-2.31.so
7ffb838b5000-7ffb838b6000 ---p 001e7000 08:04 212113                     /usr/lib/x86_64-linux-gnu/libc-2.31.so
7ffb838b6000-7ffb838b9000 r--p 001e7000 08:04 212113                     /usr/lib/x86_64-linux-gnu/libc-2.31.so
7ffb838b9000-7ffb838bc000 rw-p 001ea000 08:04 212113                     /usr/lib/x86_64-linux-gnu/libc-2.31.so
7ffb838bc000-7ffb838c0000 rw-p 00000000 00:00 0 
7ffb838c0000-7ffb838c1000 r--s 0000a000 08:04 921953                     /usr/lib/jvm/java-8-openjdk-amd64/jre/lib/ext/jaccess.jar
7ffb838c1000-7ffb838c2000 rw-p 00000000 00:00 0 
7ffb838c2000-7ffb838c7000 r--p 00000000 08:04 659773                     /usr/lib/jvm/java-8-openjdk-amd64/jre/lib/amd64/libverify.so
7ffb838c7000-7ffb838d0000 r-xp 00005000 08:04 659773                     /usr/lib/jvm/java-8-openjdk-amd64/jre/lib/amd64/libverify.so
7ffb838d0000-7ffb838d2000 r--p 0000e000 08:04 659773                     /usr/lib/jvm/java-8-openjdk-amd64/jre/lib/amd64/libverify.so
7ffb838d2000-7ffb838d4000 r--p 0000f000 08:04 659773                     /usr/lib/jvm/java-8-openjdk-amd64/jre/lib/amd64/libverify.so
7ffb838d4000-7ffb838d5000 rw-p 00011000 08:04 659773                     /usr/lib/jvm/java-8-openjdk-amd64/jre/lib/amd64/libverify.so
7ffb838d5000-7ffb838d8000 r--p 00000000 08:04 791274                     /usr/lib/jvm/java-8-openjdk-amd64/jre/lib/amd64/jli/libjli.so
7ffb838d8000-7ffb838e2000 r-xp 00003000 08:04 791274                     /usr/lib/jvm/java-8-openjdk-amd64/jre/lib/amd64/jli/libjli.so
7ffb838e2000-7ffb838e5000 r--p 0000d000 08:04 791274                     /usr/lib/jvm/java-8-openjdk-amd64/jre/lib/amd64/jli/libjli.so
7ffb838e5000-7ffb838e6000 r--p 0000f000 08:04 791274                     /usr/lib/jvm/java-8-openjdk-amd64/jre/lib/amd64/jli/libjli.so
7ffb838e6000-7ffb838e7000 rw-p 00010000 08:04 791274                     /usr/lib/jvm/java-8-openjdk-amd64/jre/lib/amd64/jli/libjli.so
7ffb838e7000-7ffb838e9000 rw-p 00000000 00:00 0 
7ffb838e9000-7ffb838ea000 r--p 00000000 08:04 211900                     /usr/lib/x86_64-linux-gnu/ld-2.31.so
7ffb838ea000-7ffb8390d000 r-xp 00001000 08:04 211900                     /usr/lib/x86_64-linux-gnu/ld-2.31.so
7ffb8390d000-7ffb83915000 r--p 00024000 08:04 211900                     /usr/lib/x86_64-linux-gnu/ld-2.31.so
7ffb83915000-7ffb83916000 r--p 00000000 00:00 0 
7ffb83916000-7ffb83917000 r--p 0002c000 08:04 211900                     /usr/lib/x86_64-linux-gnu/ld-2.31.so
7ffb83917000-7ffb83918000 rw-p 0002d000 08:04 211900                     /usr/lib/x86_64-linux-gnu/ld-2.31.so
7ffb83918000-7ffb83919000 rw-p 00000000 00:00 0 
7ffc45082000-7ffc450a4000 rw-p 00000000 00:00 0                          [stack]
7ffc45168000-7ffc4516c000 r--p 00000000 00:00 0                          [vvar]
7ffc4516c000-7ffc4516e000 r-xp 00000000 00:00 0                          [vdso]
ffffffffff600000-ffffffffff601000 --xp 00000000 00:00 0                  [vsyscall]

VM Arguments:
jvm_args: -Dfile.encoding=UTF-8 -Duser.country=US -Duser.language=en -Duser.variant 
java_command: Main -ea
java_class_path (initial): /home/david/Documents/GitHub/marioLWJGL/build/classes/java/main:/home/david/Documents/GitHub/marioLWJGL/build/resources/main:/home/david/Documents/GitLab/my-aweasome-2d-game-engine/.gradle/caches/modules-2/files-2.1/org.lwjgl/lwjgl-assimp/3.2.3/f62aa07a20afbdd3097efc296c4841e0d29700eb/lwjgl-assimp-3.2.3.jar:/home/david/Documents/GitLab/my-aweasome-2d-game-engine/.gradle/caches/modules-2/files-2.1/org.lwjgl/lwjgl-assimp/3.2.3/9ecc218db17c49f2819a5a80dee7efea65a9ac4f/lwjgl-assimp-3.2.3-natives-linux.jar:/home/david/Documents/GitLab/my-aweasome-2d-game-engine/.gradle/caches/modules-2/files-2.1/org.lwjgl/lwjgl-glfw/3.2.3/5e520d5c290c8b012545a8d34fa5db5ab051ea53/lwjgl-glfw-3.2.3.jar:/home/david/Documents/GitLab/my-aweasome-2d-game-engine/.gradle/caches/modules-2/files-2.1/org.lwjgl/lwjgl-glfw/3.2.3/62b044d9b0a057444bef2ab70b9afc288ec09dba/lwjgl-glfw-3.2.3-natives-linux.jar:/home/david/Documents/GitLab/my-aweasome-2d-game-engine/.gradle/caches/modules-2/files-2.1/org.lwjgl/lwjgl-nfd/3.2.3/c44fee1043c022cf6614a28872d44cf114ca7737/lwjgl-nfd-3.2.3.jar:/home/david/Documents/GitLab/my-aweasome-2d-game-engine/.gradle/caches/modules-2/files-2.1/org.lwjgl/lwjgl-nfd/3.2.3/e473f9c4814eb3e3cb8a8235266b10fee8063d09/lwjgl-nfd-3.2.3-natives-linux.jar:/home/david/Documents/GitLab/my-aweasome-2d-game-engine/.gradle/caches/modules-2/files-2.1/org.lwjgl/lwjgl-openal/3.2.3/106742e805803ab9eab8e343f0fb31a3d263903c/lwjgl-openal-3.2.3.jar:/home/david/Documents/GitLab/my-aweasome-2d-game-engine/.gradle/caches/modules-2/files-2.1/org.lwjgl/lwjgl-openal/3.2.3/869ddd9dbbf92a7d1be7f5942ca0adbde068d999/lwjgl-openal-3.2.3-natives-linux.jar:/home/david/Documents/GitLab/my-aweasome-2d-game-engine/.gradle/caches/modules-2/files-2.1/org.lwjgl/lwjgl-opengl/3.2.3/bdd534a323d0c8f54969b95e424b6ac8984f7d6e/lwjgl-opengl-3.2.3.jar:/home/david/Documents/GitLab/my-aweasome-2d-game-engine/.gradle/caches/modules-2/files-2.1/org.lwjgl/lwjgl-opengl/3.2.3/7f14db5da9aa7951efe88993f519d7d38a
Launcher Type: SUN_STANDARD

Environment Variables:
PATH=/home/david/bin:/usr/local/sbin:/usr/local/bin:/usr/sbin:/usr/bin:/sbin:/bin:/usr/games:/usr/local/games:/snap/bin
USERNAME=david
SHELL=/bin/bash
DISPLAY=:1

Signal Handlers:
SIGSEGV: [libjvm.so+0xb365d0], sa_mask[0]=11111111011111111101111111111110, sa_flags=SA_RESTART|SA_SIGINFO
SIGBUS: [libjvm.so+0xb365d0], sa_mask[0]=11111111011111111101111111111110, sa_flags=SA_RESTART|SA_SIGINFO
SIGFPE: [libjvm.so+0x97b8c0], sa_mask[0]=11111111011111111101111111111110, sa_flags=SA_RESTART|SA_SIGINFO
SIGPIPE: [libjvm.so+0x97b8c0], sa_mask[0]=11111111011111111101111111111110, sa_flags=SA_RESTART|SA_SIGINFO
SIGXFSZ: [libjvm.so+0x97b8c0], sa_mask[0]=11111111011111111101111111111110, sa_flags=SA_RESTART|SA_SIGINFO
SIGILL: [libjvm.so+0x97b8c0], sa_mask[0]=11111111011111111101111111111110, sa_flags=SA_RESTART|SA_SIGINFO
SIGUSR1: SIG_DFL, sa_mask[0]=00000000000000000000000000000000, sa_flags=none
SIGUSR2: [libjvm.so+0x97b770], sa_mask[0]=00100000000000000000000000000000, sa_flags=SA_RESTART|SA_SIGINFO
SIGHUP: [libjvm.so+0x97bb40], sa_mask[0]=11111111011111111101111111111110, sa_flags=SA_RESTART|SA_SIGINFO
SIGINT: [libjvm.so+0x97bb40], sa_mask[0]=11111111011111111101111111111110, sa_flags=SA_RESTART|SA_SIGINFO
SIGTERM: [libjvm.so+0x97bb40], sa_mask[0]=11111111011111111101111111111110, sa_flags=SA_RESTART|SA_SIGINFO
SIGQUIT: [libjvm.so+0x97bb40], sa_mask[0]=11111111011111111101111111111110, sa_flags=SA_RESTART|SA_SIGINFO


---------------  S Y S T E M  ---------------

OS:DISTRIB_ID=Ubuntu
DISTRIB_RELEASE=20.04
DISTRIB_CODENAME=focal
DISTRIB_DESCRIPTION="Ubuntu 20.04.3 LTS"

uname:Linux 5.11.0-27-generic #29~20.04.1-Ubuntu SMP Wed Aug 11 15:58:17 UTC 2021 x86_64
libc:glibc 2.31 NPTL 2.31 
rlimit: STACK 8192k, CORE 0k, NPROC 63480, NOFILE 1048576, AS infinity
load average:2,39 2,09 1,73

/proc/meminfo:
MemTotal:       16310308 kB
MemFree:         8557328 kB
MemAvailable:   11025524 kB
Buffers:          102376 kB
Cached:          2628032 kB
SwapCached:            0 kB
Active:           792836 kB
Inactive:        6495236 kB
Active(anon):       2576 kB
Inactive(anon):  4613032 kB
Active(file):     790260 kB
Inactive(file):  1882204 kB
Unevictable:          32 kB
Mlocked:              32 kB
SwapTotal:      16777212 kB
SwapFree:       16777212 kB
Dirty:               532 kB
Writeback:             0 kB
AnonPages:       4557920 kB
Mapped:          1132076 kB
Shmem:             57948 kB
KReclaimable:     110896 kB
Slab:             231528 kB
SReclaimable:     110896 kB
SUnreclaim:       120632 kB
KernelStack:       20048 kB
PageTables:        46076 kB
NFS_Unstable:          0 kB
Bounce:                0 kB
WritebackTmp:          0 kB
CommitLimit:    24932364 kB
Committed_AS:   13225676 kB
VmallocTotal:   34359738367 kB
VmallocUsed:       66132 kB
VmallocChunk:          0 kB
Percpu:             6272 kB
HardwareCorrupted:     0 kB
AnonHugePages:         0 kB
ShmemHugePages:        0 kB
ShmemPmdMapped:        0 kB
FileHugePages:         0 kB
FilePmdMapped:         0 kB
HugePages_Total:       0
HugePages_Free:        0
HugePages_Rsvd:        0
HugePages_Surp:        0
Hugepagesize:       2048 kB
Hugetlb:               0 kB
DirectMap4k:      434056 kB
DirectMap2M:    11016192 kB
DirectMap1G:     6291456 kB

container (cgroup) information:
container_type: cgroupv1
cpu_cpuset_cpus: 0-7
cpu_memory_nodes: 0
active_processor_count: 8
cpu_quota: -1
cpu_period: 100000
cpu_shares: -1
memory_limit_in_bytes: -1
memory_and_swap_limit_in_bytes: -1
memory_soft_limit_in_bytes: -1
memory_usage_in_bytes: 5919522816
memory_max_usage_in_bytes: 6027997184


CPU:total 8 (initial active 8) (4 cores per cpu, 2 threads per core) family 6 model 60 stepping 3, cmov, cx8, fxsr, mmx, sse, sse2, sse3, ssse3, sse4.1, sse4.2, popcnt, avx, avx2, aes, clmul, erms, lzcnt, ht, tsc, tscinvbit, bmi1, bmi2

/proc/cpuinfo:
processor	: 0
vendor_id	: GenuineIntel
cpu family	: 6
model		: 60
model name	: Intel(R) Core(TM) i7-4700HQ CPU @ 2.40GHz
stepping	: 3
microcode	: 0x28
cpu MHz		: 900.000
cache size	: 6144 KB
physical id	: 0
siblings	: 8
core id		: 0
cpu cores	: 4
apicid		: 0
initial apicid	: 0
fpu		: yes
fpu_exception	: yes
cpuid level	: 13
wp		: yes
flags		: fpu vme de pse tsc msr pae mce cx8 apic sep mtrr pge mca cmov pat pse36 clflush dts acpi mmx fxsr sse sse2 ss ht tm pbe syscall nx pdpe1gb rdtscp lm constant_tsc arch_perfmon pebs bts rep_good nopl xtopology nonstop_tsc cpuid aperfmperf pni pclmulqdq dtes64 monitor ds_cpl vmx est tm2 ssse3 sdbg fma cx16 xtpr pdcm pcid sse4_1 sse4_2 x2apic movbe popcnt tsc_deadline_timer aes xsave avx f16c rdrand lahf_lm abm cpuid_fault epb invpcid_single pti ssbd ibrs ibpb stibp tpr_shadow vnmi flexpriority ept vpid ept_ad fsgsbase tsc_adjust bmi1 avx2 smep bmi2 erms invpcid xsaveopt dtherm ida arat pln pts md_clear flush_l1d
vmx flags	: vnmi preemption_timer invvpid ept_x_only ept_ad ept_1gb flexpriority tsc_offset vtpr mtf vapic ept vpid unrestricted_guest ple
bugs		: cpu_meltdown spectre_v1 spectre_v2 spec_store_bypass l1tf mds swapgs itlb_multihit srbds
bogomips	: 4789.44
clflush size	: 64
cache_alignment	: 64
address sizes	: 39 bits physical, 48 bits virtual
power management:

processor	: 1
vendor_id	: GenuineIntel
cpu family	: 6
model		: 60
model name	: Intel(R) Core(TM) i7-4700HQ CPU @ 2.40GHz
stepping	: 3
microcode	: 0x28
cpu MHz		: 900.000
cache size	: 6144 KB
physical id	: 0
siblings	: 8
core id		: 1
cpu cores	: 4
apicid		: 2
initial apicid	: 2
fpu		: yes
fpu_exception	: yes
cpuid level	: 13
wp		: yes
flags		: fpu vme de pse tsc msr pae mce cx8 apic sep mtrr pge mca cmov pat pse36 clflush dts acpi mmx fxsr sse sse2 ss ht tm pbe syscall nx pdpe1gb rdtscp lm constant_tsc arch_perfmon pebs bts rep_good nopl xtopology nonstop_tsc cpuid aperfmperf pni pclmulqdq dtes64 monitor ds_cpl vmx est tm2 ssse3 sdbg fma cx16 xtpr pdcm pcid sse4_1 sse4_2 x2apic movbe popcnt tsc_deadline_timer aes xsave avx f16c rdrand lahf_lm abm cpuid_fault epb invpcid_single pti ssbd ibrs ibpb stibp tpr_shadow vnmi flexpriority ept vpid ept_ad fsgsbase tsc_adjust bmi1 avx2 smep bmi2 erms invpcid xsaveopt dtherm ida arat pln pts md_clear flush_l1d
vmx flags	: vnmi preemption_timer invvpid ept_x_only ept_ad ept_1gb flexpriority tsc_offset vtpr mtf vapic ept vpid unrestricted_guest ple
bugs		: cpu_meltdown spectre_v1 spectre_v2 spec_store_bypass l1tf mds swapgs itlb_multihit srbds
bogomips	: 4789.44
clflush size	: 64
cache_alignment	: 64
address sizes	: 39 bits physical, 48 bits virtual
power management:

processor	: 2
vendor_id	: GenuineIntel
cpu family	: 6
model		: 60
model name	: Intel(R) Core(TM) i7-4700HQ CPU @ 2.40GHz
stepping	: 3
microcode	: 0x28
cpu MHz		: 900.000
cache size	: 6144 KB
physical id	: 0
siblings	: 8
core id		: 2
cpu cores	: 4
apicid		: 4
initial apicid	: 4
fpu		: yes
fpu_exception	: yes
cpuid level	: 13
wp		: yes
flags		: fpu vme de pse tsc msr pae mce cx8 apic sep mtrr pge mca cmov pat pse36 clflush dts acpi mmx fxsr sse sse2 ss ht tm pbe syscall nx pdpe1gb rdtscp lm constant_tsc arch_perfmon pebs bts rep_good nopl xtopology nonstop_tsc cpuid aperfmperf pni pclmulqdq dtes64 monitor ds_cpl vmx est tm2 ssse3 sdbg fma cx16 xtpr pdcm pcid sse4_1 sse4_2 x2apic movbe popcnt tsc_deadline_timer aes xsave avx f16c rdrand lahf_lm abm cpuid_fault epb invpcid_single pti ssbd ibrs ibpb stibp tpr_shadow vnmi flexpriority ept vpid ept_ad fsgsbase tsc_adjust bmi1 avx2 smep bmi2 erms invpcid xsaveopt dtherm ida arat pln pts md_clear flush_l1d
vmx flags	: vnmi preemption_timer invvpid ept_x_only ept_ad ept_1gb flexpriority tsc_offset vtpr mtf vapic ept vpid unrestricted_guest ple
bugs		: cpu_meltdown spectre_v1 spectre_v2 spec_store_bypass l1tf mds swapgs itlb_multihit srbds
bogomips	: 4789.44
clflush size	: 64
cache_alignment	: 64
address sizes	: 39 bits physical, 48 bits virtual
power management:

processor	: 3
vendor_id	: GenuineIntel
cpu family	: 6
model		: 60
model name	: Intel(R) Core(TM) i7-4700HQ CPU @ 2.40GHz
stepping	: 3
microcode	: 0x28
cpu MHz		: 900.000
cache size	: 6144 KB
physical id	: 0
siblings	: 8
core id		: 3
cpu cores	: 4
apicid		: 6
initial apicid	: 6
fpu		: yes
fpu_exception	: yes
cpuid level	: 13
wp		: yes
flags		: fpu vme de pse tsc msr pae mce cx8 apic sep mtrr pge mca cmov pat pse36 clflush dts acpi mmx fxsr sse sse2 ss ht tm pbe syscall nx pdpe1gb rdtscp lm constant_tsc arch_perfmon pebs bts rep_good nopl xtopology nonstop_tsc cpuid aperfmperf pni pclmulqdq dtes64 monitor ds_cpl vmx est tm2 ssse3 sdbg fma cx16 xtpr pdcm pcid sse4_1 sse4_2 x2apic movbe popcnt tsc_deadline_timer aes xsave avx f16c rdrand lahf_lm abm cpuid_fault epb invpcid_single pti ssbd ibrs ibpb stibp tpr_shadow vnmi flexpriority ept vpid ept_ad fsgsbase tsc_adjust bmi1 avx2 smep bmi2 erms invpcid xsaveopt dtherm ida arat pln pts md_clear flush_l1d
vmx flags	: vnmi preemption_timer invvpid ept_x_only ept_ad ept_1gb flexpriority tsc_offset vtpr mtf vapic ept vpid unrestricted_guest ple
bugs		: cpu_meltdown spectre_v1 spectre_v2 spec_store_bypass l1tf mds swapgs itlb_multihit srbds
bogomips	: 4789.44
clflush size	: 64
cache_alignment	: 64
address sizes	: 39 bits physical, 48 bits virtual
power management:

processor	: 4
vendor_id	: GenuineIntel
cpu family	: 6
model		: 60
model name	: Intel(R) Core(TM) i7-4700HQ CPU @ 2.40GHz
stepping	: 3
microcode	: 0x28
cpu MHz		: 800.000
cache size	: 6144 KB
physical id	: 0
siblings	: 8
core id		: 0
cpu cores	: 4
apicid		: 1
initial apicid	: 1
fpu		: yes
fpu_exception	: yes
cpuid level	: 13
wp		: yes
flags		: fpu vme de pse tsc msr pae mce cx8 apic sep mtrr pge mca cmov pat pse36 clflush dts acpi mmx fxsr sse sse2 ss ht tm pbe syscall nx pdpe1gb rdtscp lm constant_tsc arch_perfmon pebs bts rep_good nopl xtopology nonstop_tsc cpuid aperfmperf pni pclmulqdq dtes64 monitor ds_cpl vmx est tm2 ssse3 sdbg fma cx16 xtpr pdcm pcid sse4_1 sse4_2 x2apic movbe popcnt tsc_deadline_timer aes xsave avx f16c rdrand lahf_lm abm cpuid_fault epb invpcid_single pti ssbd ibrs ibpb stibp tpr_shadow vnmi flexpriority ept vpid ept_ad fsgsbase tsc_adjust bmi1 avx2 smep bmi2 erms invpcid xsaveopt dtherm ida arat pln pts md_clear flush_l1d
vmx flags	: vnmi preemption_timer invvpid ept_x_only ept_ad ept_1gb flexpriority tsc_offset vtpr mtf vapic ept vpid unrestricted_guest ple
bugs		: cpu_meltdown spectre_v1 spectre_v2 spec_store_bypass l1tf mds swapgs itlb_multihit srbds
bogomips	: 4789.44
clflush size	: 64
cache_alignment	: 64
address sizes	: 39 bits physical, 48 bits virtual
power management:

processor	: 5
vendor_id	: GenuineIntel
cpu family	: 6
model		: 60
model name	: Intel(R) Core(TM) i7-4700HQ CPU @ 2.40GHz
stepping	: 3
microcode	: 0x28
cpu MHz		: 798.264
cache size	: 6144 KB
physical id	: 0
siblings	: 8
core id		: 1
cpu cores	: 4
apicid		: 3
initial apicid	: 3
fpu		: yes
fpu_exception	: yes
cpuid level	: 13
wp		: yes
flags		: fpu vme de pse tsc msr pae mce cx8 apic sep mtrr pge mca cmov pat pse36 clflush dts acpi mmx fxsr sse sse2 ss ht tm pbe syscall nx pdpe1gb rdtscp lm constant_tsc arch_perfmon pebs bts rep_good nopl xtopology nonstop_tsc cpuid aperfmperf pni pclmulqdq dtes64 monitor ds_cpl vmx est tm2 ssse3 sdbg fma cx16 xtpr pdcm pcid sse4_1 sse4_2 x2apic movbe popcnt tsc_deadline_timer aes xsave avx f16c rdrand lahf_lm abm cpuid_fault epb invpcid_single pti ssbd ibrs ibpb stibp tpr_shadow vnmi flexpriority ept vpid ept_ad fsgsbase tsc_adjust bmi1 avx2 smep bmi2 erms invpcid xsaveopt dtherm ida arat pln pts md_clear flush_l1d
vmx flags	: vnmi preemption_timer invvpid ept_x_only ept_ad ept_1gb flexpriority tsc_offset vtpr mtf vapic ept vpid unrestricted_guest ple
bugs		: cpu_meltdown spectre_v1 spectre_v2 spec_store_bypass l1tf mds swapgs itlb_multihit srbds
bogomips	: 4789.44
clflush size	: 64
cache_alignment	: 64
address sizes	: 39 bits physical, 48 bits virtual
power management:

processor	: 6
vendor_id	: GenuineIntel
cpu family	: 6
model		: 60
model name	: Intel(R) Core(TM) i7-4700HQ CPU @ 2.40GHz
stepping	: 3
microcode	: 0x28
cpu MHz		: 1500.000
cache size	: 6144 KB
physical id	: 0
siblings	: 8
core id		: 2
cpu cores	: 4
apicid		: 5
initial apicid	: 5
fpu		: yes
fpu_exception	: yes
cpuid level	: 13
wp		: yes
flags		: fpu vme de pse tsc msr pae mce cx8 apic sep mtrr pge mca cmov pat pse36 clflush dts acpi mmx fxsr sse sse2 ss ht tm pbe syscall nx pdpe1gb rdtscp lm constant_tsc arch_perfmon pebs bts rep_good nopl xtopology nonstop_tsc cpuid aperfmperf pni pclmulqdq dtes64 monitor ds_cpl vmx est tm2 ssse3 sdbg fma cx16 xtpr pdcm pcid sse4_1 sse4_2 x2apic movbe popcnt tsc_deadline_timer aes xsave avx f16c rdrand lahf_lm abm cpuid_fault epb invpcid_single pti ssbd ibrs ibpb stibp tpr_shadow vnmi flexpriority ept vpid ept_ad fsgsbase tsc_adjust bmi1 avx2 smep bmi2 erms invpcid xsaveopt dtherm ida arat pln pts md_clear flush_l1d
vmx flags	: vnmi preemption_timer invvpid ept_x_only ept_ad ept_1gb flexpriority tsc_offset vtpr mtf vapic ept vpid unrestricted_guest ple
bugs		: cpu_meltdown spectre_v1 spectre_v2 spec_store_bypass l1tf mds swapgs itlb_multihit srbds
bogomips	: 4789.44
clflush size	: 64
cache_alignment	: 64
address sizes	: 39 bits physical, 48 bits virtual
power management:

processor	: 7
vendor_id	: GenuineIntel
cpu family	: 6
model		: 60
model name	: Intel(R) Core(TM) i7-4700HQ CPU @ 2.40GHz
stepping	: 3
microcode	: 0x28
cpu MHz		: 1200.000
cache size	: 6144 KB
physical id	: 0
siblings	: 8
core id		: 3
cpu cores	: 4
apicid		: 7
initial apicid	: 7
fpu		: yes
fpu_exception	: yes
cpuid level	: 13
wp		: yes
flags		: fpu vme de pse tsc msr pae mce cx8 apic sep mtrr pge mca cmov pat pse36 clflush dts acpi mmx fxsr sse sse2 ss ht tm pbe syscall nx pdpe1gb rdtscp lm constant_tsc arch_perfmon pebs bts rep_good nopl xtopology nonstop_tsc cpuid aperfmperf pni pclmulqdq dtes64 monitor ds_cpl vmx est tm2 ssse3 sdbg fma cx16 xtpr pdcm pcid sse4_1 sse4_2 x2apic movbe popcnt tsc_deadline_timer aes xsave avx f16c rdrand lahf_lm abm cpuid_fault epb invpcid_single pti ssbd ibrs ibpb stibp tpr_shadow vnmi flexpriority ept vpid ept_ad fsgsbase tsc_adjust bmi1 avx2 smep bmi2 erms invpcid xsaveopt dtherm ida arat pln pts md_clear flush_l1d
vmx flags	: vnmi preemption_timer invvpid ept_x_only ept_ad ept_1gb flexpriority tsc_offset vtpr mtf vapic ept vpid unrestricted_guest ple
bugs		: cpu_meltdown spectre_v1 spectre_v2 spec_store_bypass l1tf mds swapgs itlb_multihit srbds
bogomips	: 4789.44
clflush size	: 64
cache_alignment	: 64
address sizes	: 39 bits physical, 48 bits virtual
power management:



Memory: 4k page, physical 16310308k(8557328k free), swap 16777212k(16777212k free)

vm_info: OpenJDK 64-Bit Server VM (25.292-b10) for linux-amd64 JRE (1.8.0_292-8u292-b10-0ubuntu1~20.04-b10), built on Apr 21 2021 11:46:09 by "buildd" with gcc 9.3.0

time: Mon Aug 23 12:07:36 2021
timezone: WEST
elapsed time: 2.829980 seconds (0d 0h 0m 2s)

