#
# A fatal error has been detected by the Java Runtime Environment:
#
#  SIGSEGV (0xb) at pc=0x00007f32eb26b318, pid=114007, tid=0x00007f335b71c700
#
# JRE version: Java(TM) SE Runtime Environment (8.0_291-b10) (build 1.8.0_291-b10)
# Java VM: Java HotSpot(TM) 64-Bit Server VM (25.291-b10 mixed mode linux-amd64 compressed oops)
# Problematic frame:
# C  [libnvidia-glcore.so.418.211.00+0xedf318]
#
# Failed to write core dump. Core dumps have been disabled. To enable core dumping, try "ulimit -c unlimited" before starting Java again
#
# If you would like to submit a bug report, please visit:
#   http://bugreport.java.com/bugreport/crash.jsp
# The crash happened outside the Java Virtual Machine in native code.
# See problematic frame for where to report the bug.
#

---------------  T H R E A D  ---------------

Current thread (0x00007f335400c000):  JavaThread "main" [_thread_in_native, id=114009, stack(0x00007f335b61d000,0x00007f335b71d000)]

siginfo: si_signo: 11 (SIGSEGV), si_code: 1 (SEGV_MAPERR), si_addr: 0x0000000000000000

Registers:
RAX=0x0000000040d40220, RBX=0x0000000040ce9000, RCX=0x0000000000001770, RDX=0x00000000ffffffff
RSP=0x00007f335b71b430, RBP=0x0000000040ce9000, RSI=0x0000000000000000, RDI=0x0000000000000000
R8 =0x0000000000001405, R9 =0x0000000000000000, R10=0x0000000000000000, R11=0x0000000000000000
R12=0x0000000000000010, R13=0x0000000000000000, R14=0x0000000000001770, R15=0x00007f335b71b53c
RIP=0x00007f32eb26b318, EFLAGS=0x0000000000010246, CSGSFS=0x002b000000000033, ERR=0x0000000000000004
  TRAPNO=0x000000000000000e

Top of Stack: (sp=0x00007f335b71b430)
0x00007f335b71b430:   000000076ebf50a0 0000000040ce9000
0x00007f335b71b440:   0000000040ce9000 0000000040d40828
0x00007f335b71b450:   0000000000000000 0000000000000000
0x00007f335b71b460:   0000000040d40208 00007f32eb342964
0x00007f335b71b470:   00007f335b71b53c 00007f335b71b538
0x00007f335b71b480:   00001405450082bd ffffffff00001770
0x00007f335b71b490:   0000000400000000 0000000000000000
0x00007f335b71b4a0:   00007f3354606b20 00007f335b71b320
0x00007f335b71b4b0:   00007f332aaaee83 00007f3358a090de
0x00007f335b71b4c0:   00007f335b71b530 00007f3358ad3d20
0x00007f335b71b4d0:   0000000000000104 00c0000000000000
0x00007f335b71b4e0:   0000000000000000 0000000040d40828
0x00007f335b71b4f0:   0000000040ce9000 0000000040d40220
0x00007f335b71b500:   0000000000001405 00007f32eb343643
0x00007f335b71b510:   0000000040ce9000 00007f3354973350
0x00007f335b71b520:   000000005b71b638 0000000000000004
0x00007f335b71b530:   00007f3340ce9001 00007f335b71c700
0x00007f335b71b540:   0000000100000000 0000000040ce9000
0x00007f335b71b550:   0000000040d34080 0000000000000004
0x00007f335b71b560:   0000000000001405 0000000000000010
0x00007f335b71b570:   0000000000000000 00007f32eaee7a4b
0x00007f335b71b580:   0000000000000000 00007f3345018c3b
0x00007f335b71b590:   0000000100000000 00007f335b71b5b0
0x00007f335b71b5a0:   000017705b71b610 00007f33186f5158
0x00007f335b71b5b0:   00007f335b71b650 0000000000000000
0x00007f335b71b5c0:   00007f33186f5158 00007f335b71b690
0x00007f335b71b5d0:   00007f335400c000 00007f33450186e7
0x00007f335b71b5e0:   00007f335b71b630 00007f32ebff6640
0x00007f335b71b5f0:   0000000000000001 00007f335c945235
0x00007f335b71b600:   00007f33450082bd 0000000000000000
0x00007f335b71b610:   00007f335b71b610 0000000000000000
0x00007f335b71b620:   00007f335b71b690 00007f33186ff970 

Instructions: (pc=0x00007f32eb26b318)
0x00007f32eb26b2f8:   7c 05 00 80 b8 29 06 00 00 00 0f 85 26 02 00 00
0x00007f32eb26b308:   44 8b 90 00 06 00 00 45 85 d2 0f 85 aa 01 00 00
0x00007f32eb26b318:   44 8b 07 41 83 fc 01 4c 8d 4f 04 b9 01 00 00 00
0x00007f32eb26b328:   44 89 c6 7e 2a 48 89 fa 8b 42 04 41 39 c0 44 0f 

Register to memory mapping:

RAX=0x0000000040d40220 is an unknown value
RBX=0x0000000040ce9000 is an unknown value
RCX=0x0000000000001770 is an unknown value
RDX=0x00000000ffffffff is an unknown value
RSP=0x00007f335b71b430 is pointing into the stack for thread: 0x00007f335400c000
RBP=0x0000000040ce9000 is an unknown value
RSI=0x0000000000000000 is an unknown value
RDI=0x0000000000000000 is an unknown value
R8 =0x0000000000001405 is an unknown value
R9 =0x0000000000000000 is an unknown value
R10=0x0000000000000000 is an unknown value
R11=0x0000000000000000 is an unknown value
R12=0x0000000000000010 is an unknown value
R13=0x0000000000000000 is an unknown value
R14=0x0000000000001770 is an unknown value
R15=0x00007f335b71b53c is pointing into the stack for thread: 0x00007f335400c000


Stack: [0x00007f335b61d000,0x00007f335b71d000],  sp=0x00007f335b71b430,  free space=1017k
Native frames: (J=compiled Java code, j=interpreted, Vv=VM code, C=native code)
C  [libnvidia-glcore.so.418.211.00+0xedf318]

Java frames: (J=compiled Java code, j=interpreted, Vv=VM code)
j  org.lwjgl.opengl.GL11C.nglDrawElements(IIIJ)V+0
j  org.lwjgl.opengl.GL11C.glDrawElements(IIIJ)V+4
j  org.lwjgl.opengl.GL11.glDrawElements(IIIJ)V+4
j  jade.renderer.RenderBatch.render()V+89
j  jade.renderer.Renderer.render()V+30
j  jade.scenes.LevelEditorScene.update(F)V+41
j  jade.Window.loop()V+123
j  jade.Window.run()V+37
j  Main.main([Ljava/lang/String;)V+5
v  ~StubRoutines::call_stub

---------------  P R O C E S S  ---------------

Java Threads: ( => current thread )
  0x00007f33540d8800 JavaThread "Service Thread" daemon [_thread_blocked, id=114026, stack(0x00007f331a313000,0x00007f331a414000)]
  0x00007f33540cd800 JavaThread "C1 CompilerThread3" daemon [_thread_blocked, id=114025, stack(0x00007f331a415000,0x00007f331a515000)]
  0x00007f33540cb000 JavaThread "C2 CompilerThread2" daemon [_thread_blocked, id=114024, stack(0x00007f331a516000,0x00007f331a616000)]
  0x00007f33540c9800 JavaThread "C2 CompilerThread1" daemon [_thread_blocked, id=114023, stack(0x00007f331a617000,0x00007f331a717000)]
  0x00007f33540c6800 JavaThread "C2 CompilerThread0" daemon [_thread_blocked, id=114022, stack(0x00007f331a718000,0x00007f331a818000)]
  0x00007f33540c5000 JavaThread "Signal Dispatcher" daemon [_thread_blocked, id=114021, stack(0x00007f331a818000,0x00007f331a919000)]
  0x00007f3354091000 JavaThread "Finalizer" daemon [_thread_blocked, id=114020, stack(0x00007f331b6f7000,0x00007f331b7f8000)]
  0x00007f335408c000 JavaThread "Reference Handler" daemon [_thread_blocked, id=114019, stack(0x00007f331b7f8000,0x00007f331b8f9000)]
=>0x00007f335400c000 JavaThread "main" [_thread_in_native, id=114009, stack(0x00007f335b61d000,0x00007f335b71d000)]

Other Threads:
  0x00007f3354082800 VMThread [stack: 0x00007f331b8fa000,0x00007f331b9fa000] [id=114018]
  0x00007f33540dd000 WatcherThread [stack: 0x00007f331a213000,0x00007f331a313000] [id=114027]

VM state:not at safepoint (normal execution)

VM Mutex/Monitor currently owned by a thread: None

heap address: 0x00000006c7000000, size: 3984 MB, Compressed Oops mode: Zero based, Oop shift amount: 3
Narrow klass base: 0x0000000000000000, Narrow klass shift: 3
Compressed class space size: 1073741824 Address: 0x00000007c0000000

Heap:
 PSYoungGen      total 74752K, used 29079K [0x000000076d000000, 0x0000000772300000, 0x00000007c0000000)
  eden space 64512K, 45% used [0x000000076d000000,0x000000076ec65c80,0x0000000770f00000)
  from space 10240K, 0% used [0x0000000771900000,0x0000000771900000,0x0000000772300000)
  to   space 10240K, 0% used [0x0000000770f00000,0x0000000770f00000,0x0000000771900000)
 ParOldGen       total 171008K, used 0K [0x00000006c7000000, 0x00000006d1700000, 0x000000076d000000)
  object space 171008K, 0% used [0x00000006c7000000,0x00000006c7000000,0x00000006d1700000)
 Metaspace       used 11289K, capacity 11515K, committed 11776K, reserved 1060864K
  class space    used 829K, capacity 914K, committed 1024K, reserved 1048576K

Card table byte_map: [0x00007f335a426000,0x00007f335abef000] byte_map_base: 0x00007f3356dee000

Marking Bits: (ParMarkBitMap*) 0x00007f335c8461c0
 Begin Bits: [0x00007f3320380000, 0x00007f33241c0000)
 End Bits:   [0x00007f33241c0000, 0x00007f3328000000)

Polling page: 0x00007f335ccdb000

CodeCache: size=245760Kb used=3080Kb max_used=3080Kb free=242679Kb
 bounds [0x00007f3345000000, 0x00007f3345310000, 0x00007f3354000000]
 total_blobs=1721 nmethods=734 adapters=901
 compilation: enabled

Compilation events (10 events):
Event: 2,450 Thread 0x00007f33540cd800 nmethod 726 0x00007f33452e1090 code [0x00007f33452e11e0, 0x00007f33452e12f0]
Event: 2,452 Thread 0x00007f33540cd800  728   !   3       java.util.zip.Inflater::setInput (74 bytes)
Event: 2,453 Thread 0x00007f33540cd800 nmethod 728 0x00007f33452f33d0 code [0x00007f33452f3560, 0x00007f33452f3a98]
Event: 2,455 Thread 0x00007f33540c9800 nmethod 725 0x00007f33452f6a90 code [0x00007f33452f6c00, 0x00007f33452f6df8]
Event: 2,571 Thread 0x00007f33540cd800  730       3       java.lang.StringBuffer::<init> (6 bytes)
Event: 2,571 Thread 0x00007f33540cd800 nmethod 730 0x00007f33452f9590 code [0x00007f33452f9700, 0x00007f33452f99b0]
Event: 2,577 Thread 0x00007f33540cd800  731       3       java.net.URLClassLoader::defineClass (142 bytes)
Event: 2,580 Thread 0x00007f33540cd800 nmethod 731 0x00007f33452f9cd0 code [0x00007f33452fa040, 0x00007f33452fc318]
Event: 2,581 Thread 0x00007f33540cd800  732       3       java.net.URLStreamHandler::toExternalForm (219 bytes)
Event: 2,585 Thread 0x00007f33540cd800 nmethod 732 0x00007f33452fdad0 code [0x00007f33452fde40, 0x00007f33453014e8]

GC Heap History (0 events):
No events

Deoptimization events (0 events):
No events

Classes redefined (0 events):
No events

Internal exceptions (10 events):
Event: 0,615 Thread 0x00007f335400c000 Exception <a 'java/security/PrivilegedActionException'> (0x000000076d5e51b0) thrown at [/scratch/jenkins/workspace/8-2-build-linux-amd64/jdk8u291/1294/hotspot/src/share/vm/prims/jvm.cpp, line 1523]
Event: 0,615 Thread 0x00007f335400c000 Exception <a 'java/security/PrivilegedActionException'> (0x000000076d5e7180) thrown at [/scratch/jenkins/workspace/8-2-build-linux-amd64/jdk8u291/1294/hotspot/src/share/vm/prims/jvm.cpp, line 1523]
Event: 0,615 Thread 0x00007f335400c000 Exception <a 'java/security/PrivilegedActionException'> (0x000000076d5e7390) thrown at [/scratch/jenkins/workspace/8-2-build-linux-amd64/jdk8u291/1294/hotspot/src/share/vm/prims/jvm.cpp, line 1523]
Event: 0,615 Thread 0x00007f335400c000 Exception <a 'java/security/PrivilegedActionException'> (0x000000076d5e9360) thrown at [/scratch/jenkins/workspace/8-2-build-linux-amd64/jdk8u291/1294/hotspot/src/share/vm/prims/jvm.cpp, line 1523]
Event: 0,615 Thread 0x00007f335400c000 Exception <a 'java/security/PrivilegedActionException'> (0x000000076d5e9570) thrown at [/scratch/jenkins/workspace/8-2-build-linux-amd64/jdk8u291/1294/hotspot/src/share/vm/prims/jvm.cpp, line 1523]
Event: 0,616 Thread 0x00007f335400c000 Exception <a 'java/security/PrivilegedActionException'> (0x000000076d5eb4a0) thrown at [/scratch/jenkins/workspace/8-2-build-linux-amd64/jdk8u291/1294/hotspot/src/share/vm/prims/jvm.cpp, line 1523]
Event: 0,616 Thread 0x00007f335400c000 Exception <a 'java/security/PrivilegedActionException'> (0x000000076d5eb6b0) thrown at [/scratch/jenkins/workspace/8-2-build-linux-amd64/jdk8u291/1294/hotspot/src/share/vm/prims/jvm.cpp, line 1523]
Event: 0,653 Thread 0x00007f335400c000 Exception <a 'sun/nio/fs/UnixException'> (0x000000076d6a1d40) thrown at [/scratch/jenkins/workspace/8-2-build-linux-amd64/jdk8u291/1294/hotspot/src/share/vm/prims/jni.cpp, line 710]
Event: 1,096 Thread 0x00007f335400c000 Exception <a 'sun/nio/fs/UnixException'> (0x000000076d77c138) thrown at [/scratch/jenkins/workspace/8-2-build-linux-amd64/jdk8u291/1294/hotspot/src/share/vm/prims/jni.cpp, line 710]
Event: 1,101 Thread 0x00007f335400c000 Exception <a 'sun/nio/fs/UnixException'> (0x000000076d785690) thrown at [/scratch/jenkins/workspace/8-2-build-linux-amd64/jdk8u291/1294/hotspot/src/share/vm/prims/jni.cpp, line 710]

Events (10 events):
Event: 2,587 loading class org/joml/Vector2i
Event: 2,587 loading class org/joml/Vector2i done
Event: 2,588 loading class org/joml/Vector2ic
Event: 2,588 loading class org/joml/Vector2ic done
Event: 2,591 loading class org/joml/Quaternionf
Event: 2,591 loading class org/joml/Quaternionf done
Event: 2,593 loading class org/joml/Quaternionfc
Event: 2,593 loading class org/joml/Quaternionfc done
Event: 2,606 loading class org/joml/Math
Event: 2,606 loading class org/joml/Math done


Dynamic libraries:
40a38000-40a3a000 r-xs 00000000 08:04 4849713                            /tmp/.glEayRyS (deleted)
40ce9000-40d9b000 rw-p 00000000 00:00 0 
6c7000000-6d1700000 rw-p 00000000 00:00 0 
6d1700000-76d000000 ---p 00000000 00:00 0 
76d000000-772300000 rw-p 00000000 00:00 0 
772300000-7c0000000 ---p 00000000 00:00 0 
7c0000000-7c0100000 rw-p 00000000 00:00 0 
7c0100000-800000000 ---p 00000000 00:00 0 
5636e8400000-5636e8401000 r-xp 00000000 08:04 208779                     /usr/lib/jvm/jdk1.8.0_291/bin/java
5636e8600000-5636e8601000 r--p 00000000 08:04 208779                     /usr/lib/jvm/jdk1.8.0_291/bin/java
5636e8601000-5636e8602000 rw-p 00001000 08:04 208779                     /usr/lib/jvm/jdk1.8.0_291/bin/java
5636e9eec000-5636e9f0d000 rw-p 00000000 00:00 0                          [heap]
7f32ea38c000-7f32eb5ac000 r-xp 00000000 08:04 209815                     /usr/lib/x86_64-linux-gnu/libnvidia-glcore.so.418.211.00
7f32eb5ac000-7f32eb5cd000 rwxp 01220000 08:04 209815                     /usr/lib/x86_64-linux-gnu/libnvidia-glcore.so.418.211.00
7f32eb5cd000-7f32ebac3000 r-xp 01241000 08:04 209815                     /usr/lib/x86_64-linux-gnu/libnvidia-glcore.so.418.211.00
7f32ebac3000-7f32ebcc2000 ---p 01737000 08:04 209815                     /usr/lib/x86_64-linux-gnu/libnvidia-glcore.so.418.211.00
7f32ebcc2000-7f32ebfe9000 rw-p 01736000 08:04 209815                     /usr/lib/x86_64-linux-gnu/libnvidia-glcore.so.418.211.00
7f32ebfe9000-7f32ec000000 rw-p 00000000 00:00 0 
7f32ec000000-7f32ec021000 rw-p 00000000 00:00 0 
7f32ec021000-7f32f0000000 ---p 00000000 00:00 0 
7f32f0fff000-7f32f4000000 rw-p 00000000 00:00 0 
7f32f4000000-7f32f41fa000 rw-p 00000000 00:00 0 
7f32f41fa000-7f32f8000000 ---p 00000000 00:00 0 
7f32f8000000-7f32f8021000 rw-p 00000000 00:00 0 
7f32f8021000-7f32fc000000 ---p 00000000 00:00 0 
7f32fc000000-7f32fc0c7000 rw-p 00000000 00:00 0 
7f32fc0c7000-7f3300000000 ---p 00000000 00:00 0 
7f3300000000-7f3300248000 rw-p 00000000 00:00 0 
7f3300248000-7f3304000000 ---p 00000000 00:00 0 
7f3304000000-7f3304021000 rw-p 00000000 00:00 0 
7f3304021000-7f3308000000 ---p 00000000 00:00 0 
7f3308000000-7f3308174000 rw-p 00000000 00:00 0 
7f3308174000-7f330c000000 ---p 00000000 00:00 0 
7f330c000000-7f330c021000 rw-p 00000000 00:00 0 
7f330c021000-7f3310000000 ---p 00000000 00:00 0 
7f3310000000-7f3310021000 rw-p 00000000 00:00 0 
7f3310021000-7f3314000000 ---p 00000000 00:00 0 
7f3314000000-7f3314021000 rw-p 00000000 00:00 0 
7f3314021000-7f3318000000 ---p 00000000 00:00 0 
7f331843f000-7f33184bf000 rw-p 00000000 00:00 0 
7f33184bf000-7f331863f000 ---p 00000000 00:00 0 
7f331863f000-7f331883f000 rw-p 00000000 00:00 0 
7f331883f000-7f3318897000 r-xp 00000000 08:04 5374131                    /tmp/lwjgldavid/3.2.3-build-13/liblwjgl_opengl.so
7f3318897000-7f3318a96000 ---p 00058000 08:04 5374131                    /tmp/lwjgldavid/3.2.3-build-13/liblwjgl_opengl.so
7f3318a96000-7f3318a97000 r--p 00057000 08:04 5374131                    /tmp/lwjgldavid/3.2.3-build-13/liblwjgl_opengl.so
7f3318a97000-7f3318a98000 rw-p 00058000 08:04 5374131                    /tmp/lwjgldavid/3.2.3-build-13/liblwjgl_opengl.so
7f3318a98000-7f3318b18000 rw-s 00000000 00:05 657                        /dev/nvidiactl
7f3318b18000-7f3318b98000 rw-s 00000000 00:05 657                        /dev/nvidiactl
7f3318b98000-7f3318c18000 rw-s 00000000 00:05 657                        /dev/nvidiactl
7f3318c18000-7f3318d18000 rw-s 00000000 00:05 657                        /dev/nvidiactl
7f3318d18000-7f3318d38000 rw-s 00000000 00:05 658                        /dev/nvidia0
7f3318d38000-7f3318d78000 rw-s 00000000 00:05 657                        /dev/nvidiactl
7f3318d78000-7f3318d98000 rw-s 00000000 00:05 657                        /dev/nvidiactl
7f3318d98000-7f3318dd8000 rw-s 00000000 00:05 657                        /dev/nvidiactl
7f3318dd8000-7f3318df8000 rw-s 00000000 00:05 657                        /dev/nvidiactl
7f3318df8000-7f3318dfc000 r--p 00000000 08:04 205583                     /usr/lib/x86_64-linux-gnu/libdrm.so.2.4.0
7f3318dfc000-7f3318e06000 r-xp 00004000 08:04 205583                     /usr/lib/x86_64-linux-gnu/libdrm.so.2.4.0
7f3318e06000-7f3318e0a000 r--p 0000e000 08:04 205583                     /usr/lib/x86_64-linux-gnu/libdrm.so.2.4.0
7f3318e0a000-7f3318e0b000 r--p 00011000 08:04 205583                     /usr/lib/x86_64-linux-gnu/libdrm.so.2.4.0
7f3318e0b000-7f3318e0c000 rw-p 00012000 08:04 205583                     /usr/lib/x86_64-linux-gnu/libdrm.so.2.4.0
7f3318e0c000-7f3318f11000 rw-s 00000000 00:05 657                        /dev/nvidiactl
7f3318f11000-7f3318f14000 r-xp 00000000 08:04 209820                     /usr/lib/x86_64-linux-gnu/libnvidia-tls.so.418.211.00
7f3318f14000-7f3319114000 ---p 00003000 08:04 209820                     /usr/lib/x86_64-linux-gnu/libnvidia-tls.so.418.211.00
7f3319114000-7f3319115000 rw-p 00003000 08:04 209820                     /usr/lib/x86_64-linux-gnu/libnvidia-tls.so.418.211.00
7f3319115000-7f33191df000 r-xp 00000000 08:04 209809                     /usr/lib/x86_64-linux-gnu/libGLX_nvidia.so.418.211.00
7f33191df000-7f3319214000 rwxp 000ca000 08:04 209809                     /usr/lib/x86_64-linux-gnu/libGLX_nvidia.so.418.211.00
7f3319214000-7f3319228000 r-xp 000ff000 08:04 209809                     /usr/lib/x86_64-linux-gnu/libGLX_nvidia.so.418.211.00
7f3319228000-7f3319427000 ---p 00113000 08:04 209809                     /usr/lib/x86_64-linux-gnu/libGLX_nvidia.so.418.211.00
7f3319427000-7f331944d000 rw-p 00112000 08:04 209809                     /usr/lib/x86_64-linux-gnu/libGLX_nvidia.so.418.211.00
7f331944d000-7f3319454000 rw-p 00000000 00:00 0 
7f3319454000-7f3319457000 r--p 00000000 08:04 211916                     /usr/lib/x86_64-linux-gnu/libGLX.so.0.0.0
7f3319457000-7f3319472000 r-xp 00003000 08:04 211916                     /usr/lib/x86_64-linux-gnu/libGLX.so.0.0.0
7f3319472000-7f3319476000 r--p 0001e000 08:04 211916                     /usr/lib/x86_64-linux-gnu/libGLX.so.0.0.0
7f3319476000-7f3319477000 r--p 00021000 08:04 211916                     /usr/lib/x86_64-linux-gnu/libGLX.so.0.0.0
7f3319477000-7f3319478000 rw-p 00022000 08:04 211916                     /usr/lib/x86_64-linux-gnu/libGLX.so.0.0.0
7f3319478000-7f3319488000 rw-p 00000000 00:00 0 
7f3319488000-7f33194c8000 r--p 00000000 08:04 211921                     /usr/lib/x86_64-linux-gnu/libGLdispatch.so.0.0.0
7f33194c8000-7f33194cb000 r-xp 00040000 08:04 211921                     /usr/lib/x86_64-linux-gnu/libGLdispatch.so.0.0.0
7f33194cb000-7f3319506000 r-xp 00043000 08:04 211921                     /usr/lib/x86_64-linux-gnu/libGLdispatch.so.0.0.0
7f3319506000-7f3319507000 r-xp 0007e000 08:04 211921                     /usr/lib/x86_64-linux-gnu/libGLdispatch.so.0.0.0
7f3319507000-7f331951b000 r--p 0007f000 08:04 211921                     /usr/lib/x86_64-linux-gnu/libGLdispatch.so.0.0.0
7f331951b000-7f3319537000 r--p 00092000 08:04 211921                     /usr/lib/x86_64-linux-gnu/libGLdispatch.so.0.0.0
7f3319537000-7f3319538000 rw-p 000ae000 08:04 211921                     /usr/lib/x86_64-linux-gnu/libGLdispatch.so.0.0.0
7f3319538000-7f3319540000 rw-p 00000000 00:00 0 
7f3319540000-7f3319583000 r--p 00000000 08:04 211910                     /usr/lib/x86_64-linux-gnu/libGL.so.1.7.0
7f3319583000-7f3319587000 r-xp 00043000 08:04 211910                     /usr/lib/x86_64-linux-gnu/libGL.so.1.7.0
7f3319587000-7f33195a2000 r-xp 00047000 08:04 211910                     /usr/lib/x86_64-linux-gnu/libGL.so.1.7.0
7f33195a2000-7f33195a3000 r-xp 00062000 08:04 211910                     /usr/lib/x86_64-linux-gnu/libGL.so.1.7.0
7f33195a3000-7f33195b8000 r--p 00063000 08:04 211910                     /usr/lib/x86_64-linux-gnu/libGL.so.1.7.0
7f33195b8000-7f33195c6000 r--p 00077000 08:04 211910                     /usr/lib/x86_64-linux-gnu/libGL.so.1.7.0
7f33195c6000-7f33195c7000 rw-p 00085000 08:04 211910                     /usr/lib/x86_64-linux-gnu/libGL.so.1.7.0
7f33195c7000-7f33195c8000 rw-p 00000000 00:00 0 
7f33195ca000-7f33195dd000 rw-s 00000000 00:05 657                        /dev/nvidiactl
7f33195dd000-7f33195de000 r--p 00000000 08:04 210682                     /usr/lib/x86_64-linux-gnu/libX11-xcb.so.1.0.0
7f33195de000-7f33195df000 r-xp 00001000 08:04 210682                     /usr/lib/x86_64-linux-gnu/libX11-xcb.so.1.0.0
7f33195df000-7f33195e0000 r--p 00002000 08:04 210682                     /usr/lib/x86_64-linux-gnu/libX11-xcb.so.1.0.0
7f33195e0000-7f33195e1000 r--p 00002000 08:04 210682                     /usr/lib/x86_64-linux-gnu/libX11-xcb.so.1.0.0
7f33195e1000-7f33195e2000 rw-p 00003000 08:04 210682                     /usr/lib/x86_64-linux-gnu/libX11-xcb.so.1.0.0
7f33195e2000-7f33195e4000 r--p 00000000 08:04 211957                     /usr/lib/x86_64-linux-gnu/libXfixes.so.3.1.0
7f33195e4000-7f33195e7000 r-xp 00002000 08:04 211957                     /usr/lib/x86_64-linux-gnu/libXfixes.so.3.1.0
7f33195e7000-7f33195e8000 r--p 00005000 08:04 211957                     /usr/lib/x86_64-linux-gnu/libXfixes.so.3.1.0
7f33195e8000-7f33195e9000 r--p 00005000 08:04 211957                     /usr/lib/x86_64-linux-gnu/libXfixes.so.3.1.0
7f33195e9000-7f33195ea000 rw-p 00006000 08:04 211957                     /usr/lib/x86_64-linux-gnu/libXfixes.so.3.1.0
7f33195ea000-7f33195f3000 r-xp 00000000 08:04 211975                     /usr/lib/x86_64-linux-gnu/libXrender.so.1.3.0
7f33195f3000-7f33197f2000 ---p 00009000 08:04 211975                     /usr/lib/x86_64-linux-gnu/libXrender.so.1.3.0
7f33197f2000-7f33197f3000 r--p 00008000 08:04 211975                     /usr/lib/x86_64-linux-gnu/libXrender.so.1.3.0
7f33197f3000-7f33197f4000 rw-p 00009000 08:04 211975                     /usr/lib/x86_64-linux-gnu/libXrender.so.1.3.0
7f33197f4000-7f331980c000 r--p 00000000 08:04 210675                     /usr/lib/x86_64-linux-gnu/libX11.so.6.3.0
7f331980c000-7f3319897000 r-xp 00018000 08:04 210675                     /usr/lib/x86_64-linux-gnu/libX11.so.6.3.0
7f3319897000-7f331992b000 r--p 000a3000 08:04 210675                     /usr/lib/x86_64-linux-gnu/libX11.so.6.3.0
7f331992b000-7f331992c000 ---p 00137000 08:04 210675                     /usr/lib/x86_64-linux-gnu/libX11.so.6.3.0
7f331992c000-7f331992d000 r--p 00137000 08:04 210675                     /usr/lib/x86_64-linux-gnu/libX11.so.6.3.0
7f331992d000-7f3319931000 rw-p 00138000 08:04 210675                     /usr/lib/x86_64-linux-gnu/libX11.so.6.3.0
7f3319931000-7f3319974000 r-xp 00000000 08:04 5374129                    /tmp/lwjgldavid/3.2.3-build-13/libglfw.so
7f3319974000-7f3319b73000 ---p 00043000 08:04 5374129                    /tmp/lwjgldavid/3.2.3-build-13/libglfw.so
7f3319b73000-7f3319b74000 r--p 00042000 08:04 5374129                    /tmp/lwjgldavid/3.2.3-build-13/libglfw.so
7f3319b74000-7f3319b76000 rw-p 00043000 08:04 5374129                    /tmp/lwjgldavid/3.2.3-build-13/libglfw.so
7f3319b76000-7f3319b97000 rw-p 00000000 00:00 0 
7f3319b97000-7f3319be8000 r-xp 00000000 08:04 5374128                    /tmp/lwjgldavid/3.2.3-build-13/liblwjgl.so
7f3319be8000-7f3319de7000 ---p 00051000 08:04 5374128                    /tmp/lwjgldavid/3.2.3-build-13/liblwjgl.so
7f3319de7000-7f3319de8000 r--p 00050000 08:04 5374128                    /tmp/lwjgldavid/3.2.3-build-13/liblwjgl.so
7f3319de8000-7f3319de9000 rw-p 00051000 08:04 5374128                    /tmp/lwjgldavid/3.2.3-build-13/liblwjgl.so
7f3319de9000-7f3319dff000 r-xp 00000000 08:04 221911                     /usr/lib/jvm/jdk1.8.0_291/jre/lib/amd64/libnet.so
7f3319dff000-7f3319ffe000 ---p 00016000 08:04 221911                     /usr/lib/jvm/jdk1.8.0_291/jre/lib/amd64/libnet.so
7f3319ffe000-7f3319fff000 r--p 00015000 08:04 221911                     /usr/lib/jvm/jdk1.8.0_291/jre/lib/amd64/libnet.so
7f3319fff000-7f331a000000 rw-p 00016000 08:04 221911                     /usr/lib/jvm/jdk1.8.0_291/jre/lib/amd64/libnet.so
7f331a000000-7f331a011000 r-xp 00000000 08:04 221926                     /usr/lib/jvm/jdk1.8.0_291/jre/lib/amd64/libnio.so
7f331a011000-7f331a210000 ---p 00011000 08:04 221926                     /usr/lib/jvm/jdk1.8.0_291/jre/lib/amd64/libnio.so
7f331a210000-7f331a211000 r--p 00010000 08:04 221926                     /usr/lib/jvm/jdk1.8.0_291/jre/lib/amd64/libnio.so
7f331a211000-7f331a212000 rw-p 00011000 08:04 221926                     /usr/lib/jvm/jdk1.8.0_291/jre/lib/amd64/libnio.so
7f331a212000-7f331a213000 ---p 00000000 00:00 0 
7f331a213000-7f331a313000 rw-p 00000000 00:00 0 
7f331a313000-7f331a316000 ---p 00000000 00:00 0 
7f331a316000-7f331a414000 rw-p 00000000 00:00 0 
7f331a414000-7f331a415000 ---p 00000000 00:00 0 
7f331a415000-7f331a418000 ---p 00000000 00:00 0 
7f331a418000-7f331a515000 rw-p 00000000 00:00 0 
7f331a515000-7f331a516000 ---p 00000000 00:00 0 
7f331a516000-7f331a519000 ---p 00000000 00:00 0 
7f331a519000-7f331a616000 rw-p 00000000 00:00 0 
7f331a616000-7f331a617000 ---p 00000000 00:00 0 
7f331a617000-7f331a61a000 ---p 00000000 00:00 0 
7f331a61a000-7f331a717000 rw-p 00000000 00:00 0 
7f331a717000-7f331a718000 ---p 00000000 00:00 0 
7f331a718000-7f331a71b000 ---p 00000000 00:00 0 
7f331a71b000-7f331a818000 rw-p 00000000 00:00 0 
7f331a818000-7f331a81b000 ---p 00000000 00:00 0 
7f331a81b000-7f331a919000 rw-p 00000000 00:00 0 
7f331a919000-7f331b6f7000 r--p 00000000 08:04 211133                     /usr/lib/locale/locale-archive
7f331b6f7000-7f331b6fa000 ---p 00000000 00:00 0 
7f331b6fa000-7f331b7f8000 rw-p 00000000 00:00 0 
7f331b7f8000-7f331b7fb000 ---p 00000000 00:00 0 
7f331b7fb000-7f331b8f9000 rw-p 00000000 00:00 0 
7f331b8f9000-7f331b8fa000 ---p 00000000 00:00 0 
7f331b8fa000-7f331c000000 rw-p 00000000 00:00 0 
7f331c000000-7f331c021000 rw-p 00000000 00:00 0 
7f331c021000-7f3320000000 ---p 00000000 00:00 0 
7f3320000000-7f3320001000 r--p 00000000 08:04 211965                     /usr/lib/x86_64-linux-gnu/libXinerama.so.1.0.0
7f3320001000-7f3320002000 r-xp 00001000 08:04 211965                     /usr/lib/x86_64-linux-gnu/libXinerama.so.1.0.0
7f3320002000-7f3320003000 r--p 00002000 08:04 211965                     /usr/lib/x86_64-linux-gnu/libXinerama.so.1.0.0
7f3320003000-7f3320004000 r--p 00002000 08:04 211965                     /usr/lib/x86_64-linux-gnu/libXinerama.so.1.0.0
7f3320004000-7f3320005000 rw-p 00003000 08:04 211965                     /usr/lib/x86_64-linux-gnu/libXinerama.so.1.0.0
7f3320005000-7f3320008000 r--p 00000000 08:04 211949                     /usr/lib/x86_64-linux-gnu/libXcursor.so.1.0.2
7f3320008000-7f332000e000 r-xp 00003000 08:04 211949                     /usr/lib/x86_64-linux-gnu/libXcursor.so.1.0.2
7f332000e000-7f3320010000 r--p 00009000 08:04 211949                     /usr/lib/x86_64-linux-gnu/libXcursor.so.1.0.2
7f3320010000-7f3320011000 r--p 0000a000 08:04 211949                     /usr/lib/x86_64-linux-gnu/libXcursor.so.1.0.2
7f3320011000-7f3320012000 rw-p 0000b000 08:04 211949                     /usr/lib/x86_64-linux-gnu/libXcursor.so.1.0.2
7f3320012000-7f3320014000 r--p 00000000 08:04 211963                     /usr/lib/x86_64-linux-gnu/libXi.so.6.1.0
7f3320014000-7f332001f000 r-xp 00002000 08:04 211963                     /usr/lib/x86_64-linux-gnu/libXi.so.6.1.0
7f332001f000-7f3320022000 r--p 0000d000 08:04 211963                     /usr/lib/x86_64-linux-gnu/libXi.so.6.1.0
7f3320022000-7f3320023000 r--p 0000f000 08:04 211963                     /usr/lib/x86_64-linux-gnu/libXi.so.6.1.0
7f3320023000-7f3320024000 rw-p 00010000 08:04 211963                     /usr/lib/x86_64-linux-gnu/libXi.so.6.1.0
7f3320024000-7f3320028000 r--p 00000000 08:04 211955                     /usr/lib/x86_64-linux-gnu/libXext.so.6.4.0
7f3320028000-7f3320033000 r-xp 00004000 08:04 211955                     /usr/lib/x86_64-linux-gnu/libXext.so.6.4.0
7f3320033000-7f3320037000 r--p 0000f000 08:04 211955                     /usr/lib/x86_64-linux-gnu/libXext.so.6.4.0
7f3320037000-7f3320038000 r--p 00012000 08:04 211955                     /usr/lib/x86_64-linux-gnu/libXext.so.6.4.0
7f3320038000-7f3320039000 rw-p 00013000 08:04 211955                     /usr/lib/x86_64-linux-gnu/libXext.so.6.4.0
7f3320039000-7f332003d000 r--p 00000000 08:04 212109                     /usr/lib/x86_64-linux-gnu/libbsd.so.0.10.0
7f332003d000-7f332004c000 r-xp 00004000 08:04 212109                     /usr/lib/x86_64-linux-gnu/libbsd.so.0.10.0
7f332004c000-7f332004f000 r--p 00013000 08:04 212109                     /usr/lib/x86_64-linux-gnu/libbsd.so.0.10.0
7f332004f000-7f3320050000 ---p 00016000 08:04 212109                     /usr/lib/x86_64-linux-gnu/libbsd.so.0.10.0
7f3320050000-7f3320051000 r--p 00016000 08:04 212109                     /usr/lib/x86_64-linux-gnu/libbsd.so.0.10.0
7f3320051000-7f3320052000 rw-p 00017000 08:04 212109                     /usr/lib/x86_64-linux-gnu/libbsd.so.0.10.0
7f3320052000-7f3320053000 rw-p 00000000 00:00 0 
7f3320053000-7f332005e000 r--p 00000000 08:04 213403                     /usr/lib/x86_64-linux-gnu/libxcb.so.1.1.0
7f332005e000-7f3320072000 r-xp 0000b000 08:04 213403                     /usr/lib/x86_64-linux-gnu/libxcb.so.1.1.0
7f3320072000-7f332007b000 r--p 0001f000 08:04 213403                     /usr/lib/x86_64-linux-gnu/libxcb.so.1.1.0
7f332007b000-7f332007c000 r--p 00027000 08:04 213403                     /usr/lib/x86_64-linux-gnu/libxcb.so.1.1.0
7f332007c000-7f332007d000 rw-p 00028000 08:04 213403                     /usr/lib/x86_64-linux-gnu/libxcb.so.1.1.0
7f332007d000-7f3328000000 rw-p 00000000 00:00 0 
7f3328000000-7f3328021000 rw-p 00000000 00:00 0 
7f3328021000-7f332c000000 ---p 00000000 00:00 0 
7f332c000000-7f332c021000 rw-p 00000000 00:00 0 
7f332c021000-7f3330000000 ---p 00000000 00:00 0 
7f3330000000-7f3330021000 rw-p 00000000 00:00 0 
7f3330021000-7f3334000000 ---p 00000000 00:00 0 
7f3334000000-7f3334021000 rw-p 00000000 00:00 0 
7f3334021000-7f3338000000 ---p 00000000 00:00 0 
7f3338000000-7f3338021000 rw-p 00000000 00:00 0 
7f3338021000-7f333c000000 ---p 00000000 00:00 0 
7f333c000000-7f333c021000 rw-p 00000000 00:00 0 
7f333c021000-7f3340000000 ---p 00000000 00:00 0 
7f3340000000-7f3340021000 rw-p 00000000 00:00 0 
7f3340021000-7f3344000000 ---p 00000000 00:00 0 
7f3344003000-7f3344004000 r-xp 00000000 00:00 0 
7f3344004000-7f3344006000 r--p 00000000 08:04 211973                     /usr/lib/x86_64-linux-gnu/libXrandr.so.2.2.0
7f3344006000-7f334400d000 r-xp 00002000 08:04 211973                     /usr/lib/x86_64-linux-gnu/libXrandr.so.2.2.0
7f334400d000-7f334400f000 r--p 00009000 08:04 211973                     /usr/lib/x86_64-linux-gnu/libXrandr.so.2.2.0
7f334400f000-7f3344010000 r--p 0000a000 08:04 211973                     /usr/lib/x86_64-linux-gnu/libXrandr.so.2.2.0
7f3344010000-7f3344011000 rw-p 0000b000 08:04 211973                     /usr/lib/x86_64-linux-gnu/libXrandr.so.2.2.0
7f3344011000-7f3344012000 r--p 00000000 08:04 211991                     /usr/lib/x86_64-linux-gnu/libXxf86vm.so.1.0.0
7f3344012000-7f3344015000 r-xp 00001000 08:04 211991                     /usr/lib/x86_64-linux-gnu/libXxf86vm.so.1.0.0
7f3344015000-7f3344016000 r--p 00004000 08:04 211991                     /usr/lib/x86_64-linux-gnu/libXxf86vm.so.1.0.0
7f3344016000-7f3344017000 r--p 00004000 08:04 211991                     /usr/lib/x86_64-linux-gnu/libXxf86vm.so.1.0.0
7f3344017000-7f3344018000 rw-p 00005000 08:04 211991                     /usr/lib/x86_64-linux-gnu/libXxf86vm.so.1.0.0
7f3344018000-7f334401a000 r--p 00000000 08:04 211953                     /usr/lib/x86_64-linux-gnu/libXdmcp.so.6.0.0
7f334401a000-7f334401c000 r-xp 00002000 08:04 211953                     /usr/lib/x86_64-linux-gnu/libXdmcp.so.6.0.0
7f334401c000-7f334401e000 r--p 00004000 08:04 211953                     /usr/lib/x86_64-linux-gnu/libXdmcp.so.6.0.0
7f334401e000-7f334401f000 r--p 00005000 08:04 211953                     /usr/lib/x86_64-linux-gnu/libXdmcp.so.6.0.0
7f334401f000-7f3344020000 rw-p 00006000 08:04 211953                     /usr/lib/x86_64-linux-gnu/libXdmcp.so.6.0.0
7f3344020000-7f3344021000 r--p 00000000 08:04 211942                     /usr/lib/x86_64-linux-gnu/libXau.so.6.0.0
7f3344021000-7f3344023000 r-xp 00001000 08:04 211942                     /usr/lib/x86_64-linux-gnu/libXau.so.6.0.0
7f3344023000-7f3344024000 r--p 00003000 08:04 211942                     /usr/lib/x86_64-linux-gnu/libXau.so.6.0.0
7f3344024000-7f3344025000 r--p 00003000 08:04 211942                     /usr/lib/x86_64-linux-gnu/libXau.so.6.0.0
7f3344025000-7f3344026000 rw-p 00004000 08:04 211942                     /usr/lib/x86_64-linux-gnu/libXau.so.6.0.0
7f3344026000-7f3344029000 r-xp 00000000 00:00 0 
7f3344029000-7f334402b000 rw-s 00000000 08:04 4849713                    /tmp/.glEayRyS (deleted)
7f334402b000-7f334402c000 rw-s 00000000 00:05 657                        /dev/nvidiactl
7f334402c000-7f3344030000 rw-s 00000000 00:05 657                        /dev/nvidiactl
7f3344030000-7f3344031000 rw-s 00000000 00:05 658                        /dev/nvidia0
7f3344031000-7f3344032000 rw-s 00000000 00:05 658                        /dev/nvidia0
7f3344032000-7f3344033000 rw-s 00000000 00:05 657                        /dev/nvidiactl
7f3344033000-7f3344034000 rw-s 00000000 00:05 657                        /dev/nvidiactl
7f3344034000-7f334403b000 r--s 00000000 08:04 394623                     /usr/lib/x86_64-linux-gnu/gconv/gconv-modules.cache
7f334403b000-7f334403c000 r-xp 00000000 00:00 0 
7f334403c000-7f334403f000 r--s 000a5000 08:04 4849709                    /home/david/Documents/GitLab/my-aweasome-2d-game-engine/.gradle/caches/modules-2/files-2.1/org.joml/joml/1.10.1/9825ac51cb8d274e23d4ad685b355e87afdaff06/joml-1.10.1.jar
7f334403f000-7f3344040000 r--s 00012000 08:04 4849891                    /home/david/Documents/GitLab/my-aweasome-2d-game-engine/.gradle/caches/modules-2/files-2.1/org.lwjgl/lwjgl/3.2.3/3d9d36c93446c7a1c90bc7aec8fa89c7988bf82b/lwjgl-3.2.3-natives-linux.jar
7f3344040000-7f3344052000 r--s 00353000 08:04 222011                     /usr/lib/jvm/jdk1.8.0_291/jre/lib/resources.jar
7f3344052000-7f3344059000 r--s 00081000 08:04 4849888                    /home/david/Documents/GitLab/my-aweasome-2d-game-engine/.gradle/caches/modules-2/files-2.1/org.lwjgl/lwjgl/3.2.3/17a59ba0fe8d474ec9dbe0d5db40d2cfe59c4c08/lwjgl-3.2.3.jar
7f3344059000-7f334405a000 r--s 00030000 08:04 4849890                    /home/david/Documents/GitLab/my-aweasome-2d-game-engine/.gradle/caches/modules-2/files-2.1/org.lwjgl/lwjgl-stb/3.2.3/189950254d81e9214b39cc656163541bf1accbba/lwjgl-stb-3.2.3-natives-linux.jar
7f334405a000-7f334405c000 r--s 00018000 08:04 4849887                    /home/david/Documents/GitLab/my-aweasome-2d-game-engine/.gradle/caches/modules-2/files-2.1/org.lwjgl/lwjgl-stb/3.2.3/40eccaa4fa86fc815f2e17946a392fb5fdcc286a/lwjgl-stb-3.2.3.jar
7f334405c000-7f334405d000 r--s 00013000 08:04 4849896                    /home/david/Documents/GitLab/my-aweasome-2d-game-engine/.gradle/caches/modules-2/files-2.1/org.lwjgl/lwjgl-opengl/3.2.3/7f14db5da9aa7951efe88993f519d7d38ad6e46b/lwjgl-opengl-3.2.3-natives-linux.jar
7f334405d000-7f3344068000 r--s 000da000 08:04 4849885                    /home/david/Documents/GitLab/my-aweasome-2d-game-engine/.gradle/caches/modules-2/files-2.1/org.lwjgl/lwjgl-opengl/3.2.3/bdd534a323d0c8f54969b95e424b6ac8984f7d6e/lwjgl-opengl-3.2.3.jar
7f3344068000-7f3344069000 r--s 00090000 08:04 4849892                    /home/david/Documents/GitLab/my-aweasome-2d-game-engine/.gradle/caches/modules-2/files-2.1/org.lwjgl/lwjgl-openal/3.2.3/869ddd9dbbf92a7d1be7f5942ca0adbde068d999/lwjgl-openal-3.2.3-natives-linux.jar
7f3344069000-7f334406b000 r--s 00012000 08:04 4849883                    /home/david/Documents/GitLab/my-aweasome-2d-game-engine/.gradle/caches/modules-2/files-2.1/org.lwjgl/lwjgl-openal/3.2.3/106742e805803ab9eab8e343f0fb31a3d263903c/lwjgl-openal-3.2.3.jar
7f334406b000-7f334406d000 r--s 00001000 08:04 4849884                    /home/david/Documents/GitLab/my-aweasome-2d-game-engine/.gradle/caches/modules-2/files-2.1/org.lwjgl/lwjgl-nfd/3.2.3/c44fee1043c022cf6614a28872d44cf114ca7737/lwjgl-nfd-3.2.3.jar
7f334406d000-7f3345000000 rw-p 00000000 00:00 0 
7f3345000000-7f3345310000 rwxp 00000000 00:00 0 
7f3345310000-7f3354000000 ---p 00000000 00:00 0 
7f3354000000-7f3354e36000 rw-p 00000000 00:00 0 
7f3354e36000-7f3358000000 ---p 00000000 00:00 0 
7f3358000000-7f3358001000 r--s 00001000 08:04 4849895                    /home/david/Documents/GitLab/my-aweasome-2d-game-engine/.gradle/caches/modules-2/files-2.1/org.lwjgl/lwjgl-nfd/3.2.3/e473f9c4814eb3e3cb8a8235266b10fee8063d09/lwjgl-nfd-3.2.3-natives-linux.jar
7f3358001000-7f3358002000 r--s 00026000 08:04 4849894                    /home/david/Documents/GitLab/my-aweasome-2d-game-engine/.gradle/caches/modules-2/files-2.1/org.lwjgl/lwjgl-glfw/3.2.3/62b044d9b0a057444bef2ab70b9afc288ec09dba/lwjgl-glfw-3.2.3-natives-linux.jar
7f3358002000-7f3358005000 r--s 00018000 08:04 4849889                    /home/david/Documents/GitLab/my-aweasome-2d-game-engine/.gradle/caches/modules-2/files-2.1/org.lwjgl/lwjgl-glfw/3.2.3/5e520d5c290c8b012545a8d34fa5db5ab051ea53/lwjgl-glfw-3.2.3.jar
7f3358005000-7f3358007000 r--s 003ff000 08:04 4849893                    /home/david/Documents/GitLab/my-aweasome-2d-game-engine/.gradle/caches/modules-2/files-2.1/org.lwjgl/lwjgl-assimp/3.2.3/9ecc218db17c49f2819a5a80dee7efea65a9ac4f/lwjgl-assimp-3.2.3-natives-linux.jar
7f3358007000-7f335800a000 r--s 00033000 08:04 4849886                    /home/david/Documents/GitLab/my-aweasome-2d-game-engine/.gradle/caches/modules-2/files-2.1/org.lwjgl/lwjgl-assimp/3.2.3/f62aa07a20afbdd3097efc296c4841e0d29700eb/lwjgl-assimp-3.2.3.jar
7f335800a000-7f3358402000 rw-p 00000000 00:00 0 
7f3358402000-7f33585df000 r--s 03e1d000 08:04 222012                     /usr/lib/jvm/jdk1.8.0_291/jre/lib/rt.jar
7f33585df000-7f33596ee000 rw-p 00000000 00:00 0 
7f33596ee000-7f33596ef000 ---p 00000000 00:00 0 
7f33596ef000-7f33597ef000 rw-p 00000000 00:00 0 
7f33597ef000-7f33597f0000 ---p 00000000 00:00 0 
7f33597f0000-7f33598f0000 rw-p 00000000 00:00 0 
7f33598f0000-7f33598f1000 ---p 00000000 00:00 0 
7f33598f1000-7f33599f1000 rw-p 00000000 00:00 0 
7f33599f1000-7f33599f2000 ---p 00000000 00:00 0 
7f33599f2000-7f3359af2000 rw-p 00000000 00:00 0 
7f3359af2000-7f3359af3000 ---p 00000000 00:00 0 
7f3359af3000-7f3359bf3000 rw-p 00000000 00:00 0 
7f3359bf3000-7f3359bf4000 ---p 00000000 00:00 0 
7f3359bf4000-7f3359cf4000 rw-p 00000000 00:00 0 
7f3359cf4000-7f3359cf5000 ---p 00000000 00:00 0 
7f3359cf5000-7f3359df5000 rw-p 00000000 00:00 0 
7f3359df5000-7f3359df6000 ---p 00000000 00:00 0 
7f3359df6000-7f3359f4a000 rw-p 00000000 00:00 0 
7f3359f4a000-7f335a426000 ---p 00000000 00:00 0 
7f335a426000-7f335a47a000 rw-p 00000000 00:00 0 
7f335a47a000-7f335a956000 ---p 00000000 00:00 0 
7f335a956000-7f335a980000 rw-p 00000000 00:00 0 
7f335a980000-7f335abee000 ---p 00000000 00:00 0 
7f335abee000-7f335abfc000 rw-p 00000000 00:00 0 
7f335abfc000-7f335afaf000 ---p 00000000 00:00 0 
7f335afaf000-7f335afca000 r-xp 00000000 08:04 221910                     /usr/lib/jvm/jdk1.8.0_291/jre/lib/amd64/libzip.so
7f335afca000-7f335b1c9000 ---p 0001b000 08:04 221910                     /usr/lib/jvm/jdk1.8.0_291/jre/lib/amd64/libzip.so
7f335b1c9000-7f335b1ca000 r--p 0001a000 08:04 221910                     /usr/lib/jvm/jdk1.8.0_291/jre/lib/amd64/libzip.so
7f335b1ca000-7f335b1cb000 rw-p 0001b000 08:04 221910                     /usr/lib/jvm/jdk1.8.0_291/jre/lib/amd64/libzip.so
7f335b1cb000-7f335b1d3000 rw-s 00000000 08:04 5374152                    /tmp/hsperfdata_david/114007
7f335b1d3000-7f335b1ff000 r-xp 00000000 08:04 221907                     /usr/lib/jvm/jdk1.8.0_291/jre/lib/amd64/libjava.so
7f335b1ff000-7f335b3ff000 ---p 0002c000 08:04 221907                     /usr/lib/jvm/jdk1.8.0_291/jre/lib/amd64/libjava.so
7f335b3ff000-7f335b400000 r--p 0002c000 08:04 221907                     /usr/lib/jvm/jdk1.8.0_291/jre/lib/amd64/libjava.so
7f335b400000-7f335b402000 rw-p 0002d000 08:04 221907                     /usr/lib/jvm/jdk1.8.0_291/jre/lib/amd64/libjava.so
7f335b402000-7f335b40f000 r-xp 00000000 08:04 221896                     /usr/lib/jvm/jdk1.8.0_291/jre/lib/amd64/libverify.so
7f335b40f000-7f335b60e000 ---p 0000d000 08:04 221896                     /usr/lib/jvm/jdk1.8.0_291/jre/lib/amd64/libverify.so
7f335b60e000-7f335b610000 r--p 0000c000 08:04 221896                     /usr/lib/jvm/jdk1.8.0_291/jre/lib/amd64/libverify.so
7f335b610000-7f335b611000 rw-p 0000e000 08:04 221896                     /usr/lib/jvm/jdk1.8.0_291/jre/lib/amd64/libverify.so
7f335b611000-7f335b614000 r--p 00000000 08:04 213073                     /usr/lib/x86_64-linux-gnu/librt-2.31.so
7f335b614000-7f335b618000 r-xp 00003000 08:04 213073                     /usr/lib/x86_64-linux-gnu/librt-2.31.so
7f335b618000-7f335b619000 r--p 00007000 08:04 213073                     /usr/lib/x86_64-linux-gnu/librt-2.31.so
7f335b619000-7f335b61a000 ---p 00008000 08:04 213073                     /usr/lib/x86_64-linux-gnu/librt-2.31.so
7f335b61a000-7f335b61b000 r--p 00008000 08:04 213073                     /usr/lib/x86_64-linux-gnu/librt-2.31.so
7f335b61b000-7f335b61c000 rw-p 00009000 08:04 213073                     /usr/lib/x86_64-linux-gnu/librt-2.31.so
7f335b61c000-7f335b61d000 ---p 00000000 00:00 0 
7f335b61d000-7f335b620000 ---p 00000000 00:00 0 
7f335b620000-7f335b71d000 rw-p 00000000 00:00 0 
7f335b71d000-7f335b72c000 r--p 00000000 08:04 212747                     /usr/lib/x86_64-linux-gnu/libm-2.31.so
7f335b72c000-7f335b7d3000 r-xp 0000f000 08:04 212747                     /usr/lib/x86_64-linux-gnu/libm-2.31.so
7f335b7d3000-7f335b86a000 r--p 000b6000 08:04 212747                     /usr/lib/x86_64-linux-gnu/libm-2.31.so
7f335b86a000-7f335b86b000 r--p 0014c000 08:04 212747                     /usr/lib/x86_64-linux-gnu/libm-2.31.so
7f335b86b000-7f335b86c000 rw-p 0014d000 08:04 212747                     /usr/lib/x86_64-linux-gnu/libm-2.31.so
7f335b86c000-7f335c561000 r-xp 00000000 08:04 221889                     /usr/lib/jvm/jdk1.8.0_291/jre/lib/amd64/server/libjvm.so
7f335c561000-7f335c761000 ---p 00cf5000 08:04 221889                     /usr/lib/jvm/jdk1.8.0_291/jre/lib/amd64/server/libjvm.so
7f335c761000-7f335c7f7000 r--p 00cf5000 08:04 221889                     /usr/lib/jvm/jdk1.8.0_291/jre/lib/amd64/server/libjvm.so
7f335c7f7000-7f335c828000 rw-p 00d8b000 08:04 221889                     /usr/lib/jvm/jdk1.8.0_291/jre/lib/amd64/server/libjvm.so
7f335c828000-7f335c865000 rw-p 00000000 00:00 0 
7f335c865000-7f335c88a000 r--p 00000000 08:04 212113                     /usr/lib/x86_64-linux-gnu/libc-2.31.so
7f335c88a000-7f335ca02000 r-xp 00025000 08:04 212113                     /usr/lib/x86_64-linux-gnu/libc-2.31.so
7f335ca02000-7f335ca4c000 r--p 0019d000 08:04 212113                     /usr/lib/x86_64-linux-gnu/libc-2.31.so
7f335ca4c000-7f335ca4d000 ---p 001e7000 08:04 212113                     /usr/lib/x86_64-linux-gnu/libc-2.31.so
7f335ca4d000-7f335ca50000 r--p 001e7000 08:04 212113                     /usr/lib/x86_64-linux-gnu/libc-2.31.so
7f335ca50000-7f335ca53000 rw-p 001ea000 08:04 212113                     /usr/lib/x86_64-linux-gnu/libc-2.31.so
7f335ca53000-7f335ca57000 rw-p 00000000 00:00 0 
7f335ca57000-7f335ca58000 r--p 00000000 08:04 212248                     /usr/lib/x86_64-linux-gnu/libdl-2.31.so
7f335ca58000-7f335ca5a000 r-xp 00001000 08:04 212248                     /usr/lib/x86_64-linux-gnu/libdl-2.31.so
7f335ca5a000-7f335ca5b000 r--p 00003000 08:04 212248                     /usr/lib/x86_64-linux-gnu/libdl-2.31.so
7f335ca5b000-7f335ca5c000 r--p 00003000 08:04 212248                     /usr/lib/x86_64-linux-gnu/libdl-2.31.so
7f335ca5c000-7f335ca5d000 rw-p 00004000 08:04 212248                     /usr/lib/x86_64-linux-gnu/libdl-2.31.so
7f335ca5d000-7f335ca74000 r-xp 00000000 08:04 2098254                    /usr/lib/jvm/jdk1.8.0_291/lib/amd64/jli/libjli.so
7f335ca74000-7f335cc73000 ---p 00017000 08:04 2098254                    /usr/lib/jvm/jdk1.8.0_291/lib/amd64/jli/libjli.so
7f335cc73000-7f335cc74000 r--p 00016000 08:04 2098254                    /usr/lib/jvm/jdk1.8.0_291/lib/amd64/jli/libjli.so
7f335cc74000-7f335cc75000 rw-p 00017000 08:04 2098254                    /usr/lib/jvm/jdk1.8.0_291/lib/amd64/jli/libjli.so
7f335cc75000-7f335cc7c000 r--p 00000000 08:04 213012                     /usr/lib/x86_64-linux-gnu/libpthread-2.31.so
7f335cc7c000-7f335cc8d000 r-xp 00007000 08:04 213012                     /usr/lib/x86_64-linux-gnu/libpthread-2.31.so
7f335cc8d000-7f335cc92000 r--p 00018000 08:04 213012                     /usr/lib/x86_64-linux-gnu/libpthread-2.31.so
7f335cc92000-7f335cc93000 r--p 0001c000 08:04 213012                     /usr/lib/x86_64-linux-gnu/libpthread-2.31.so
7f335cc93000-7f335cc94000 rw-p 0001d000 08:04 213012                     /usr/lib/x86_64-linux-gnu/libpthread-2.31.so
7f335cc94000-7f335cc9a000 rw-p 00000000 00:00 0 
7f335cc9a000-7f335cc9d000 r--p 00000000 08:04 212871                     /usr/lib/x86_64-linux-gnu/libnss_files-2.31.so
7f335cc9d000-7f335cca4000 r-xp 00003000 08:04 212871                     /usr/lib/x86_64-linux-gnu/libnss_files-2.31.so
7f335cca4000-7f335cca6000 r--p 0000a000 08:04 212871                     /usr/lib/x86_64-linux-gnu/libnss_files-2.31.so
7f335cca6000-7f335cca7000 r--p 0000b000 08:04 212871                     /usr/lib/x86_64-linux-gnu/libnss_files-2.31.so
7f335cca7000-7f335cca8000 rw-p 0000c000 08:04 212871                     /usr/lib/x86_64-linux-gnu/libnss_files-2.31.so
7f335cca8000-7f335ccaf000 rw-p 00000000 00:00 0 
7f335ccaf000-7f335ccb0000 r--p 00000000 08:04 211900                     /usr/lib/x86_64-linux-gnu/ld-2.31.so
7f335ccb0000-7f335ccd3000 r-xp 00001000 08:04 211900                     /usr/lib/x86_64-linux-gnu/ld-2.31.so
7f335ccd3000-7f335ccdb000 r--p 00024000 08:04 211900                     /usr/lib/x86_64-linux-gnu/ld-2.31.so
7f335ccdb000-7f335ccdc000 r--p 00000000 00:00 0 
7f335ccdc000-7f335ccdd000 r--p 0002c000 08:04 211900                     /usr/lib/x86_64-linux-gnu/ld-2.31.so
7f335ccdd000-7f335ccde000 rw-p 0002d000 08:04 211900                     /usr/lib/x86_64-linux-gnu/ld-2.31.so
7f335ccde000-7f335ccdf000 rw-p 00000000 00:00 0 
7fff43eed000-7fff43f0f000 rw-p 00000000 00:00 0                          [stack]
7fff43fbc000-7fff43fc0000 r--p 00000000 00:00 0                          [vvar]
7fff43fc0000-7fff43fc2000 r-xp 00000000 00:00 0                          [vdso]
ffffffffff600000-ffffffffff601000 --xp 00000000 00:00 0                  [vsyscall]

VM Arguments:
jvm_args: -Dfile.encoding=UTF-8 -Duser.country=US -Duser.language=en -Duser.variant 
java_command: Main -ea
java_class_path (initial): /home/david/Documents/GitHub/marioLWJGL/build/classes/java/main:/home/david/Documents/GitHub/marioLWJGL/build/resources/main:/home/david/Documents/GitLab/my-aweasome-2d-game-engine/.gradle/caches/modules-2/files-2.1/org.lwjgl/lwjgl-assimp/3.2.3/f62aa07a20afbdd3097efc296c4841e0d29700eb/lwjgl-assimp-3.2.3.jar:/home/david/Documents/GitLab/my-aweasome-2d-game-engine/.gradle/caches/modules-2/files-2.1/org.lwjgl/lwjgl-assimp/3.2.3/9ecc218db17c49f2819a5a80dee7efea65a9ac4f/lwjgl-assimp-3.2.3-natives-linux.jar:/home/david/Documents/GitLab/my-aweasome-2d-game-engine/.gradle/caches/modules-2/files-2.1/org.lwjgl/lwjgl-glfw/3.2.3/5e520d5c290c8b012545a8d34fa5db5ab051ea53/lwjgl-glfw-3.2.3.jar:/home/david/Documents/GitLab/my-aweasome-2d-game-engine/.gradle/caches/modules-2/files-2.1/org.lwjgl/lwjgl-glfw/3.2.3/62b044d9b0a057444bef2ab70b9afc288ec09dba/lwjgl-glfw-3.2.3-natives-linux.jar:/home/david/Documents/GitLab/my-aweasome-2d-game-engine/.gradle/caches/modules-2/files-2.1/org.lwjgl/lwjgl-nfd/3.2.3/c44fee1043c022cf6614a28872d44cf114ca7737/lwjgl-nfd-3.2.3.jar:/home/david/Documents/GitLab/my-aweasome-2d-game-engine/.gradle/caches/modules-2/files-2.1/org.lwjgl/lwjgl-nfd/3.2.3/e473f9c4814eb3e3cb8a8235266b10fee8063d09/lwjgl-nfd-3.2.3-natives-linux.jar:/home/david/Documents/GitLab/my-aweasome-2d-game-engine/.gradle/caches/modules-2/files-2.1/org.lwjgl/lwjgl-openal/3.2.3/106742e805803ab9eab8e343f0fb31a3d263903c/lwjgl-openal-3.2.3.jar:/home/david/Documents/GitLab/my-aweasome-2d-game-engine/.gradle/caches/modules-2/files-2.1/org.lwjgl/lwjgl-openal/3.2.3/869ddd9dbbf92a7d1be7f5942ca0adbde068d999/lwjgl-openal-3.2.3-natives-linux.jar:/home/david/Documents/GitLab/my-aweasome-2d-game-engine/.gradle/caches/modules-2/files-2.1/org.lwjgl/lwjgl-opengl/3.2.3/bdd534a323d0c8f54969b95e424b6ac8984f7d6e/lwjgl-opengl-3.2.3.jar:/home/david/Documents/GitLab/my-aweasome-2d-game-engine/.gradle/caches/modules-2/files-2.1/org.lwjgl/lwjgl-opengl/3.2.3/7f14db5da9aa7951efe88993f519d7d38a
Launcher Type: SUN_STANDARD

Environment Variables:
PATH=/home/david/bin:/usr/local/sbin:/usr/local/bin:/usr/sbin:/usr/bin:/sbin:/bin:/usr/games:/usr/local/games:/snap/bin
USERNAME=david
SHELL=/bin/bash
DISPLAY=:1

Signal Handlers:
SIGSEGV: [libjvm.so+0xadec90], sa_mask[0]=11111111011111111101111111111110, sa_flags=SA_RESTART|SA_SIGINFO
SIGBUS: [libjvm.so+0xadec90], sa_mask[0]=11111111011111111101111111111110, sa_flags=SA_RESTART|SA_SIGINFO
SIGFPE: [libjvm.so+0x913090], sa_mask[0]=11111111011111111101111111111110, sa_flags=SA_RESTART|SA_SIGINFO
SIGPIPE: [libjvm.so+0x913090], sa_mask[0]=11111111011111111101111111111110, sa_flags=SA_RESTART|SA_SIGINFO
SIGXFSZ: [libjvm.so+0x913090], sa_mask[0]=11111111011111111101111111111110, sa_flags=SA_RESTART|SA_SIGINFO
SIGILL: [libjvm.so+0x913090], sa_mask[0]=11111111011111111101111111111110, sa_flags=SA_RESTART|SA_SIGINFO
SIGUSR1: SIG_DFL, sa_mask[0]=00000000000000000000000000000000, sa_flags=none
SIGUSR2: [libjvm.so+0x912f60], sa_mask[0]=00100000000000000000000000000000, sa_flags=SA_RESTART|SA_SIGINFO
SIGHUP: [libjvm.so+0x913580], sa_mask[0]=11111111011111111101111111111110, sa_flags=SA_RESTART|SA_SIGINFO
SIGINT: [libjvm.so+0x913580], sa_mask[0]=11111111011111111101111111111110, sa_flags=SA_RESTART|SA_SIGINFO
SIGTERM: [libjvm.so+0x913580], sa_mask[0]=11111111011111111101111111111110, sa_flags=SA_RESTART|SA_SIGINFO
SIGQUIT: [libjvm.so+0x913580], sa_mask[0]=11111111011111111101111111111110, sa_flags=SA_RESTART|SA_SIGINFO


---------------  S Y S T E M  ---------------

OS:DISTRIB_ID=Ubuntu
DISTRIB_RELEASE=20.04
DISTRIB_CODENAME=focal
DISTRIB_DESCRIPTION="Ubuntu 20.04.3 LTS"

uname:Linux 5.11.0-27-generic #29~20.04.1-Ubuntu SMP Wed Aug 11 15:58:17 UTC 2021 x86_64
libc:glibc 2.31 NPTL 2.31 
rlimit: STACK 8192k, CORE 0k, NPROC 63480, NOFILE 1048576, AS infinity
load average:6,59 5,34 3,22

/proc/meminfo:
MemTotal:       16310308 kB
MemFree:         7949728 kB
MemAvailable:   10884548 kB
Buffers:          110600 kB
Cached:          3079260 kB
SwapCached:            0 kB
Active:          1031828 kB
Inactive:        6844956 kB
Active(anon):       2584 kB
Inactive(anon):  4742084 kB
Active(file):    1029244 kB
Inactive(file):  2102872 kB
Unevictable:          32 kB
Mlocked:              32 kB
SwapTotal:      16777212 kB
SwapFree:       16777212 kB
Dirty:             14540 kB
Writeback:           132 kB
AnonPages:       4687080 kB
Mapped:          1142592 kB
Shmem:             57740 kB
KReclaimable:     124836 kB
Slab:             246508 kB
SReclaimable:     124836 kB
SUnreclaim:       121672 kB
KernelStack:       19792 kB
PageTables:        46632 kB
NFS_Unstable:          0 kB
Bounce:                0 kB
WritebackTmp:          0 kB
CommitLimit:    24932364 kB
Committed_AS:   13427000 kB
VmallocTotal:   34359738367 kB
VmallocUsed:       65844 kB
VmallocChunk:          0 kB
Percpu:             6272 kB
HardwareCorrupted:     0 kB
AnonHugePages:         0 kB
ShmemHugePages:        0 kB
ShmemPmdMapped:        0 kB
FileHugePages:         0 kB
FilePmdMapped:         0 kB
HugePages_Total:       0
HugePages_Free:        0
HugePages_Rsvd:        0
HugePages_Surp:        0
Hugepagesize:       2048 kB
Hugetlb:               0 kB
DirectMap4k:      440200 kB
DirectMap2M:    11010048 kB
DirectMap1G:     6291456 kB

container (cgroup) information:
container_type: cgroupv1
cpu_cpuset_cpus: 0-7
cpu_memory_nodes: 0
active_processor_count: 8
cpu_quota: -1
cpu_period: 100000
cpu_shares: -1
memory_limit_in_bytes: -1
memory_and_swap_limit_in_bytes: -1
memory_soft_limit_in_bytes: -1
memory_usage_in_bytes: 6471303168
memory_max_usage_in_bytes: 6471495680


CPU:total 8 (initial active 8) (4 cores per cpu, 2 threads per core) family 6 model 60 stepping 3, cmov, cx8, fxsr, mmx, sse, sse2, sse3, ssse3, sse4.1, sse4.2, popcnt, avx, avx2, aes, clmul, erms, lzcnt, ht, tsc, tscinvbit, bmi1, bmi2

/proc/cpuinfo:
processor	: 0
vendor_id	: GenuineIntel
cpu family	: 6
model		: 60
model name	: Intel(R) Core(TM) i7-4700HQ CPU @ 2.40GHz
stepping	: 3
microcode	: 0x28
cpu MHz		: 798.241
cache size	: 6144 KB
physical id	: 0
siblings	: 8
core id		: 0
cpu cores	: 4
apicid		: 0
initial apicid	: 0
fpu		: yes
fpu_exception	: yes
cpuid level	: 13
wp		: yes
flags		: fpu vme de pse tsc msr pae mce cx8 apic sep mtrr pge mca cmov pat pse36 clflush dts acpi mmx fxsr sse sse2 ss ht tm pbe syscall nx pdpe1gb rdtscp lm constant_tsc arch_perfmon pebs bts rep_good nopl xtopology nonstop_tsc cpuid aperfmperf pni pclmulqdq dtes64 monitor ds_cpl vmx est tm2 ssse3 sdbg fma cx16 xtpr pdcm pcid sse4_1 sse4_2 x2apic movbe popcnt tsc_deadline_timer aes xsave avx f16c rdrand lahf_lm abm cpuid_fault epb invpcid_single pti ssbd ibrs ibpb stibp tpr_shadow vnmi flexpriority ept vpid ept_ad fsgsbase tsc_adjust bmi1 avx2 smep bmi2 erms invpcid xsaveopt dtherm ida arat pln pts md_clear flush_l1d
vmx flags	: vnmi preemption_timer invvpid ept_x_only ept_ad ept_1gb flexpriority tsc_offset vtpr mtf vapic ept vpid unrestricted_guest ple
bugs		: cpu_meltdown spectre_v1 spectre_v2 spec_store_bypass l1tf mds swapgs itlb_multihit srbds
bogomips	: 4789.44
clflush size	: 64
cache_alignment	: 64
address sizes	: 39 bits physical, 48 bits virtual
power management:

processor	: 1
vendor_id	: GenuineIntel
cpu family	: 6
model		: 60
model name	: Intel(R) Core(TM) i7-4700HQ CPU @ 2.40GHz
stepping	: 3
microcode	: 0x28
cpu MHz		: 798.237
cache size	: 6144 KB
physical id	: 0
siblings	: 8
core id		: 1
cpu cores	: 4
apicid		: 2
initial apicid	: 2
fpu		: yes
fpu_exception	: yes
cpuid level	: 13
wp		: yes
flags		: fpu vme de pse tsc msr pae mce cx8 apic sep mtrr pge mca cmov pat pse36 clflush dts acpi mmx fxsr sse sse2 ss ht tm pbe syscall nx pdpe1gb rdtscp lm constant_tsc arch_perfmon pebs bts rep_good nopl xtopology nonstop_tsc cpuid aperfmperf pni pclmulqdq dtes64 monitor ds_cpl vmx est tm2 ssse3 sdbg fma cx16 xtpr pdcm pcid sse4_1 sse4_2 x2apic movbe popcnt tsc_deadline_timer aes xsave avx f16c rdrand lahf_lm abm cpuid_fault epb invpcid_single pti ssbd ibrs ibpb stibp tpr_shadow vnmi flexpriority ept vpid ept_ad fsgsbase tsc_adjust bmi1 avx2 smep bmi2 erms invpcid xsaveopt dtherm ida arat pln pts md_clear flush_l1d
vmx flags	: vnmi preemption_timer invvpid ept_x_only ept_ad ept_1gb flexpriority tsc_offset vtpr mtf vapic ept vpid unrestricted_guest ple
bugs		: cpu_meltdown spectre_v1 spectre_v2 spec_store_bypass l1tf mds swapgs itlb_multihit srbds
bogomips	: 4789.44
clflush size	: 64
cache_alignment	: 64
address sizes	: 39 bits physical, 48 bits virtual
power management:

processor	: 2
vendor_id	: GenuineIntel
cpu family	: 6
model		: 60
model name	: Intel(R) Core(TM) i7-4700HQ CPU @ 2.40GHz
stepping	: 3
microcode	: 0x28
cpu MHz		: 900.000
cache size	: 6144 KB
physical id	: 0
siblings	: 8
core id		: 2
cpu cores	: 4
apicid		: 4
initial apicid	: 4
fpu		: yes
fpu_exception	: yes
cpuid level	: 13
wp		: yes
flags		: fpu vme de pse tsc msr pae mce cx8 apic sep mtrr pge mca cmov pat pse36 clflush dts acpi mmx fxsr sse sse2 ss ht tm pbe syscall nx pdpe1gb rdtscp lm constant_tsc arch_perfmon pebs bts rep_good nopl xtopology nonstop_tsc cpuid aperfmperf pni pclmulqdq dtes64 monitor ds_cpl vmx est tm2 ssse3 sdbg fma cx16 xtpr pdcm pcid sse4_1 sse4_2 x2apic movbe popcnt tsc_deadline_timer aes xsave avx f16c rdrand lahf_lm abm cpuid_fault epb invpcid_single pti ssbd ibrs ibpb stibp tpr_shadow vnmi flexpriority ept vpid ept_ad fsgsbase tsc_adjust bmi1 avx2 smep bmi2 erms invpcid xsaveopt dtherm ida arat pln pts md_clear flush_l1d
vmx flags	: vnmi preemption_timer invvpid ept_x_only ept_ad ept_1gb flexpriority tsc_offset vtpr mtf vapic ept vpid unrestricted_guest ple
bugs		: cpu_meltdown spectre_v1 spectre_v2 spec_store_bypass l1tf mds swapgs itlb_multihit srbds
bogomips	: 4789.44
clflush size	: 64
cache_alignment	: 64
address sizes	: 39 bits physical, 48 bits virtual
power management:

processor	: 3
vendor_id	: GenuineIntel
cpu family	: 6
model		: 60
model name	: Intel(R) Core(TM) i7-4700HQ CPU @ 2.40GHz
stepping	: 3
microcode	: 0x28
cpu MHz		: 800.000
cache size	: 6144 KB
physical id	: 0
siblings	: 8
core id		: 3
cpu cores	: 4
apicid		: 6
initial apicid	: 6
fpu		: yes
fpu_exception	: yes
cpuid level	: 13
wp		: yes
flags		: fpu vme de pse tsc msr pae mce cx8 apic sep mtrr pge mca cmov pat pse36 clflush dts acpi mmx fxsr sse sse2 ss ht tm pbe syscall nx pdpe1gb rdtscp lm constant_tsc arch_perfmon pebs bts rep_good nopl xtopology nonstop_tsc cpuid aperfmperf pni pclmulqdq dtes64 monitor ds_cpl vmx est tm2 ssse3 sdbg fma cx16 xtpr pdcm pcid sse4_1 sse4_2 x2apic movbe popcnt tsc_deadline_timer aes xsave avx f16c rdrand lahf_lm abm cpuid_fault epb invpcid_single pti ssbd ibrs ibpb stibp tpr_shadow vnmi flexpriority ept vpid ept_ad fsgsbase tsc_adjust bmi1 avx2 smep bmi2 erms invpcid xsaveopt dtherm ida arat pln pts md_clear flush_l1d
vmx flags	: vnmi preemption_timer invvpid ept_x_only ept_ad ept_1gb flexpriority tsc_offset vtpr mtf vapic ept vpid unrestricted_guest ple
bugs		: cpu_meltdown spectre_v1 spectre_v2 spec_store_bypass l1tf mds swapgs itlb_multihit srbds
bogomips	: 4789.44
clflush size	: 64
cache_alignment	: 64
address sizes	: 39 bits physical, 48 bits virtual
power management:

processor	: 4
vendor_id	: GenuineIntel
cpu family	: 6
model		: 60
model name	: Intel(R) Core(TM) i7-4700HQ CPU @ 2.40GHz
stepping	: 3
microcode	: 0x28
cpu MHz		: 800.000
cache size	: 6144 KB
physical id	: 0
siblings	: 8
core id		: 0
cpu cores	: 4
apicid		: 1
initial apicid	: 1
fpu		: yes
fpu_exception	: yes
cpuid level	: 13
wp		: yes
flags		: fpu vme de pse tsc msr pae mce cx8 apic sep mtrr pge mca cmov pat pse36 clflush dts acpi mmx fxsr sse sse2 ss ht tm pbe syscall nx pdpe1gb rdtscp lm constant_tsc arch_perfmon pebs bts rep_good nopl xtopology nonstop_tsc cpuid aperfmperf pni pclmulqdq dtes64 monitor ds_cpl vmx est tm2 ssse3 sdbg fma cx16 xtpr pdcm pcid sse4_1 sse4_2 x2apic movbe popcnt tsc_deadline_timer aes xsave avx f16c rdrand lahf_lm abm cpuid_fault epb invpcid_single pti ssbd ibrs ibpb stibp tpr_shadow vnmi flexpriority ept vpid ept_ad fsgsbase tsc_adjust bmi1 avx2 smep bmi2 erms invpcid xsaveopt dtherm ida arat pln pts md_clear flush_l1d
vmx flags	: vnmi preemption_timer invvpid ept_x_only ept_ad ept_1gb flexpriority tsc_offset vtpr mtf vapic ept vpid unrestricted_guest ple
bugs		: cpu_meltdown spectre_v1 spectre_v2 spec_store_bypass l1tf mds swapgs itlb_multihit srbds
bogomips	: 4789.44
clflush size	: 64
cache_alignment	: 64
address sizes	: 39 bits physical, 48 bits virtual
power management:

processor	: 5
vendor_id	: GenuineIntel
cpu family	: 6
model		: 60
model name	: Intel(R) Core(TM) i7-4700HQ CPU @ 2.40GHz
stepping	: 3
microcode	: 0x28
cpu MHz		: 798.240
cache size	: 6144 KB
physical id	: 0
siblings	: 8
core id		: 1
cpu cores	: 4
apicid		: 3
initial apicid	: 3
fpu		: yes
fpu_exception	: yes
cpuid level	: 13
wp		: yes
flags		: fpu vme de pse tsc msr pae mce cx8 apic sep mtrr pge mca cmov pat pse36 clflush dts acpi mmx fxsr sse sse2 ss ht tm pbe syscall nx pdpe1gb rdtscp lm constant_tsc arch_perfmon pebs bts rep_good nopl xtopology nonstop_tsc cpuid aperfmperf pni pclmulqdq dtes64 monitor ds_cpl vmx est tm2 ssse3 sdbg fma cx16 xtpr pdcm pcid sse4_1 sse4_2 x2apic movbe popcnt tsc_deadline_timer aes xsave avx f16c rdrand lahf_lm abm cpuid_fault epb invpcid_single pti ssbd ibrs ibpb stibp tpr_shadow vnmi flexpriority ept vpid ept_ad fsgsbase tsc_adjust bmi1 avx2 smep bmi2 erms invpcid xsaveopt dtherm ida arat pln pts md_clear flush_l1d
vmx flags	: vnmi preemption_timer invvpid ept_x_only ept_ad ept_1gb flexpriority tsc_offset vtpr mtf vapic ept vpid unrestricted_guest ple
bugs		: cpu_meltdown spectre_v1 spectre_v2 spec_store_bypass l1tf mds swapgs itlb_multihit srbds
bogomips	: 4789.44
clflush size	: 64
cache_alignment	: 64
address sizes	: 39 bits physical, 48 bits virtual
power management:

processor	: 6
vendor_id	: GenuineIntel
cpu family	: 6
model		: 60
model name	: Intel(R) Core(TM) i7-4700HQ CPU @ 2.40GHz
stepping	: 3
microcode	: 0x28
cpu MHz		: 1200.000
cache size	: 6144 KB
physical id	: 0
siblings	: 8
core id		: 2
cpu cores	: 4
apicid		: 5
initial apicid	: 5
fpu		: yes
fpu_exception	: yes
cpuid level	: 13
wp		: yes
flags		: fpu vme de pse tsc msr pae mce cx8 apic sep mtrr pge mca cmov pat pse36 clflush dts acpi mmx fxsr sse sse2 ss ht tm pbe syscall nx pdpe1gb rdtscp lm constant_tsc arch_perfmon pebs bts rep_good nopl xtopology nonstop_tsc cpuid aperfmperf pni pclmulqdq dtes64 monitor ds_cpl vmx est tm2 ssse3 sdbg fma cx16 xtpr pdcm pcid sse4_1 sse4_2 x2apic movbe popcnt tsc_deadline_timer aes xsave avx f16c rdrand lahf_lm abm cpuid_fault epb invpcid_single pti ssbd ibrs ibpb stibp tpr_shadow vnmi flexpriority ept vpid ept_ad fsgsbase tsc_adjust bmi1 avx2 smep bmi2 erms invpcid xsaveopt dtherm ida arat pln pts md_clear flush_l1d
vmx flags	: vnmi preemption_timer invvpid ept_x_only ept_ad ept_1gb flexpriority tsc_offset vtpr mtf vapic ept vpid unrestricted_guest ple
bugs		: cpu_meltdown spectre_v1 spectre_v2 spec_store_bypass l1tf mds swapgs itlb_multihit srbds
bogomips	: 4789.44
clflush size	: 64
cache_alignment	: 64
address sizes	: 39 bits physical, 48 bits virtual
power management:

processor	: 7
vendor_id	: GenuineIntel
cpu family	: 6
model		: 60
model name	: Intel(R) Core(TM) i7-4700HQ CPU @ 2.40GHz
stepping	: 3
microcode	: 0x28
cpu MHz		: 800.000
cache size	: 6144 KB
physical id	: 0
siblings	: 8
core id		: 3
cpu cores	: 4
apicid		: 7
initial apicid	: 7
fpu		: yes
fpu_exception	: yes
cpuid level	: 13
wp		: yes
flags		: fpu vme de pse tsc msr pae mce cx8 apic sep mtrr pge mca cmov pat pse36 clflush dts acpi mmx fxsr sse sse2 ss ht tm pbe syscall nx pdpe1gb rdtscp lm constant_tsc arch_perfmon pebs bts rep_good nopl xtopology nonstop_tsc cpuid aperfmperf pni pclmulqdq dtes64 monitor ds_cpl vmx est tm2 ssse3 sdbg fma cx16 xtpr pdcm pcid sse4_1 sse4_2 x2apic movbe popcnt tsc_deadline_timer aes xsave avx f16c rdrand lahf_lm abm cpuid_fault epb invpcid_single pti ssbd ibrs ibpb stibp tpr_shadow vnmi flexpriority ept vpid ept_ad fsgsbase tsc_adjust bmi1 avx2 smep bmi2 erms invpcid xsaveopt dtherm ida arat pln pts md_clear flush_l1d
vmx flags	: vnmi preemption_timer invvpid ept_x_only ept_ad ept_1gb flexpriority tsc_offset vtpr mtf vapic ept vpid unrestricted_guest ple
bugs		: cpu_meltdown spectre_v1 spectre_v2 spec_store_bypass l1tf mds swapgs itlb_multihit srbds
bogomips	: 4789.44
clflush size	: 64
cache_alignment	: 64
address sizes	: 39 bits physical, 48 bits virtual
power management:



Memory: 4k page, physical 16310308k(7949728k free), swap 16777212k(16777212k free)

vm_info: Java HotSpot(TM) 64-Bit Server VM (25.291-b10) for linux-amd64 JRE (1.8.0_291-b10), built on Apr  7 2021 19:13:06 by "java_re" with gcc 7.3.0

time: Mon Aug 23 12:11:49 2021
timezone: WEST
elapsed time: 2.671070 seconds (0d 0h 0m 2s)

