#
# A fatal error has been detected by the Java Runtime Environment:
#
#  SIGSEGV (0xb) at pc=0x00007f25b326b318, pid=112919, tid=0x00007f25df2a8700
#
# JRE version: Java(TM) SE Runtime Environment (8.0_291-b10) (build 1.8.0_291-b10)
# Java VM: Java HotSpot(TM) 64-Bit Server VM (25.291-b10 mixed mode linux-amd64 compressed oops)
# Problematic frame:
# C  [libnvidia-glcore.so.418.211.00+0xedf318]
#
# Failed to write core dump. Core dumps have been disabled. To enable core dumping, try "ulimit -c unlimited" before starting Java again
#
# If you would like to submit a bug report, please visit:
#   http://bugreport.java.com/bugreport/crash.jsp
# The crash happened outside the Java Virtual Machine in native code.
# See problematic frame for where to report the bug.
#

---------------  T H R E A D  ---------------

Current thread (0x00007f25d800c000):  JavaThread "main" [_thread_in_native, id=112922, stack(0x00007f25df1a9000,0x00007f25df2a9000)]

siginfo: si_signo: 11 (SIGSEGV), si_code: 1 (SEGV_MAPERR), si_addr: 0x0000000000000000

Registers:
RAX=0x0000000040605220, RBX=0x00000000405ae000, RCX=0x0000000000001770, RDX=0x00000000ffffffff
RSP=0x00007f25df2a7430, RBP=0x00000000405ae000, RSI=0x0000000000000000, RDI=0x0000000000000000
R8 =0x0000000000001405, R9 =0x0000000000000000, R10=0x0000000000000000, R11=0x0000000000000000
R12=0x0000000000000010, R13=0x0000000000000000, R14=0x0000000000001770, R15=0x00007f25df2a753c
RIP=0x00007f25b326b318, EFLAGS=0x0000000000010246, CSGSFS=0x002b000000000033, ERR=0x0000000000000004
  TRAPNO=0x000000000000000e

Top of Stack: (sp=0x00007f25df2a7430)
0x00007f25df2a7430:   000000076ebdf590 00000000405ae000
0x00007f25df2a7440:   00000000405ae000 0000000040605828
0x00007f25df2a7450:   0000000000000000 0000000000000000
0x00007f25df2a7460:   0000000040605208 00007f25b3342964
0x00007f25df2a7470:   00007f25df2a753c 00007f25df2a7538
0x00007f25df2a7480:   00001405c90082bd ffffffff00001770
0x00007f25df2a7490:   0000000400000000 0000000000000000
0x00007f25df2a74a0:   00007f25d85e7120 00007f25df2a7320
0x00007f25df2a74b0:   00007f252aaaee83 00007f25dc5943d6
0x00007f25df2a74c0:   00007f25df2a7530 00007f25dc65e2d8
0x00007f25df2a74d0:   0000000000000104 00c0000000000000
0x00007f25df2a74e0:   0000000000000000 0000000040605828
0x00007f25df2a74f0:   00000000405ae000 0000000040605220
0x00007f25df2a7500:   0000000000001405 00007f25b3343643
0x00007f25df2a7510:   00000000405ae000 00007f25d897d020
0x00007f25df2a7520:   00000000df2a7638 0000000000000004
0x00007f25df2a7530:   00007f25405ae001 00007f25df2a8700
0x00007f25df2a7540:   0000000100000000 00000000405ae000
0x00007f25df2a7550:   00000000405f9080 0000000000000004
0x00007f25df2a7560:   0000000000001405 0000000000000010
0x00007f25df2a7570:   0000000000000000 00007f25b2ee7a4b
0x00007f25df2a7580:   0000000000000000 00007f25c9018c3b
0x00007f25df2a7590:   0000000100000000 00007f25df2a75b0
0x00007f25df2a75a0:   00001770df2a7610 00007f25b8eb5158
0x00007f25df2a75b0:   00007f25df2a7650 0000000000000000
0x00007f25df2a75c0:   00007f25b8eb5158 00007f25df2a7690
0x00007f25df2a75d0:   00007f25d800c000 00007f25c90186e7
0x00007f25df2a75e0:   00007f25df2a7630 00007f25b3ff6640
0x00007f25df2a75f0:   0000000000000001 00007f25e04d1235
0x00007f25df2a7600:   00007f25c90082bd 0000000000000000
0x00007f25df2a7610:   00007f25df2a7610 0000000000000000
0x00007f25df2a7620:   00007f25df2a7690 00007f25b8ebf970 

Instructions: (pc=0x00007f25b326b318)
0x00007f25b326b2f8:   7c 05 00 80 b8 29 06 00 00 00 0f 85 26 02 00 00
0x00007f25b326b308:   44 8b 90 00 06 00 00 45 85 d2 0f 85 aa 01 00 00
0x00007f25b326b318:   44 8b 07 41 83 fc 01 4c 8d 4f 04 b9 01 00 00 00
0x00007f25b326b328:   44 89 c6 7e 2a 48 89 fa 8b 42 04 41 39 c0 44 0f 

Register to memory mapping:

RAX=0x0000000040605220 is an unknown value
RBX=0x00000000405ae000 is an unknown value
RCX=0x0000000000001770 is an unknown value
RDX=0x00000000ffffffff is an unknown value
RSP=0x00007f25df2a7430 is pointing into the stack for thread: 0x00007f25d800c000
RBP=0x00000000405ae000 is an unknown value
RSI=0x0000000000000000 is an unknown value
RDI=0x0000000000000000 is an unknown value
R8 =0x0000000000001405 is an unknown value
R9 =0x0000000000000000 is an unknown value
R10=0x0000000000000000 is an unknown value
R11=0x0000000000000000 is an unknown value
R12=0x0000000000000010 is an unknown value
R13=0x0000000000000000 is an unknown value
R14=0x0000000000001770 is an unknown value
R15=0x00007f25df2a753c is pointing into the stack for thread: 0x00007f25d800c000


Stack: [0x00007f25df1a9000,0x00007f25df2a9000],  sp=0x00007f25df2a7430,  free space=1017k
Native frames: (J=compiled Java code, j=interpreted, Vv=VM code, C=native code)
C  [libnvidia-glcore.so.418.211.00+0xedf318]

Java frames: (J=compiled Java code, j=interpreted, Vv=VM code)
j  org.lwjgl.opengl.GL11C.nglDrawElements(IIIJ)V+0
j  org.lwjgl.opengl.GL11C.glDrawElements(IIIJ)V+4
j  org.lwjgl.opengl.GL11.glDrawElements(IIIJ)V+4
j  jade.renderer.RenderBatch.render()V+89
j  jade.renderer.Renderer.render()V+30
j  jade.scenes.LevelEditorScene.update(F)V+41
j  jade.Window.loop()V+123
j  jade.Window.run()V+37
j  Main.main([Ljava/lang/String;)V+5
v  ~StubRoutines::call_stub

---------------  P R O C E S S  ---------------

Java Threads: ( => current thread )
  0x00007f25d80d8800 JavaThread "Service Thread" daemon [_thread_blocked, id=112942, stack(0x00007f25c1beb000,0x00007f25c1cec000)]
  0x00007f25d80cd800 JavaThread "C1 CompilerThread3" daemon [_thread_blocked, id=112941, stack(0x00007f25c1ced000,0x00007f25c1ded000)]
  0x00007f25d80cb000 JavaThread "C2 CompilerThread2" daemon [_thread_blocked, id=112940, stack(0x00007f25c1dee000,0x00007f25c1eee000)]
  0x00007f25d80c9800 JavaThread "C2 CompilerThread1" daemon [_thread_blocked, id=112939, stack(0x00007f25c1eef000,0x00007f25c1fef000)]
  0x00007f25d80c6800 JavaThread "C2 CompilerThread0" daemon [_thread_blocked, id=112938, stack(0x00007f25c1ff0000,0x00007f25c20f0000)]
  0x00007f25d80c5000 JavaThread "Signal Dispatcher" daemon [_thread_blocked, id=112937, stack(0x00007f25c20f0000,0x00007f25c21f1000)]
  0x00007f25d8091000 JavaThread "Finalizer" daemon [_thread_blocked, id=112936, stack(0x00007f25c2fcf000,0x00007f25c30d0000)]
  0x00007f25d808c000 JavaThread "Reference Handler" daemon [_thread_blocked, id=112935, stack(0x00007f25c30d0000,0x00007f25c31d1000)]
=>0x00007f25d800c000 JavaThread "main" [_thread_in_native, id=112922, stack(0x00007f25df1a9000,0x00007f25df2a9000)]

Other Threads:
  0x00007f25d8082800 VMThread [stack: 0x00007f25c31d2000,0x00007f25c32d2000] [id=112934]
  0x00007f25d80dd000 WatcherThread [stack: 0x00007f25c1aeb000,0x00007f25c1beb000] [id=112943]

VM state:not at safepoint (normal execution)

VM Mutex/Monitor currently owned by a thread: None

heap address: 0x00000006c7000000, size: 3984 MB, Compressed Oops mode: Zero based, Oop shift amount: 3
Narrow klass base: 0x0000000000000000, Narrow klass shift: 3
Compressed class space size: 1073741824 Address: 0x00000007c0000000

Heap:
 PSYoungGen      total 74752K, used 29749K [0x000000076d000000, 0x0000000772300000, 0x00000007c0000000)
  eden space 64512K, 46% used [0x000000076d000000,0x000000076ed0d5e0,0x0000000770f00000)
  from space 10240K, 0% used [0x0000000771900000,0x0000000771900000,0x0000000772300000)
  to   space 10240K, 0% used [0x0000000770f00000,0x0000000770f00000,0x0000000771900000)
 ParOldGen       total 171008K, used 0K [0x00000006c7000000, 0x00000006d1700000, 0x000000076d000000)
  object space 171008K, 0% used [0x00000006c7000000,0x00000006c7000000,0x00000006d1700000)
 Metaspace       used 11294K, capacity 11507K, committed 11776K, reserved 1060864K
  class space    used 829K, capacity 914K, committed 1024K, reserved 1048576K

Card table byte_map: [0x00007f25ddfb2000,0x00007f25de77b000] byte_map_base: 0x00007f25da97a000

Marking Bits: (ParMarkBitMap*) 0x00007f25e03d21c0
 Begin Bits: [0x00007f2584380000, 0x00007f25881c0000)
 End Bits:   [0x00007f25881c0000, 0x00007f258c000000)

Polling page: 0x00007f25e0867000

CodeCache: size=245760Kb used=3097Kb max_used=3097Kb free=242662Kb
 bounds [0x00007f25c9000000, 0x00007f25c9310000, 0x00007f25d8000000]
 total_blobs=1723 nmethods=736 adapters=901
 compilation: enabled

Compilation events (10 events):
Event: 2,586 Thread 0x00007f25d80cd800 nmethod 729 0x00007f25c92f7790 code [0x00007f25c92f7920, 0x00007f25c92f7e58]
Event: 2,588 Thread 0x00007f25d80c9800 nmethod 726 0x00007f25c92fae50 code [0x00007f25c92fafc0, 0x00007f25c92fb1b8]
Event: 2,645 Thread 0x00007f25d80c6800  730       4       java.lang.AbstractStringBuilder::<init> (12 bytes)
Event: 2,648 Thread 0x00007f25d80c6800 nmethod 730 0x00007f25c92ffa50 code [0x00007f25c92ffba0, 0x00007f25c92ffcd8]
Event: 2,703 Thread 0x00007f25d80cd800  732       3       java.lang.StringBuffer::<init> (6 bytes)
Event: 2,704 Thread 0x00007f25d80cd800 nmethod 732 0x00007f25c92fe6d0 code [0x00007f25c92fe840, 0x00007f25c92feaf0]
Event: 2,709 Thread 0x00007f25d80cd800  734       3       java.net.URLStreamHandler::toExternalForm (219 bytes)
Event: 2,715 Thread 0x00007f25d80cd800 nmethod 734 0x00007f25c92ffd90 code [0x00007f25c9300100, 0x00007f25c93037a8]
Event: 2,715 Thread 0x00007f25d80cd800  733       3       java.net.URLClassLoader::defineClass (142 bytes)
Event: 2,718 Thread 0x00007f25d80cd800 nmethod 733 0x00007f25c9304890 code [0x00007f25c9304c00, 0x00007f25c9306ed8]

GC Heap History (0 events):
No events

Deoptimization events (0 events):
No events

Classes redefined (0 events):
No events

Internal exceptions (10 events):
Event: 0,639 Thread 0x00007f25d800c000 Exception <a 'java/security/PrivilegedActionException'> (0x000000076d5e5488) thrown at [/scratch/jenkins/workspace/8-2-build-linux-amd64/jdk8u291/1294/hotspot/src/share/vm/prims/jvm.cpp, line 1523]
Event: 0,639 Thread 0x00007f25d800c000 Exception <a 'java/security/PrivilegedActionException'> (0x000000076d5e7458) thrown at [/scratch/jenkins/workspace/8-2-build-linux-amd64/jdk8u291/1294/hotspot/src/share/vm/prims/jvm.cpp, line 1523]
Event: 0,639 Thread 0x00007f25d800c000 Exception <a 'java/security/PrivilegedActionException'> (0x000000076d5e7668) thrown at [/scratch/jenkins/workspace/8-2-build-linux-amd64/jdk8u291/1294/hotspot/src/share/vm/prims/jvm.cpp, line 1523]
Event: 0,639 Thread 0x00007f25d800c000 Exception <a 'java/security/PrivilegedActionException'> (0x000000076d5e9638) thrown at [/scratch/jenkins/workspace/8-2-build-linux-amd64/jdk8u291/1294/hotspot/src/share/vm/prims/jvm.cpp, line 1523]
Event: 0,639 Thread 0x00007f25d800c000 Exception <a 'java/security/PrivilegedActionException'> (0x000000076d5e9848) thrown at [/scratch/jenkins/workspace/8-2-build-linux-amd64/jdk8u291/1294/hotspot/src/share/vm/prims/jvm.cpp, line 1523]
Event: 0,640 Thread 0x00007f25d800c000 Exception <a 'java/security/PrivilegedActionException'> (0x000000076d5eb778) thrown at [/scratch/jenkins/workspace/8-2-build-linux-amd64/jdk8u291/1294/hotspot/src/share/vm/prims/jvm.cpp, line 1523]
Event: 0,640 Thread 0x00007f25d800c000 Exception <a 'java/security/PrivilegedActionException'> (0x000000076d5eb988) thrown at [/scratch/jenkins/workspace/8-2-build-linux-amd64/jdk8u291/1294/hotspot/src/share/vm/prims/jvm.cpp, line 1523]
Event: 0,680 Thread 0x00007f25d800c000 Exception <a 'sun/nio/fs/UnixException'> (0x000000076d6a2040) thrown at [/scratch/jenkins/workspace/8-2-build-linux-amd64/jdk8u291/1294/hotspot/src/share/vm/prims/jni.cpp, line 710]
Event: 1,173 Thread 0x00007f25d800c000 Exception <a 'sun/nio/fs/UnixException'> (0x000000076d77c7d8) thrown at [/scratch/jenkins/workspace/8-2-build-linux-amd64/jdk8u291/1294/hotspot/src/share/vm/prims/jni.cpp, line 710]
Event: 1,178 Thread 0x00007f25d800c000 Exception <a 'sun/nio/fs/UnixException'> (0x000000076d785d30) thrown at [/scratch/jenkins/workspace/8-2-build-linux-amd64/jdk8u291/1294/hotspot/src/share/vm/prims/jni.cpp, line 710]

Events (10 events):
Event: 2,718 loading class org/joml/Vector2i
Event: 2,718 loading class org/joml/Vector2i done
Event: 2,719 loading class org/joml/Vector2ic
Event: 2,719 loading class org/joml/Vector2ic done
Event: 2,721 loading class org/joml/Quaternionf
Event: 2,721 loading class org/joml/Quaternionf done
Event: 2,724 loading class org/joml/Quaternionfc
Event: 2,724 loading class org/joml/Quaternionfc done
Event: 2,737 loading class org/joml/Math
Event: 2,737 loading class org/joml/Math done


Dynamic libraries:
401c5000-401c7000 r-xs 00000000 08:04 4849708                            /tmp/.glkvGYEC (deleted)
405ae000-40660000 rw-p 00000000 00:00 0 
6c7000000-6d1700000 rw-p 00000000 00:00 0 
6d1700000-76d000000 ---p 00000000 00:00 0 
76d000000-772300000 rw-p 00000000 00:00 0 
772300000-7c0000000 ---p 00000000 00:00 0 
7c0000000-7c0100000 rw-p 00000000 00:00 0 
7c0100000-800000000 ---p 00000000 00:00 0 
5603b4000000-5603b4001000 r-xp 00000000 08:04 208779                     /usr/lib/jvm/jdk1.8.0_291/bin/java
5603b4200000-5603b4201000 r--p 00000000 08:04 208779                     /usr/lib/jvm/jdk1.8.0_291/bin/java
5603b4201000-5603b4202000 rw-p 00001000 08:04 208779                     /usr/lib/jvm/jdk1.8.0_291/bin/java
5603b4c43000-5603b4c64000 rw-p 00000000 00:00 0                          [heap]
7f2560000000-7f2560021000 rw-p 00000000 00:00 0 
7f2560021000-7f2564000000 ---p 00000000 00:00 0 
7f2564000000-7f2564021000 rw-p 00000000 00:00 0 
7f2564021000-7f2568000000 ---p 00000000 00:00 0 
7f2568000000-7f256817f000 rw-p 00000000 00:00 0 
7f256817f000-7f256c000000 ---p 00000000 00:00 0 
7f256c000000-7f256c272000 rw-p 00000000 00:00 0 
7f256c272000-7f2570000000 ---p 00000000 00:00 0 
7f2570000000-7f257019c000 rw-p 00000000 00:00 0 
7f257019c000-7f2574000000 ---p 00000000 00:00 0 
7f2574000000-7f257414a000 rw-p 00000000 00:00 0 
7f257414a000-7f2578000000 ---p 00000000 00:00 0 
7f2578000000-7f2578021000 rw-p 00000000 00:00 0 
7f2578021000-7f257c000000 ---p 00000000 00:00 0 
7f257c000000-7f257c021000 rw-p 00000000 00:00 0 
7f257c021000-7f2580000000 ---p 00000000 00:00 0 
7f2580000000-7f2580021000 rw-p 00000000 00:00 0 
7f2580021000-7f2584000000 ---p 00000000 00:00 0 
7f2584380000-7f258c000000 rw-p 00000000 00:00 0 
7f258c000000-7f258c021000 rw-p 00000000 00:00 0 
7f258c021000-7f2590000000 ---p 00000000 00:00 0 
7f2590000000-7f2590021000 rw-p 00000000 00:00 0 
7f2590021000-7f2594000000 ---p 00000000 00:00 0 
7f2594000000-7f2594021000 rw-p 00000000 00:00 0 
7f2594021000-7f2598000000 ---p 00000000 00:00 0 
7f259c000000-7f259c021000 rw-p 00000000 00:00 0 
7f259c021000-7f25a0000000 ---p 00000000 00:00 0 
7f25a4000000-7f25a4021000 rw-p 00000000 00:00 0 
7f25a4021000-7f25a8000000 ---p 00000000 00:00 0 
7f25ac000000-7f25ac021000 rw-p 00000000 00:00 0 
7f25ac021000-7f25b0000000 ---p 00000000 00:00 0 
7f25b238c000-7f25b35ac000 r-xp 00000000 08:04 209815                     /usr/lib/x86_64-linux-gnu/libnvidia-glcore.so.418.211.00
7f25b35ac000-7f25b35cd000 rwxp 01220000 08:04 209815                     /usr/lib/x86_64-linux-gnu/libnvidia-glcore.so.418.211.00
7f25b35cd000-7f25b3ac3000 r-xp 01241000 08:04 209815                     /usr/lib/x86_64-linux-gnu/libnvidia-glcore.so.418.211.00
7f25b3ac3000-7f25b3cc2000 ---p 01737000 08:04 209815                     /usr/lib/x86_64-linux-gnu/libnvidia-glcore.so.418.211.00
7f25b3cc2000-7f25b3fe9000 rw-p 01736000 08:04 209815                     /usr/lib/x86_64-linux-gnu/libnvidia-glcore.so.418.211.00
7f25b3fe9000-7f25b4000000 rw-p 00000000 00:00 0 
7f25b4000000-7f25b4021000 rw-p 00000000 00:00 0 
7f25b4021000-7f25b8000000 ---p 00000000 00:00 0 
7f25b8bff000-7f25b8c7f000 rw-p 00000000 00:00 0 
7f25b8c7f000-7f25b8dff000 ---p 00000000 00:00 0 
7f25b8dff000-7f25b8fff000 rw-p 00000000 00:00 0 
7f25b8fff000-7f25bc000000 rw-p 00000000 00:00 0 
7f25bc000000-7f25bc021000 rw-p 00000000 00:00 0 
7f25bc021000-7f25c0000000 ---p 00000000 00:00 0 
7f25c004e000-7f25c00a6000 r-xp 00000000 08:04 5374131                    /tmp/lwjgldavid/3.2.3-build-13/liblwjgl_opengl.so
7f25c00a6000-7f25c02a5000 ---p 00058000 08:04 5374131                    /tmp/lwjgldavid/3.2.3-build-13/liblwjgl_opengl.so
7f25c02a5000-7f25c02a6000 r--p 00057000 08:04 5374131                    /tmp/lwjgldavid/3.2.3-build-13/liblwjgl_opengl.so
7f25c02a6000-7f25c02a7000 rw-p 00058000 08:04 5374131                    /tmp/lwjgldavid/3.2.3-build-13/liblwjgl_opengl.so
7f25c02a7000-7f25c0327000 rw-s 00000000 00:05 657                        /dev/nvidiactl
7f25c0327000-7f25c03a7000 rw-s 00000000 00:05 657                        /dev/nvidiactl
7f25c03a7000-7f25c0427000 rw-s 00000000 00:05 657                        /dev/nvidiactl
7f25c0427000-7f25c0527000 rw-s 00000000 00:05 657                        /dev/nvidiactl
7f25c0527000-7f25c0547000 rw-s 00000000 00:05 658                        /dev/nvidia0
7f25c0547000-7f25c0587000 rw-s 00000000 00:05 657                        /dev/nvidiactl
7f25c0587000-7f25c05a7000 rw-s 00000000 00:05 657                        /dev/nvidiactl
7f25c05a7000-7f25c05e7000 rw-s 00000000 00:05 657                        /dev/nvidiactl
7f25c05e7000-7f25c0607000 rw-s 00000000 00:05 657                        /dev/nvidiactl
7f25c0607000-7f25c060b000 r--p 00000000 08:04 205583                     /usr/lib/x86_64-linux-gnu/libdrm.so.2.4.0
7f25c060b000-7f25c0615000 r-xp 00004000 08:04 205583                     /usr/lib/x86_64-linux-gnu/libdrm.so.2.4.0
7f25c0615000-7f25c0619000 r--p 0000e000 08:04 205583                     /usr/lib/x86_64-linux-gnu/libdrm.so.2.4.0
7f25c0619000-7f25c061a000 r--p 00011000 08:04 205583                     /usr/lib/x86_64-linux-gnu/libdrm.so.2.4.0
7f25c061a000-7f25c061b000 rw-p 00012000 08:04 205583                     /usr/lib/x86_64-linux-gnu/libdrm.so.2.4.0
7f25c061b000-7f25c0720000 rw-s 00000000 00:05 657                        /dev/nvidiactl
7f25c0720000-7f25c0723000 r-xp 00000000 08:04 209820                     /usr/lib/x86_64-linux-gnu/libnvidia-tls.so.418.211.00
7f25c0723000-7f25c0923000 ---p 00003000 08:04 209820                     /usr/lib/x86_64-linux-gnu/libnvidia-tls.so.418.211.00
7f25c0923000-7f25c0924000 rw-p 00003000 08:04 209820                     /usr/lib/x86_64-linux-gnu/libnvidia-tls.so.418.211.00
7f25c0924000-7f25c09ee000 r-xp 00000000 08:04 209809                     /usr/lib/x86_64-linux-gnu/libGLX_nvidia.so.418.211.00
7f25c09ee000-7f25c0a23000 rwxp 000ca000 08:04 209809                     /usr/lib/x86_64-linux-gnu/libGLX_nvidia.so.418.211.00
7f25c0a23000-7f25c0a37000 r-xp 000ff000 08:04 209809                     /usr/lib/x86_64-linux-gnu/libGLX_nvidia.so.418.211.00
7f25c0a37000-7f25c0c36000 ---p 00113000 08:04 209809                     /usr/lib/x86_64-linux-gnu/libGLX_nvidia.so.418.211.00
7f25c0c36000-7f25c0c5c000 rw-p 00112000 08:04 209809                     /usr/lib/x86_64-linux-gnu/libGLX_nvidia.so.418.211.00
7f25c0c5c000-7f25c0c63000 rw-p 00000000 00:00 0 
7f25c0c63000-7f25c0c66000 r--p 00000000 08:04 211916                     /usr/lib/x86_64-linux-gnu/libGLX.so.0.0.0
7f25c0c66000-7f25c0c81000 r-xp 00003000 08:04 211916                     /usr/lib/x86_64-linux-gnu/libGLX.so.0.0.0
7f25c0c81000-7f25c0c85000 r--p 0001e000 08:04 211916                     /usr/lib/x86_64-linux-gnu/libGLX.so.0.0.0
7f25c0c85000-7f25c0c86000 r--p 00021000 08:04 211916                     /usr/lib/x86_64-linux-gnu/libGLX.so.0.0.0
7f25c0c86000-7f25c0c87000 rw-p 00022000 08:04 211916                     /usr/lib/x86_64-linux-gnu/libGLX.so.0.0.0
7f25c0c87000-7f25c0c97000 rw-p 00000000 00:00 0 
7f25c0c97000-7f25c0cd7000 r--p 00000000 08:04 211921                     /usr/lib/x86_64-linux-gnu/libGLdispatch.so.0.0.0
7f25c0cd7000-7f25c0cda000 r-xp 00040000 08:04 211921                     /usr/lib/x86_64-linux-gnu/libGLdispatch.so.0.0.0
7f25c0cda000-7f25c0d15000 r-xp 00043000 08:04 211921                     /usr/lib/x86_64-linux-gnu/libGLdispatch.so.0.0.0
7f25c0d15000-7f25c0d16000 r-xp 0007e000 08:04 211921                     /usr/lib/x86_64-linux-gnu/libGLdispatch.so.0.0.0
7f25c0d16000-7f25c0d2a000 r--p 0007f000 08:04 211921                     /usr/lib/x86_64-linux-gnu/libGLdispatch.so.0.0.0
7f25c0d2a000-7f25c0d46000 r--p 00092000 08:04 211921                     /usr/lib/x86_64-linux-gnu/libGLdispatch.so.0.0.0
7f25c0d46000-7f25c0d47000 rw-p 000ae000 08:04 211921                     /usr/lib/x86_64-linux-gnu/libGLdispatch.so.0.0.0
7f25c0d47000-7f25c0d4f000 rw-p 00000000 00:00 0 
7f25c0d4f000-7f25c0d92000 r--p 00000000 08:04 211910                     /usr/lib/x86_64-linux-gnu/libGL.so.1.7.0
7f25c0d92000-7f25c0d96000 r-xp 00043000 08:04 211910                     /usr/lib/x86_64-linux-gnu/libGL.so.1.7.0
7f25c0d96000-7f25c0db1000 r-xp 00047000 08:04 211910                     /usr/lib/x86_64-linux-gnu/libGL.so.1.7.0
7f25c0db1000-7f25c0db2000 r-xp 00062000 08:04 211910                     /usr/lib/x86_64-linux-gnu/libGL.so.1.7.0
7f25c0db2000-7f25c0dc7000 r--p 00063000 08:04 211910                     /usr/lib/x86_64-linux-gnu/libGL.so.1.7.0
7f25c0dc7000-7f25c0dd5000 r--p 00077000 08:04 211910                     /usr/lib/x86_64-linux-gnu/libGL.so.1.7.0
7f25c0dd5000-7f25c0dd6000 rw-p 00085000 08:04 211910                     /usr/lib/x86_64-linux-gnu/libGL.so.1.7.0
7f25c0dd6000-7f25c0dd7000 rw-p 00000000 00:00 0 
7f25c0dd9000-7f25c0dec000 rw-s 00000000 00:05 657                        /dev/nvidiactl
7f25c0dec000-7f25c0ded000 r--p 00000000 08:04 210682                     /usr/lib/x86_64-linux-gnu/libX11-xcb.so.1.0.0
7f25c0ded000-7f25c0dee000 r-xp 00001000 08:04 210682                     /usr/lib/x86_64-linux-gnu/libX11-xcb.so.1.0.0
7f25c0dee000-7f25c0def000 r--p 00002000 08:04 210682                     /usr/lib/x86_64-linux-gnu/libX11-xcb.so.1.0.0
7f25c0def000-7f25c0df0000 r--p 00002000 08:04 210682                     /usr/lib/x86_64-linux-gnu/libX11-xcb.so.1.0.0
7f25c0df0000-7f25c0df1000 rw-p 00003000 08:04 210682                     /usr/lib/x86_64-linux-gnu/libX11-xcb.so.1.0.0
7f25c0df1000-7f25c0df2000 r--p 00000000 08:04 211965                     /usr/lib/x86_64-linux-gnu/libXinerama.so.1.0.0
7f25c0df2000-7f25c0df3000 r-xp 00001000 08:04 211965                     /usr/lib/x86_64-linux-gnu/libXinerama.so.1.0.0
7f25c0df3000-7f25c0df4000 r--p 00002000 08:04 211965                     /usr/lib/x86_64-linux-gnu/libXinerama.so.1.0.0
7f25c0df4000-7f25c0df5000 r--p 00002000 08:04 211965                     /usr/lib/x86_64-linux-gnu/libXinerama.so.1.0.0
7f25c0df5000-7f25c0df6000 rw-p 00003000 08:04 211965                     /usr/lib/x86_64-linux-gnu/libXinerama.so.1.0.0
7f25c0df6000-7f25c0df8000 r--p 00000000 08:04 211957                     /usr/lib/x86_64-linux-gnu/libXfixes.so.3.1.0
7f25c0df8000-7f25c0dfb000 r-xp 00002000 08:04 211957                     /usr/lib/x86_64-linux-gnu/libXfixes.so.3.1.0
7f25c0dfb000-7f25c0dfc000 r--p 00005000 08:04 211957                     /usr/lib/x86_64-linux-gnu/libXfixes.so.3.1.0
7f25c0dfc000-7f25c0dfd000 r--p 00005000 08:04 211957                     /usr/lib/x86_64-linux-gnu/libXfixes.so.3.1.0
7f25c0dfd000-7f25c0dfe000 rw-p 00006000 08:04 211957                     /usr/lib/x86_64-linux-gnu/libXfixes.so.3.1.0
7f25c0dfe000-7f25c0e01000 r--p 00000000 08:04 211949                     /usr/lib/x86_64-linux-gnu/libXcursor.so.1.0.2
7f25c0e01000-7f25c0e07000 r-xp 00003000 08:04 211949                     /usr/lib/x86_64-linux-gnu/libXcursor.so.1.0.2
7f25c0e07000-7f25c0e09000 r--p 00009000 08:04 211949                     /usr/lib/x86_64-linux-gnu/libXcursor.so.1.0.2
7f25c0e09000-7f25c0e0a000 r--p 0000a000 08:04 211949                     /usr/lib/x86_64-linux-gnu/libXcursor.so.1.0.2
7f25c0e0a000-7f25c0e0b000 rw-p 0000b000 08:04 211949                     /usr/lib/x86_64-linux-gnu/libXcursor.so.1.0.2
7f25c0e0b000-7f25c0e14000 r-xp 00000000 08:04 211975                     /usr/lib/x86_64-linux-gnu/libXrender.so.1.3.0
7f25c0e14000-7f25c1013000 ---p 00009000 08:04 211975                     /usr/lib/x86_64-linux-gnu/libXrender.so.1.3.0
7f25c1013000-7f25c1014000 r--p 00008000 08:04 211975                     /usr/lib/x86_64-linux-gnu/libXrender.so.1.3.0
7f25c1014000-7f25c1015000 rw-p 00009000 08:04 211975                     /usr/lib/x86_64-linux-gnu/libXrender.so.1.3.0
7f25c1015000-7f25c1017000 r--p 00000000 08:04 211973                     /usr/lib/x86_64-linux-gnu/libXrandr.so.2.2.0
7f25c1017000-7f25c101e000 r-xp 00002000 08:04 211973                     /usr/lib/x86_64-linux-gnu/libXrandr.so.2.2.0
7f25c101e000-7f25c1020000 r--p 00009000 08:04 211973                     /usr/lib/x86_64-linux-gnu/libXrandr.so.2.2.0
7f25c1020000-7f25c1021000 r--p 0000a000 08:04 211973                     /usr/lib/x86_64-linux-gnu/libXrandr.so.2.2.0
7f25c1021000-7f25c1022000 rw-p 0000b000 08:04 211973                     /usr/lib/x86_64-linux-gnu/libXrandr.so.2.2.0
7f25c1022000-7f25c1024000 r--p 00000000 08:04 211963                     /usr/lib/x86_64-linux-gnu/libXi.so.6.1.0
7f25c1024000-7f25c102f000 r-xp 00002000 08:04 211963                     /usr/lib/x86_64-linux-gnu/libXi.so.6.1.0
7f25c102f000-7f25c1032000 r--p 0000d000 08:04 211963                     /usr/lib/x86_64-linux-gnu/libXi.so.6.1.0
7f25c1032000-7f25c1033000 r--p 0000f000 08:04 211963                     /usr/lib/x86_64-linux-gnu/libXi.so.6.1.0
7f25c1033000-7f25c1034000 rw-p 00010000 08:04 211963                     /usr/lib/x86_64-linux-gnu/libXi.so.6.1.0
7f25c1034000-7f25c1038000 r--p 00000000 08:04 211955                     /usr/lib/x86_64-linux-gnu/libXext.so.6.4.0
7f25c1038000-7f25c1043000 r-xp 00004000 08:04 211955                     /usr/lib/x86_64-linux-gnu/libXext.so.6.4.0
7f25c1043000-7f25c1047000 r--p 0000f000 08:04 211955                     /usr/lib/x86_64-linux-gnu/libXext.so.6.4.0
7f25c1047000-7f25c1048000 r--p 00012000 08:04 211955                     /usr/lib/x86_64-linux-gnu/libXext.so.6.4.0
7f25c1048000-7f25c1049000 rw-p 00013000 08:04 211955                     /usr/lib/x86_64-linux-gnu/libXext.so.6.4.0
7f25c1049000-7f25c104a000 r--p 00000000 08:04 211991                     /usr/lib/x86_64-linux-gnu/libXxf86vm.so.1.0.0
7f25c104a000-7f25c104d000 r-xp 00001000 08:04 211991                     /usr/lib/x86_64-linux-gnu/libXxf86vm.so.1.0.0
7f25c104d000-7f25c104e000 r--p 00004000 08:04 211991                     /usr/lib/x86_64-linux-gnu/libXxf86vm.so.1.0.0
7f25c104e000-7f25c104f000 r--p 00004000 08:04 211991                     /usr/lib/x86_64-linux-gnu/libXxf86vm.so.1.0.0
7f25c104f000-7f25c1050000 rw-p 00005000 08:04 211991                     /usr/lib/x86_64-linux-gnu/libXxf86vm.so.1.0.0
7f25c1050000-7f25c1054000 r--p 00000000 08:04 212109                     /usr/lib/x86_64-linux-gnu/libbsd.so.0.10.0
7f25c1054000-7f25c1063000 r-xp 00004000 08:04 212109                     /usr/lib/x86_64-linux-gnu/libbsd.so.0.10.0
7f25c1063000-7f25c1066000 r--p 00013000 08:04 212109                     /usr/lib/x86_64-linux-gnu/libbsd.so.0.10.0
7f25c1066000-7f25c1067000 ---p 00016000 08:04 212109                     /usr/lib/x86_64-linux-gnu/libbsd.so.0.10.0
7f25c1067000-7f25c1068000 r--p 00016000 08:04 212109                     /usr/lib/x86_64-linux-gnu/libbsd.so.0.10.0
7f25c1068000-7f25c1069000 rw-p 00017000 08:04 212109                     /usr/lib/x86_64-linux-gnu/libbsd.so.0.10.0
7f25c1069000-7f25c106a000 rw-p 00000000 00:00 0 
7f25c106a000-7f25c106c000 r--p 00000000 08:04 211953                     /usr/lib/x86_64-linux-gnu/libXdmcp.so.6.0.0
7f25c106c000-7f25c106e000 r-xp 00002000 08:04 211953                     /usr/lib/x86_64-linux-gnu/libXdmcp.so.6.0.0
7f25c106e000-7f25c1070000 r--p 00004000 08:04 211953                     /usr/lib/x86_64-linux-gnu/libXdmcp.so.6.0.0
7f25c1070000-7f25c1071000 r--p 00005000 08:04 211953                     /usr/lib/x86_64-linux-gnu/libXdmcp.so.6.0.0
7f25c1071000-7f25c1072000 rw-p 00006000 08:04 211953                     /usr/lib/x86_64-linux-gnu/libXdmcp.so.6.0.0
7f25c1072000-7f25c1073000 r--p 00000000 08:04 211942                     /usr/lib/x86_64-linux-gnu/libXau.so.6.0.0
7f25c1073000-7f25c1075000 r-xp 00001000 08:04 211942                     /usr/lib/x86_64-linux-gnu/libXau.so.6.0.0
7f25c1075000-7f25c1076000 r--p 00003000 08:04 211942                     /usr/lib/x86_64-linux-gnu/libXau.so.6.0.0
7f25c1076000-7f25c1077000 r--p 00003000 08:04 211942                     /usr/lib/x86_64-linux-gnu/libXau.so.6.0.0
7f25c1077000-7f25c1078000 rw-p 00004000 08:04 211942                     /usr/lib/x86_64-linux-gnu/libXau.so.6.0.0
7f25c1078000-7f25c1083000 r--p 00000000 08:04 213403                     /usr/lib/x86_64-linux-gnu/libxcb.so.1.1.0
7f25c1083000-7f25c1097000 r-xp 0000b000 08:04 213403                     /usr/lib/x86_64-linux-gnu/libxcb.so.1.1.0
7f25c1097000-7f25c10a0000 r--p 0001f000 08:04 213403                     /usr/lib/x86_64-linux-gnu/libxcb.so.1.1.0
7f25c10a0000-7f25c10a1000 r--p 00027000 08:04 213403                     /usr/lib/x86_64-linux-gnu/libxcb.so.1.1.0
7f25c10a1000-7f25c10a2000 rw-p 00028000 08:04 213403                     /usr/lib/x86_64-linux-gnu/libxcb.so.1.1.0
7f25c10a2000-7f25c10ba000 r--p 00000000 08:04 210675                     /usr/lib/x86_64-linux-gnu/libX11.so.6.3.0
7f25c10ba000-7f25c1145000 r-xp 00018000 08:04 210675                     /usr/lib/x86_64-linux-gnu/libX11.so.6.3.0
7f25c1145000-7f25c11d9000 r--p 000a3000 08:04 210675                     /usr/lib/x86_64-linux-gnu/libX11.so.6.3.0
7f25c11d9000-7f25c11da000 ---p 00137000 08:04 210675                     /usr/lib/x86_64-linux-gnu/libX11.so.6.3.0
7f25c11da000-7f25c11db000 r--p 00137000 08:04 210675                     /usr/lib/x86_64-linux-gnu/libX11.so.6.3.0
7f25c11db000-7f25c11df000 rw-p 00138000 08:04 210675                     /usr/lib/x86_64-linux-gnu/libX11.so.6.3.0
7f25c11df000-7f25c11e3000 r-xp 00000000 00:00 0 
7f25c11e3000-7f25c11e5000 rw-s 00000000 08:04 4849708                    /tmp/.glkvGYEC (deleted)
7f25c11e5000-7f25c11e6000 rw-s 00000000 00:05 657                        /dev/nvidiactl
7f25c11e6000-7f25c11ea000 rw-s 00000000 00:05 657                        /dev/nvidiactl
7f25c11ea000-7f25c11eb000 rw-s 00000000 00:05 658                        /dev/nvidia0
7f25c11eb000-7f25c11ec000 rw-s 00000000 00:05 658                        /dev/nvidia0
7f25c11ec000-7f25c11ed000 rw-s 00000000 00:05 657                        /dev/nvidiactl
7f25c11ed000-7f25c11f4000 r--s 00000000 08:04 394623                     /usr/lib/x86_64-linux-gnu/gconv/gconv-modules.cache
7f25c11f4000-7f25c1237000 r-xp 00000000 08:04 5374129                    /tmp/lwjgldavid/3.2.3-build-13/libglfw.so
7f25c1237000-7f25c1436000 ---p 00043000 08:04 5374129                    /tmp/lwjgldavid/3.2.3-build-13/libglfw.so
7f25c1436000-7f25c1437000 r--p 00042000 08:04 5374129                    /tmp/lwjgldavid/3.2.3-build-13/libglfw.so
7f25c1437000-7f25c1439000 rw-p 00043000 08:04 5374129                    /tmp/lwjgldavid/3.2.3-build-13/libglfw.so
7f25c1439000-7f25c145a000 rw-p 00000000 00:00 0 
7f25c145a000-7f25c145d000 r--s 000a5000 08:04 4849709                    /home/david/Documents/GitLab/my-aweasome-2d-game-engine/.gradle/caches/modules-2/files-2.1/org.joml/joml/1.10.1/9825ac51cb8d274e23d4ad685b355e87afdaff06/joml-1.10.1.jar
7f25c145d000-7f25c14ae000 r-xp 00000000 08:04 5374128                    /tmp/lwjgldavid/3.2.3-build-13/liblwjgl.so
7f25c14ae000-7f25c16ad000 ---p 00051000 08:04 5374128                    /tmp/lwjgldavid/3.2.3-build-13/liblwjgl.so
7f25c16ad000-7f25c16ae000 r--p 00050000 08:04 5374128                    /tmp/lwjgldavid/3.2.3-build-13/liblwjgl.so
7f25c16ae000-7f25c16af000 rw-p 00051000 08:04 5374128                    /tmp/lwjgldavid/3.2.3-build-13/liblwjgl.so
7f25c16af000-7f25c16c5000 r-xp 00000000 08:04 221911                     /usr/lib/jvm/jdk1.8.0_291/jre/lib/amd64/libnet.so
7f25c16c5000-7f25c18c4000 ---p 00016000 08:04 221911                     /usr/lib/jvm/jdk1.8.0_291/jre/lib/amd64/libnet.so
7f25c18c4000-7f25c18c5000 r--p 00015000 08:04 221911                     /usr/lib/jvm/jdk1.8.0_291/jre/lib/amd64/libnet.so
7f25c18c5000-7f25c18c6000 rw-p 00016000 08:04 221911                     /usr/lib/jvm/jdk1.8.0_291/jre/lib/amd64/libnet.so
7f25c18c6000-7f25c18d7000 r-xp 00000000 08:04 221926                     /usr/lib/jvm/jdk1.8.0_291/jre/lib/amd64/libnio.so
7f25c18d7000-7f25c1ad6000 ---p 00011000 08:04 221926                     /usr/lib/jvm/jdk1.8.0_291/jre/lib/amd64/libnio.so
7f25c1ad6000-7f25c1ad7000 r--p 00010000 08:04 221926                     /usr/lib/jvm/jdk1.8.0_291/jre/lib/amd64/libnio.so
7f25c1ad7000-7f25c1ad8000 rw-p 00011000 08:04 221926                     /usr/lib/jvm/jdk1.8.0_291/jre/lib/amd64/libnio.so
7f25c1ad8000-7f25c1aea000 r--s 00353000 08:04 222011                     /usr/lib/jvm/jdk1.8.0_291/jre/lib/resources.jar
7f25c1aea000-7f25c1aeb000 ---p 00000000 00:00 0 
7f25c1aeb000-7f25c1beb000 rw-p 00000000 00:00 0 
7f25c1beb000-7f25c1bee000 ---p 00000000 00:00 0 
7f25c1bee000-7f25c1cec000 rw-p 00000000 00:00 0 
7f25c1cec000-7f25c1ced000 ---p 00000000 00:00 0 
7f25c1ced000-7f25c1cf0000 ---p 00000000 00:00 0 
7f25c1cf0000-7f25c1ded000 rw-p 00000000 00:00 0 
7f25c1ded000-7f25c1dee000 ---p 00000000 00:00 0 
7f25c1dee000-7f25c1df1000 ---p 00000000 00:00 0 
7f25c1df1000-7f25c1eee000 rw-p 00000000 00:00 0 
7f25c1eee000-7f25c1eef000 ---p 00000000 00:00 0 
7f25c1eef000-7f25c1ef2000 ---p 00000000 00:00 0 
7f25c1ef2000-7f25c1fef000 rw-p 00000000 00:00 0 
7f25c1fef000-7f25c1ff0000 ---p 00000000 00:00 0 
7f25c1ff0000-7f25c1ff3000 ---p 00000000 00:00 0 
7f25c1ff3000-7f25c20f0000 rw-p 00000000 00:00 0 
7f25c20f0000-7f25c20f3000 ---p 00000000 00:00 0 
7f25c20f3000-7f25c21f1000 rw-p 00000000 00:00 0 
7f25c21f1000-7f25c2fcf000 r--p 00000000 08:04 211133                     /usr/lib/locale/locale-archive
7f25c2fcf000-7f25c2fd2000 ---p 00000000 00:00 0 
7f25c2fd2000-7f25c30d0000 rw-p 00000000 00:00 0 
7f25c30d0000-7f25c30d3000 ---p 00000000 00:00 0 
7f25c30d3000-7f25c31d1000 rw-p 00000000 00:00 0 
7f25c31d1000-7f25c31d2000 ---p 00000000 00:00 0 
7f25c31d2000-7f25c4000000 rw-p 00000000 00:00 0 
7f25c4000000-7f25c4021000 rw-p 00000000 00:00 0 
7f25c4021000-7f25c8000000 ---p 00000000 00:00 0 
7f25c8000000-7f25c8001000 rw-s 00000000 00:05 657                        /dev/nvidiactl
7f25c8001000-7f25c8002000 r-xp 00000000 00:00 0 
7f25c8002000-7f25c8003000 r--s 00012000 08:04 4849891                    /home/david/Documents/GitLab/my-aweasome-2d-game-engine/.gradle/caches/modules-2/files-2.1/org.lwjgl/lwjgl/3.2.3/3d9d36c93446c7a1c90bc7aec8fa89c7988bf82b/lwjgl-3.2.3-natives-linux.jar
7f25c8003000-7f25c800a000 r--s 00081000 08:04 4849888                    /home/david/Documents/GitLab/my-aweasome-2d-game-engine/.gradle/caches/modules-2/files-2.1/org.lwjgl/lwjgl/3.2.3/17a59ba0fe8d474ec9dbe0d5db40d2cfe59c4c08/lwjgl-3.2.3.jar
7f25c800a000-7f25c800b000 r--s 00030000 08:04 4849890                    /home/david/Documents/GitLab/my-aweasome-2d-game-engine/.gradle/caches/modules-2/files-2.1/org.lwjgl/lwjgl-stb/3.2.3/189950254d81e9214b39cc656163541bf1accbba/lwjgl-stb-3.2.3-natives-linux.jar
7f25c800b000-7f25c800d000 r--s 00018000 08:04 4849887                    /home/david/Documents/GitLab/my-aweasome-2d-game-engine/.gradle/caches/modules-2/files-2.1/org.lwjgl/lwjgl-stb/3.2.3/40eccaa4fa86fc815f2e17946a392fb5fdcc286a/lwjgl-stb-3.2.3.jar
7f25c800d000-7f25c800e000 r--s 00013000 08:04 4849896                    /home/david/Documents/GitLab/my-aweasome-2d-game-engine/.gradle/caches/modules-2/files-2.1/org.lwjgl/lwjgl-opengl/3.2.3/7f14db5da9aa7951efe88993f519d7d38ad6e46b/lwjgl-opengl-3.2.3-natives-linux.jar
7f25c800e000-7f25c8e23000 rw-p 00000000 00:00 0 
7f25c8e23000-7f25c9000000 r--s 03e1d000 08:04 222012                     /usr/lib/jvm/jdk1.8.0_291/jre/lib/rt.jar
7f25c9000000-7f25c9310000 rwxp 00000000 00:00 0 
7f25c9310000-7f25d8000000 ---p 00000000 00:00 0 
7f25d8000000-7f25d8dd6000 rw-p 00000000 00:00 0 
7f25d8dd6000-7f25dc000000 ---p 00000000 00:00 0 
7f25dc000000-7f25dc00b000 r--s 000da000 08:04 4849885                    /home/david/Documents/GitLab/my-aweasome-2d-game-engine/.gradle/caches/modules-2/files-2.1/org.lwjgl/lwjgl-opengl/3.2.3/bdd534a323d0c8f54969b95e424b6ac8984f7d6e/lwjgl-opengl-3.2.3.jar
7f25dc00b000-7f25dc00c000 r--s 00090000 08:04 4849892                    /home/david/Documents/GitLab/my-aweasome-2d-game-engine/.gradle/caches/modules-2/files-2.1/org.lwjgl/lwjgl-openal/3.2.3/869ddd9dbbf92a7d1be7f5942ca0adbde068d999/lwjgl-openal-3.2.3-natives-linux.jar
7f25dc00c000-7f25dc00e000 r--s 00012000 08:04 4849883                    /home/david/Documents/GitLab/my-aweasome-2d-game-engine/.gradle/caches/modules-2/files-2.1/org.lwjgl/lwjgl-openal/3.2.3/106742e805803ab9eab8e343f0fb31a3d263903c/lwjgl-openal-3.2.3.jar
7f25dc00e000-7f25dc00f000 r--s 00001000 08:04 4849895                    /home/david/Documents/GitLab/my-aweasome-2d-game-engine/.gradle/caches/modules-2/files-2.1/org.lwjgl/lwjgl-nfd/3.2.3/e473f9c4814eb3e3cb8a8235266b10fee8063d09/lwjgl-nfd-3.2.3-natives-linux.jar
7f25dc00f000-7f25dc011000 r--s 00001000 08:04 4849884                    /home/david/Documents/GitLab/my-aweasome-2d-game-engine/.gradle/caches/modules-2/files-2.1/org.lwjgl/lwjgl-nfd/3.2.3/c44fee1043c022cf6614a28872d44cf114ca7737/lwjgl-nfd-3.2.3.jar
7f25dc011000-7f25dc012000 r--s 00026000 08:04 4849894                    /home/david/Documents/GitLab/my-aweasome-2d-game-engine/.gradle/caches/modules-2/files-2.1/org.lwjgl/lwjgl-glfw/3.2.3/62b044d9b0a057444bef2ab70b9afc288ec09dba/lwjgl-glfw-3.2.3-natives-linux.jar
7f25dc012000-7f25dc015000 r--s 00018000 08:04 4849889                    /home/david/Documents/GitLab/my-aweasome-2d-game-engine/.gradle/caches/modules-2/files-2.1/org.lwjgl/lwjgl-glfw/3.2.3/5e520d5c290c8b012545a8d34fa5db5ab051ea53/lwjgl-glfw-3.2.3.jar
7f25dc015000-7f25dc017000 r--s 003ff000 08:04 4849893                    /home/david/Documents/GitLab/my-aweasome-2d-game-engine/.gradle/caches/modules-2/files-2.1/org.lwjgl/lwjgl-assimp/3.2.3/9ecc218db17c49f2819a5a80dee7efea65a9ac4f/lwjgl-assimp-3.2.3-natives-linux.jar
7f25dc017000-7f25dc01a000 r--s 00033000 08:04 4849886                    /home/david/Documents/GitLab/my-aweasome-2d-game-engine/.gradle/caches/modules-2/files-2.1/org.lwjgl/lwjgl-assimp/3.2.3/f62aa07a20afbdd3097efc296c4841e0d29700eb/lwjgl-assimp-3.2.3.jar
7f25dc01a000-7f25dd27a000 rw-p 00000000 00:00 0 
7f25dd27a000-7f25dd27b000 ---p 00000000 00:00 0 
7f25dd27b000-7f25dd37b000 rw-p 00000000 00:00 0 
7f25dd37b000-7f25dd37c000 ---p 00000000 00:00 0 
7f25dd37c000-7f25dd47c000 rw-p 00000000 00:00 0 
7f25dd47c000-7f25dd47d000 ---p 00000000 00:00 0 
7f25dd47d000-7f25dd57d000 rw-p 00000000 00:00 0 
7f25dd57d000-7f25dd57e000 ---p 00000000 00:00 0 
7f25dd57e000-7f25dd67e000 rw-p 00000000 00:00 0 
7f25dd67e000-7f25dd67f000 ---p 00000000 00:00 0 
7f25dd67f000-7f25dd77f000 rw-p 00000000 00:00 0 
7f25dd77f000-7f25dd780000 ---p 00000000 00:00 0 
7f25dd780000-7f25dd880000 rw-p 00000000 00:00 0 
7f25dd880000-7f25dd881000 ---p 00000000 00:00 0 
7f25dd881000-7f25dd981000 rw-p 00000000 00:00 0 
7f25dd981000-7f25dd982000 ---p 00000000 00:00 0 
7f25dd982000-7f25ddad6000 rw-p 00000000 00:00 0 
7f25ddad6000-7f25ddfb2000 ---p 00000000 00:00 0 
7f25ddfb2000-7f25de006000 rw-p 00000000 00:00 0 
7f25de006000-7f25de4e2000 ---p 00000000 00:00 0 
7f25de4e2000-7f25de50c000 rw-p 00000000 00:00 0 
7f25de50c000-7f25de77a000 ---p 00000000 00:00 0 
7f25de77a000-7f25de788000 rw-p 00000000 00:00 0 
7f25de788000-7f25deb3b000 ---p 00000000 00:00 0 
7f25deb3b000-7f25deb56000 r-xp 00000000 08:04 221910                     /usr/lib/jvm/jdk1.8.0_291/jre/lib/amd64/libzip.so
7f25deb56000-7f25ded55000 ---p 0001b000 08:04 221910                     /usr/lib/jvm/jdk1.8.0_291/jre/lib/amd64/libzip.so
7f25ded55000-7f25ded56000 r--p 0001a000 08:04 221910                     /usr/lib/jvm/jdk1.8.0_291/jre/lib/amd64/libzip.so
7f25ded56000-7f25ded57000 rw-p 0001b000 08:04 221910                     /usr/lib/jvm/jdk1.8.0_291/jre/lib/amd64/libzip.so
7f25ded57000-7f25ded5f000 rw-s 00000000 08:04 5374151                    /tmp/hsperfdata_david/112919
7f25ded5f000-7f25ded8b000 r-xp 00000000 08:04 221907                     /usr/lib/jvm/jdk1.8.0_291/jre/lib/amd64/libjava.so
7f25ded8b000-7f25def8b000 ---p 0002c000 08:04 221907                     /usr/lib/jvm/jdk1.8.0_291/jre/lib/amd64/libjava.so
7f25def8b000-7f25def8c000 r--p 0002c000 08:04 221907                     /usr/lib/jvm/jdk1.8.0_291/jre/lib/amd64/libjava.so
7f25def8c000-7f25def8e000 rw-p 0002d000 08:04 221907                     /usr/lib/jvm/jdk1.8.0_291/jre/lib/amd64/libjava.so
7f25def8e000-7f25def9b000 r-xp 00000000 08:04 221896                     /usr/lib/jvm/jdk1.8.0_291/jre/lib/amd64/libverify.so
7f25def9b000-7f25df19a000 ---p 0000d000 08:04 221896                     /usr/lib/jvm/jdk1.8.0_291/jre/lib/amd64/libverify.so
7f25df19a000-7f25df19c000 r--p 0000c000 08:04 221896                     /usr/lib/jvm/jdk1.8.0_291/jre/lib/amd64/libverify.so
7f25df19c000-7f25df19d000 rw-p 0000e000 08:04 221896                     /usr/lib/jvm/jdk1.8.0_291/jre/lib/amd64/libverify.so
7f25df19d000-7f25df1a0000 r--p 00000000 08:04 213073                     /usr/lib/x86_64-linux-gnu/librt-2.31.so
7f25df1a0000-7f25df1a4000 r-xp 00003000 08:04 213073                     /usr/lib/x86_64-linux-gnu/librt-2.31.so
7f25df1a4000-7f25df1a5000 r--p 00007000 08:04 213073                     /usr/lib/x86_64-linux-gnu/librt-2.31.so
7f25df1a5000-7f25df1a6000 ---p 00008000 08:04 213073                     /usr/lib/x86_64-linux-gnu/librt-2.31.so
7f25df1a6000-7f25df1a7000 r--p 00008000 08:04 213073                     /usr/lib/x86_64-linux-gnu/librt-2.31.so
7f25df1a7000-7f25df1a8000 rw-p 00009000 08:04 213073                     /usr/lib/x86_64-linux-gnu/librt-2.31.so
7f25df1a8000-7f25df1a9000 ---p 00000000 00:00 0 
7f25df1a9000-7f25df1ac000 ---p 00000000 00:00 0 
7f25df1ac000-7f25df2a9000 rw-p 00000000 00:00 0 
7f25df2a9000-7f25df2b8000 r--p 00000000 08:04 212747                     /usr/lib/x86_64-linux-gnu/libm-2.31.so
7f25df2b8000-7f25df35f000 r-xp 0000f000 08:04 212747                     /usr/lib/x86_64-linux-gnu/libm-2.31.so
7f25df35f000-7f25df3f6000 r--p 000b6000 08:04 212747                     /usr/lib/x86_64-linux-gnu/libm-2.31.so
7f25df3f6000-7f25df3f7000 r--p 0014c000 08:04 212747                     /usr/lib/x86_64-linux-gnu/libm-2.31.so
7f25df3f7000-7f25df3f8000 rw-p 0014d000 08:04 212747                     /usr/lib/x86_64-linux-gnu/libm-2.31.so
7f25df3f8000-7f25e00ed000 r-xp 00000000 08:04 221889                     /usr/lib/jvm/jdk1.8.0_291/jre/lib/amd64/server/libjvm.so
7f25e00ed000-7f25e02ed000 ---p 00cf5000 08:04 221889                     /usr/lib/jvm/jdk1.8.0_291/jre/lib/amd64/server/libjvm.so
7f25e02ed000-7f25e0383000 r--p 00cf5000 08:04 221889                     /usr/lib/jvm/jdk1.8.0_291/jre/lib/amd64/server/libjvm.so
7f25e0383000-7f25e03b4000 rw-p 00d8b000 08:04 221889                     /usr/lib/jvm/jdk1.8.0_291/jre/lib/amd64/server/libjvm.so
7f25e03b4000-7f25e03f1000 rw-p 00000000 00:00 0 
7f25e03f1000-7f25e0416000 r--p 00000000 08:04 212113                     /usr/lib/x86_64-linux-gnu/libc-2.31.so
7f25e0416000-7f25e058e000 r-xp 00025000 08:04 212113                     /usr/lib/x86_64-linux-gnu/libc-2.31.so
7f25e058e000-7f25e05d8000 r--p 0019d000 08:04 212113                     /usr/lib/x86_64-linux-gnu/libc-2.31.so
7f25e05d8000-7f25e05d9000 ---p 001e7000 08:04 212113                     /usr/lib/x86_64-linux-gnu/libc-2.31.so
7f25e05d9000-7f25e05dc000 r--p 001e7000 08:04 212113                     /usr/lib/x86_64-linux-gnu/libc-2.31.so
7f25e05dc000-7f25e05df000 rw-p 001ea000 08:04 212113                     /usr/lib/x86_64-linux-gnu/libc-2.31.so
7f25e05df000-7f25e05e3000 rw-p 00000000 00:00 0 
7f25e05e3000-7f25e05e4000 r--p 00000000 08:04 212248                     /usr/lib/x86_64-linux-gnu/libdl-2.31.so
7f25e05e4000-7f25e05e6000 r-xp 00001000 08:04 212248                     /usr/lib/x86_64-linux-gnu/libdl-2.31.so
7f25e05e6000-7f25e05e7000 r--p 00003000 08:04 212248                     /usr/lib/x86_64-linux-gnu/libdl-2.31.so
7f25e05e7000-7f25e05e8000 r--p 00003000 08:04 212248                     /usr/lib/x86_64-linux-gnu/libdl-2.31.so
7f25e05e8000-7f25e05e9000 rw-p 00004000 08:04 212248                     /usr/lib/x86_64-linux-gnu/libdl-2.31.so
7f25e05e9000-7f25e0600000 r-xp 00000000 08:04 2098254                    /usr/lib/jvm/jdk1.8.0_291/lib/amd64/jli/libjli.so
7f25e0600000-7f25e07ff000 ---p 00017000 08:04 2098254                    /usr/lib/jvm/jdk1.8.0_291/lib/amd64/jli/libjli.so
7f25e07ff000-7f25e0800000 r--p 00016000 08:04 2098254                    /usr/lib/jvm/jdk1.8.0_291/lib/amd64/jli/libjli.so
7f25e0800000-7f25e0801000 rw-p 00017000 08:04 2098254                    /usr/lib/jvm/jdk1.8.0_291/lib/amd64/jli/libjli.so
7f25e0801000-7f25e0808000 r--p 00000000 08:04 213012                     /usr/lib/x86_64-linux-gnu/libpthread-2.31.so
7f25e0808000-7f25e0819000 r-xp 00007000 08:04 213012                     /usr/lib/x86_64-linux-gnu/libpthread-2.31.so
7f25e0819000-7f25e081e000 r--p 00018000 08:04 213012                     /usr/lib/x86_64-linux-gnu/libpthread-2.31.so
7f25e081e000-7f25e081f000 r--p 0001c000 08:04 213012                     /usr/lib/x86_64-linux-gnu/libpthread-2.31.so
7f25e081f000-7f25e0820000 rw-p 0001d000 08:04 213012                     /usr/lib/x86_64-linux-gnu/libpthread-2.31.so
7f25e0820000-7f25e0826000 rw-p 00000000 00:00 0 
7f25e0826000-7f25e0829000 r--p 00000000 08:04 212871                     /usr/lib/x86_64-linux-gnu/libnss_files-2.31.so
7f25e0829000-7f25e0830000 r-xp 00003000 08:04 212871                     /usr/lib/x86_64-linux-gnu/libnss_files-2.31.so
7f25e0830000-7f25e0832000 r--p 0000a000 08:04 212871                     /usr/lib/x86_64-linux-gnu/libnss_files-2.31.so
7f25e0832000-7f25e0833000 r--p 0000b000 08:04 212871                     /usr/lib/x86_64-linux-gnu/libnss_files-2.31.so
7f25e0833000-7f25e0834000 rw-p 0000c000 08:04 212871                     /usr/lib/x86_64-linux-gnu/libnss_files-2.31.so
7f25e0834000-7f25e083b000 rw-p 00000000 00:00 0 
7f25e083b000-7f25e083c000 r--p 00000000 08:04 211900                     /usr/lib/x86_64-linux-gnu/ld-2.31.so
7f25e083c000-7f25e085f000 r-xp 00001000 08:04 211900                     /usr/lib/x86_64-linux-gnu/ld-2.31.so
7f25e085f000-7f25e0867000 r--p 00024000 08:04 211900                     /usr/lib/x86_64-linux-gnu/ld-2.31.so
7f25e0867000-7f25e0868000 r--p 00000000 00:00 0 
7f25e0868000-7f25e0869000 r--p 0002c000 08:04 211900                     /usr/lib/x86_64-linux-gnu/ld-2.31.so
7f25e0869000-7f25e086a000 rw-p 0002d000 08:04 211900                     /usr/lib/x86_64-linux-gnu/ld-2.31.so
7f25e086a000-7f25e086b000 rw-p 00000000 00:00 0 
7fffb881c000-7fffb883e000 rw-p 00000000 00:00 0                          [stack]
7fffb897a000-7fffb897e000 r--p 00000000 00:00 0                          [vvar]
7fffb897e000-7fffb8980000 r-xp 00000000 00:00 0                          [vdso]
ffffffffff600000-ffffffffff601000 --xp 00000000 00:00 0                  [vsyscall]

VM Arguments:
jvm_args: -Dfile.encoding=UTF-8 -Duser.country=US -Duser.language=en -Duser.variant 
java_command: Main -ea
java_class_path (initial): /home/david/Documents/GitHub/marioLWJGL/build/classes/java/main:/home/david/Documents/GitHub/marioLWJGL/build/resources/main:/home/david/Documents/GitLab/my-aweasome-2d-game-engine/.gradle/caches/modules-2/files-2.1/org.lwjgl/lwjgl-assimp/3.2.3/f62aa07a20afbdd3097efc296c4841e0d29700eb/lwjgl-assimp-3.2.3.jar:/home/david/Documents/GitLab/my-aweasome-2d-game-engine/.gradle/caches/modules-2/files-2.1/org.lwjgl/lwjgl-assimp/3.2.3/9ecc218db17c49f2819a5a80dee7efea65a9ac4f/lwjgl-assimp-3.2.3-natives-linux.jar:/home/david/Documents/GitLab/my-aweasome-2d-game-engine/.gradle/caches/modules-2/files-2.1/org.lwjgl/lwjgl-glfw/3.2.3/5e520d5c290c8b012545a8d34fa5db5ab051ea53/lwjgl-glfw-3.2.3.jar:/home/david/Documents/GitLab/my-aweasome-2d-game-engine/.gradle/caches/modules-2/files-2.1/org.lwjgl/lwjgl-glfw/3.2.3/62b044d9b0a057444bef2ab70b9afc288ec09dba/lwjgl-glfw-3.2.3-natives-linux.jar:/home/david/Documents/GitLab/my-aweasome-2d-game-engine/.gradle/caches/modules-2/files-2.1/org.lwjgl/lwjgl-nfd/3.2.3/c44fee1043c022cf6614a28872d44cf114ca7737/lwjgl-nfd-3.2.3.jar:/home/david/Documents/GitLab/my-aweasome-2d-game-engine/.gradle/caches/modules-2/files-2.1/org.lwjgl/lwjgl-nfd/3.2.3/e473f9c4814eb3e3cb8a8235266b10fee8063d09/lwjgl-nfd-3.2.3-natives-linux.jar:/home/david/Documents/GitLab/my-aweasome-2d-game-engine/.gradle/caches/modules-2/files-2.1/org.lwjgl/lwjgl-openal/3.2.3/106742e805803ab9eab8e343f0fb31a3d263903c/lwjgl-openal-3.2.3.jar:/home/david/Documents/GitLab/my-aweasome-2d-game-engine/.gradle/caches/modules-2/files-2.1/org.lwjgl/lwjgl-openal/3.2.3/869ddd9dbbf92a7d1be7f5942ca0adbde068d999/lwjgl-openal-3.2.3-natives-linux.jar:/home/david/Documents/GitLab/my-aweasome-2d-game-engine/.gradle/caches/modules-2/files-2.1/org.lwjgl/lwjgl-opengl/3.2.3/bdd534a323d0c8f54969b95e424b6ac8984f7d6e/lwjgl-opengl-3.2.3.jar:/home/david/Documents/GitLab/my-aweasome-2d-game-engine/.gradle/caches/modules-2/files-2.1/org.lwjgl/lwjgl-opengl/3.2.3/7f14db5da9aa7951efe88993f519d7d38a
Launcher Type: SUN_STANDARD

Environment Variables:
PATH=/home/david/bin:/usr/local/sbin:/usr/local/bin:/usr/sbin:/usr/bin:/sbin:/bin:/usr/games:/usr/local/games:/snap/bin
USERNAME=david
SHELL=/bin/bash
DISPLAY=:1

Signal Handlers:
SIGSEGV: [libjvm.so+0xadec90], sa_mask[0]=11111111011111111101111111111110, sa_flags=SA_RESTART|SA_SIGINFO
SIGBUS: [libjvm.so+0xadec90], sa_mask[0]=11111111011111111101111111111110, sa_flags=SA_RESTART|SA_SIGINFO
SIGFPE: [libjvm.so+0x913090], sa_mask[0]=11111111011111111101111111111110, sa_flags=SA_RESTART|SA_SIGINFO
SIGPIPE: [libjvm.so+0x913090], sa_mask[0]=11111111011111111101111111111110, sa_flags=SA_RESTART|SA_SIGINFO
SIGXFSZ: [libjvm.so+0x913090], sa_mask[0]=11111111011111111101111111111110, sa_flags=SA_RESTART|SA_SIGINFO
SIGILL: [libjvm.so+0x913090], sa_mask[0]=11111111011111111101111111111110, sa_flags=SA_RESTART|SA_SIGINFO
SIGUSR1: SIG_DFL, sa_mask[0]=00000000000000000000000000000000, sa_flags=none
SIGUSR2: [libjvm.so+0x912f60], sa_mask[0]=00100000000000000000000000000000, sa_flags=SA_RESTART|SA_SIGINFO
SIGHUP: [libjvm.so+0x913580], sa_mask[0]=11111111011111111101111111111110, sa_flags=SA_RESTART|SA_SIGINFO
SIGINT: [libjvm.so+0x913580], sa_mask[0]=11111111011111111101111111111110, sa_flags=SA_RESTART|SA_SIGINFO
SIGTERM: [libjvm.so+0x913580], sa_mask[0]=11111111011111111101111111111110, sa_flags=SA_RESTART|SA_SIGINFO
SIGQUIT: [libjvm.so+0x913580], sa_mask[0]=11111111011111111101111111111110, sa_flags=SA_RESTART|SA_SIGINFO


---------------  S Y S T E M  ---------------

OS:DISTRIB_ID=Ubuntu
DISTRIB_RELEASE=20.04
DISTRIB_CODENAME=focal
DISTRIB_DESCRIPTION="Ubuntu 20.04.3 LTS"

uname:Linux 5.11.0-27-generic #29~20.04.1-Ubuntu SMP Wed Aug 11 15:58:17 UTC 2021 x86_64
libc:glibc 2.31 NPTL 2.31 
rlimit: STACK 8192k, CORE 0k, NPROC 63480, NOFILE 1048576, AS infinity
load average:6,35 5,01 3,02

/proc/meminfo:
MemTotal:       16310308 kB
MemFree:         8027352 kB
MemAvailable:   10966740 kB
Buffers:          110452 kB
Cached:          3083988 kB
SwapCached:            0 kB
Active:          1028468 kB
Inactive:        6769140 kB
Active(anon):       2576 kB
Inactive(anon):  4658272 kB
Active(file):    1025892 kB
Inactive(file):  2110868 kB
Unevictable:          32 kB
Mlocked:              32 kB
SwapTotal:      16777212 kB
SwapFree:       16777212 kB
Dirty:             57660 kB
Writeback:             0 kB
AnonPages:       4603348 kB
Mapped:          1141664 kB
Shmem:             57680 kB
KReclaimable:     124688 kB
Slab:             246040 kB
SReclaimable:     124688 kB
SUnreclaim:       121352 kB
KernelStack:       19728 kB
PageTables:        46236 kB
NFS_Unstable:          0 kB
Bounce:                0 kB
WritebackTmp:          0 kB
CommitLimit:    24932364 kB
Committed_AS:   13328236 kB
VmallocTotal:   34359738367 kB
VmallocUsed:       65812 kB
VmallocChunk:          0 kB
Percpu:             6272 kB
HardwareCorrupted:     0 kB
AnonHugePages:         0 kB
ShmemHugePages:        0 kB
ShmemPmdMapped:        0 kB
FileHugePages:         0 kB
FilePmdMapped:         0 kB
HugePages_Total:       0
HugePages_Free:        0
HugePages_Rsvd:        0
HugePages_Surp:        0
Hugepagesize:       2048 kB
Hugetlb:               0 kB
DirectMap4k:      440200 kB
DirectMap2M:    11010048 kB
DirectMap1G:     6291456 kB

container (cgroup) information:
container_type: cgroupv1
cpu_cpuset_cpus: 0-7
cpu_memory_nodes: 0
active_processor_count: 8
cpu_quota: -1
cpu_period: 100000
cpu_shares: -1
memory_limit_in_bytes: -1
memory_and_swap_limit_in_bytes: -1
memory_soft_limit_in_bytes: -1
memory_usage_in_bytes: 6384218112
memory_max_usage_in_bytes: 6384218112


CPU:total 8 (initial active 8) (4 cores per cpu, 2 threads per core) family 6 model 60 stepping 3, cmov, cx8, fxsr, mmx, sse, sse2, sse3, ssse3, sse4.1, sse4.2, popcnt, avx, avx2, aes, clmul, erms, lzcnt, ht, tsc, tscinvbit, bmi1, bmi2

/proc/cpuinfo:
processor	: 0
vendor_id	: GenuineIntel
cpu family	: 6
model		: 60
model name	: Intel(R) Core(TM) i7-4700HQ CPU @ 2.40GHz
stepping	: 3
microcode	: 0x28
cpu MHz		: 900.000
cache size	: 6144 KB
physical id	: 0
siblings	: 8
core id		: 0
cpu cores	: 4
apicid		: 0
initial apicid	: 0
fpu		: yes
fpu_exception	: yes
cpuid level	: 13
wp		: yes
flags		: fpu vme de pse tsc msr pae mce cx8 apic sep mtrr pge mca cmov pat pse36 clflush dts acpi mmx fxsr sse sse2 ss ht tm pbe syscall nx pdpe1gb rdtscp lm constant_tsc arch_perfmon pebs bts rep_good nopl xtopology nonstop_tsc cpuid aperfmperf pni pclmulqdq dtes64 monitor ds_cpl vmx est tm2 ssse3 sdbg fma cx16 xtpr pdcm pcid sse4_1 sse4_2 x2apic movbe popcnt tsc_deadline_timer aes xsave avx f16c rdrand lahf_lm abm cpuid_fault epb invpcid_single pti ssbd ibrs ibpb stibp tpr_shadow vnmi flexpriority ept vpid ept_ad fsgsbase tsc_adjust bmi1 avx2 smep bmi2 erms invpcid xsaveopt dtherm ida arat pln pts md_clear flush_l1d
vmx flags	: vnmi preemption_timer invvpid ept_x_only ept_ad ept_1gb flexpriority tsc_offset vtpr mtf vapic ept vpid unrestricted_guest ple
bugs		: cpu_meltdown spectre_v1 spectre_v2 spec_store_bypass l1tf mds swapgs itlb_multihit srbds
bogomips	: 4789.44
clflush size	: 64
cache_alignment	: 64
address sizes	: 39 bits physical, 48 bits virtual
power management:

processor	: 1
vendor_id	: GenuineIntel
cpu family	: 6
model		: 60
model name	: Intel(R) Core(TM) i7-4700HQ CPU @ 2.40GHz
stepping	: 3
microcode	: 0x28
cpu MHz		: 1000.000
cache size	: 6144 KB
physical id	: 0
siblings	: 8
core id		: 1
cpu cores	: 4
apicid		: 2
initial apicid	: 2
fpu		: yes
fpu_exception	: yes
cpuid level	: 13
wp		: yes
flags		: fpu vme de pse tsc msr pae mce cx8 apic sep mtrr pge mca cmov pat pse36 clflush dts acpi mmx fxsr sse sse2 ss ht tm pbe syscall nx pdpe1gb rdtscp lm constant_tsc arch_perfmon pebs bts rep_good nopl xtopology nonstop_tsc cpuid aperfmperf pni pclmulqdq dtes64 monitor ds_cpl vmx est tm2 ssse3 sdbg fma cx16 xtpr pdcm pcid sse4_1 sse4_2 x2apic movbe popcnt tsc_deadline_timer aes xsave avx f16c rdrand lahf_lm abm cpuid_fault epb invpcid_single pti ssbd ibrs ibpb stibp tpr_shadow vnmi flexpriority ept vpid ept_ad fsgsbase tsc_adjust bmi1 avx2 smep bmi2 erms invpcid xsaveopt dtherm ida arat pln pts md_clear flush_l1d
vmx flags	: vnmi preemption_timer invvpid ept_x_only ept_ad ept_1gb flexpriority tsc_offset vtpr mtf vapic ept vpid unrestricted_guest ple
bugs		: cpu_meltdown spectre_v1 spectre_v2 spec_store_bypass l1tf mds swapgs itlb_multihit srbds
bogomips	: 4789.44
clflush size	: 64
cache_alignment	: 64
address sizes	: 39 bits physical, 48 bits virtual
power management:

processor	: 2
vendor_id	: GenuineIntel
cpu family	: 6
model		: 60
model name	: Intel(R) Core(TM) i7-4700HQ CPU @ 2.40GHz
stepping	: 3
microcode	: 0x28
cpu MHz		: 900.000
cache size	: 6144 KB
physical id	: 0
siblings	: 8
core id		: 2
cpu cores	: 4
apicid		: 4
initial apicid	: 4
fpu		: yes
fpu_exception	: yes
cpuid level	: 13
wp		: yes
flags		: fpu vme de pse tsc msr pae mce cx8 apic sep mtrr pge mca cmov pat pse36 clflush dts acpi mmx fxsr sse sse2 ss ht tm pbe syscall nx pdpe1gb rdtscp lm constant_tsc arch_perfmon pebs bts rep_good nopl xtopology nonstop_tsc cpuid aperfmperf pni pclmulqdq dtes64 monitor ds_cpl vmx est tm2 ssse3 sdbg fma cx16 xtpr pdcm pcid sse4_1 sse4_2 x2apic movbe popcnt tsc_deadline_timer aes xsave avx f16c rdrand lahf_lm abm cpuid_fault epb invpcid_single pti ssbd ibrs ibpb stibp tpr_shadow vnmi flexpriority ept vpid ept_ad fsgsbase tsc_adjust bmi1 avx2 smep bmi2 erms invpcid xsaveopt dtherm ida arat pln pts md_clear flush_l1d
vmx flags	: vnmi preemption_timer invvpid ept_x_only ept_ad ept_1gb flexpriority tsc_offset vtpr mtf vapic ept vpid unrestricted_guest ple
bugs		: cpu_meltdown spectre_v1 spectre_v2 spec_store_bypass l1tf mds swapgs itlb_multihit srbds
bogomips	: 4789.44
clflush size	: 64
cache_alignment	: 64
address sizes	: 39 bits physical, 48 bits virtual
power management:

processor	: 3
vendor_id	: GenuineIntel
cpu family	: 6
model		: 60
model name	: Intel(R) Core(TM) i7-4700HQ CPU @ 2.40GHz
stepping	: 3
microcode	: 0x28
cpu MHz		: 800.000
cache size	: 6144 KB
physical id	: 0
siblings	: 8
core id		: 3
cpu cores	: 4
apicid		: 6
initial apicid	: 6
fpu		: yes
fpu_exception	: yes
cpuid level	: 13
wp		: yes
flags		: fpu vme de pse tsc msr pae mce cx8 apic sep mtrr pge mca cmov pat pse36 clflush dts acpi mmx fxsr sse sse2 ss ht tm pbe syscall nx pdpe1gb rdtscp lm constant_tsc arch_perfmon pebs bts rep_good nopl xtopology nonstop_tsc cpuid aperfmperf pni pclmulqdq dtes64 monitor ds_cpl vmx est tm2 ssse3 sdbg fma cx16 xtpr pdcm pcid sse4_1 sse4_2 x2apic movbe popcnt tsc_deadline_timer aes xsave avx f16c rdrand lahf_lm abm cpuid_fault epb invpcid_single pti ssbd ibrs ibpb stibp tpr_shadow vnmi flexpriority ept vpid ept_ad fsgsbase tsc_adjust bmi1 avx2 smep bmi2 erms invpcid xsaveopt dtherm ida arat pln pts md_clear flush_l1d
vmx flags	: vnmi preemption_timer invvpid ept_x_only ept_ad ept_1gb flexpriority tsc_offset vtpr mtf vapic ept vpid unrestricted_guest ple
bugs		: cpu_meltdown spectre_v1 spectre_v2 spec_store_bypass l1tf mds swapgs itlb_multihit srbds
bogomips	: 4789.44
clflush size	: 64
cache_alignment	: 64
address sizes	: 39 bits physical, 48 bits virtual
power management:

processor	: 4
vendor_id	: GenuineIntel
cpu family	: 6
model		: 60
model name	: Intel(R) Core(TM) i7-4700HQ CPU @ 2.40GHz
stepping	: 3
microcode	: 0x28
cpu MHz		: 2200.000
cache size	: 6144 KB
physical id	: 0
siblings	: 8
core id		: 0
cpu cores	: 4
apicid		: 1
initial apicid	: 1
fpu		: yes
fpu_exception	: yes
cpuid level	: 13
wp		: yes
flags		: fpu vme de pse tsc msr pae mce cx8 apic sep mtrr pge mca cmov pat pse36 clflush dts acpi mmx fxsr sse sse2 ss ht tm pbe syscall nx pdpe1gb rdtscp lm constant_tsc arch_perfmon pebs bts rep_good nopl xtopology nonstop_tsc cpuid aperfmperf pni pclmulqdq dtes64 monitor ds_cpl vmx est tm2 ssse3 sdbg fma cx16 xtpr pdcm pcid sse4_1 sse4_2 x2apic movbe popcnt tsc_deadline_timer aes xsave avx f16c rdrand lahf_lm abm cpuid_fault epb invpcid_single pti ssbd ibrs ibpb stibp tpr_shadow vnmi flexpriority ept vpid ept_ad fsgsbase tsc_adjust bmi1 avx2 smep bmi2 erms invpcid xsaveopt dtherm ida arat pln pts md_clear flush_l1d
vmx flags	: vnmi preemption_timer invvpid ept_x_only ept_ad ept_1gb flexpriority tsc_offset vtpr mtf vapic ept vpid unrestricted_guest ple
bugs		: cpu_meltdown spectre_v1 spectre_v2 spec_store_bypass l1tf mds swapgs itlb_multihit srbds
bogomips	: 4789.44
clflush size	: 64
cache_alignment	: 64
address sizes	: 39 bits physical, 48 bits virtual
power management:

processor	: 5
vendor_id	: GenuineIntel
cpu family	: 6
model		: 60
model name	: Intel(R) Core(TM) i7-4700HQ CPU @ 2.40GHz
stepping	: 3
microcode	: 0x28
cpu MHz		: 900.000
cache size	: 6144 KB
physical id	: 0
siblings	: 8
core id		: 1
cpu cores	: 4
apicid		: 3
initial apicid	: 3
fpu		: yes
fpu_exception	: yes
cpuid level	: 13
wp		: yes
flags		: fpu vme de pse tsc msr pae mce cx8 apic sep mtrr pge mca cmov pat pse36 clflush dts acpi mmx fxsr sse sse2 ss ht tm pbe syscall nx pdpe1gb rdtscp lm constant_tsc arch_perfmon pebs bts rep_good nopl xtopology nonstop_tsc cpuid aperfmperf pni pclmulqdq dtes64 monitor ds_cpl vmx est tm2 ssse3 sdbg fma cx16 xtpr pdcm pcid sse4_1 sse4_2 x2apic movbe popcnt tsc_deadline_timer aes xsave avx f16c rdrand lahf_lm abm cpuid_fault epb invpcid_single pti ssbd ibrs ibpb stibp tpr_shadow vnmi flexpriority ept vpid ept_ad fsgsbase tsc_adjust bmi1 avx2 smep bmi2 erms invpcid xsaveopt dtherm ida arat pln pts md_clear flush_l1d
vmx flags	: vnmi preemption_timer invvpid ept_x_only ept_ad ept_1gb flexpriority tsc_offset vtpr mtf vapic ept vpid unrestricted_guest ple
bugs		: cpu_meltdown spectre_v1 spectre_v2 spec_store_bypass l1tf mds swapgs itlb_multihit srbds
bogomips	: 4789.44
clflush size	: 64
cache_alignment	: 64
address sizes	: 39 bits physical, 48 bits virtual
power management:

processor	: 6
vendor_id	: GenuineIntel
cpu family	: 6
model		: 60
model name	: Intel(R) Core(TM) i7-4700HQ CPU @ 2.40GHz
stepping	: 3
microcode	: 0x28
cpu MHz		: 1000.000
cache size	: 6144 KB
physical id	: 0
siblings	: 8
core id		: 2
cpu cores	: 4
apicid		: 5
initial apicid	: 5
fpu		: yes
fpu_exception	: yes
cpuid level	: 13
wp		: yes
flags		: fpu vme de pse tsc msr pae mce cx8 apic sep mtrr pge mca cmov pat pse36 clflush dts acpi mmx fxsr sse sse2 ss ht tm pbe syscall nx pdpe1gb rdtscp lm constant_tsc arch_perfmon pebs bts rep_good nopl xtopology nonstop_tsc cpuid aperfmperf pni pclmulqdq dtes64 monitor ds_cpl vmx est tm2 ssse3 sdbg fma cx16 xtpr pdcm pcid sse4_1 sse4_2 x2apic movbe popcnt tsc_deadline_timer aes xsave avx f16c rdrand lahf_lm abm cpuid_fault epb invpcid_single pti ssbd ibrs ibpb stibp tpr_shadow vnmi flexpriority ept vpid ept_ad fsgsbase tsc_adjust bmi1 avx2 smep bmi2 erms invpcid xsaveopt dtherm ida arat pln pts md_clear flush_l1d
vmx flags	: vnmi preemption_timer invvpid ept_x_only ept_ad ept_1gb flexpriority tsc_offset vtpr mtf vapic ept vpid unrestricted_guest ple
bugs		: cpu_meltdown spectre_v1 spectre_v2 spec_store_bypass l1tf mds swapgs itlb_multihit srbds
bogomips	: 4789.44
clflush size	: 64
cache_alignment	: 64
address sizes	: 39 bits physical, 48 bits virtual
power management:

processor	: 7
vendor_id	: GenuineIntel
cpu family	: 6
model		: 60
model name	: Intel(R) Core(TM) i7-4700HQ CPU @ 2.40GHz
stepping	: 3
microcode	: 0x28
cpu MHz		: 798.264
cache size	: 6144 KB
physical id	: 0
siblings	: 8
core id		: 3
cpu cores	: 4
apicid		: 7
initial apicid	: 7
fpu		: yes
fpu_exception	: yes
cpuid level	: 13
wp		: yes
flags		: fpu vme de pse tsc msr pae mce cx8 apic sep mtrr pge mca cmov pat pse36 clflush dts acpi mmx fxsr sse sse2 ss ht tm pbe syscall nx pdpe1gb rdtscp lm constant_tsc arch_perfmon pebs bts rep_good nopl xtopology nonstop_tsc cpuid aperfmperf pni pclmulqdq dtes64 monitor ds_cpl vmx est tm2 ssse3 sdbg fma cx16 xtpr pdcm pcid sse4_1 sse4_2 x2apic movbe popcnt tsc_deadline_timer aes xsave avx f16c rdrand lahf_lm abm cpuid_fault epb invpcid_single pti ssbd ibrs ibpb stibp tpr_shadow vnmi flexpriority ept vpid ept_ad fsgsbase tsc_adjust bmi1 avx2 smep bmi2 erms invpcid xsaveopt dtherm ida arat pln pts md_clear flush_l1d
vmx flags	: vnmi preemption_timer invvpid ept_x_only ept_ad ept_1gb flexpriority tsc_offset vtpr mtf vapic ept vpid unrestricted_guest ple
bugs		: cpu_meltdown spectre_v1 spectre_v2 spec_store_bypass l1tf mds swapgs itlb_multihit srbds
bogomips	: 4789.44
clflush size	: 64
cache_alignment	: 64
address sizes	: 39 bits physical, 48 bits virtual
power management:



Memory: 4k page, physical 16310308k(8027352k free), swap 16777212k(16777212k free)

vm_info: Java HotSpot(TM) 64-Bit Server VM (25.291-b10) for linux-amd64 JRE (1.8.0_291-b10), built on Apr  7 2021 19:13:06 by "java_re" with gcc 7.3.0

time: Mon Aug 23 12:11:09 2021
timezone: WEST
elapsed time: 2.786499 seconds (0d 0h 0m 2s)

