#
# A fatal error has been detected by the Java Runtime Environment:
#
#  SIGSEGV (0xb) at pc=0x00007ffb9e53a318, pid=110859, tid=0x00007ffbc5200700
#
# JRE version: Java(TM) SE Runtime Environment (8.0_291-b10) (build 1.8.0_291-b10)
# Java VM: Java HotSpot(TM) 64-Bit Server VM (25.291-b10 mixed mode linux-amd64 compressed oops)
# Problematic frame:
# C  [libnvidia-glcore.so.418.211.00+0xedf318]
#
# Failed to write core dump. Core dumps have been disabled. To enable core dumping, try "ulimit -c unlimited" before starting Java again
#
# If you would like to submit a bug report, please visit:
#   http://bugreport.java.com/bugreport/crash.jsp
# The crash happened outside the Java Virtual Machine in native code.
# See problematic frame for where to report the bug.
#

---------------  T H R E A D  ---------------

Current thread (0x00007ffbc000e800):  JavaThread "main" [_thread_in_native, id=110860, stack(0x00007ffbc5101000,0x00007ffbc5201000)]

siginfo: si_signo: 11 (SIGSEGV), si_code: 1 (SEGV_MAPERR), si_addr: 0x0000000000000000

Registers:
RAX=0x0000000041305220, RBX=0x00000000412ae000, RCX=0x0000000000001770, RDX=0x00000000ffffffff
RSP=0x00007ffbc51ff430, RBP=0x00000000412ae000, RSI=0x0000000000000000, RDI=0x0000000000000000
R8 =0x0000000000001405, R9 =0x0000000000000000, R10=0x0000000000000000, R11=0x0000000000000000
R12=0x0000000000000010, R13=0x0000000000000000, R14=0x0000000000001770, R15=0x00007ffbc51ff53c
RIP=0x00007ffb9e53a318, EFLAGS=0x0000000000010246, CSGSFS=0x002b000000000033, ERR=0x0000000000000004
  TRAPNO=0x000000000000000e

Top of Stack: (sp=0x00007ffbc51ff430)
0x00007ffbc51ff430:   000000076f6a16b8 00000000412ae000
0x00007ffbc51ff440:   00000000412ae000 0000000041305828
0x00007ffbc51ff450:   0000000000000000 0000000000000000
0x00007ffbc51ff460:   0000000041305208 00007ffb9e611964
0x00007ffbc51ff470:   00007ffbc51ff53c 00007ffbc51ff538
0x00007ffbc51ff480:   00001405b10082bd ffffffff00001770
0x00007ffbc51ff490:   0000000400000000 0000000000000000
0x00007ffbc51ff4a0:   00007ffbc07f24f0 00007ffbc51ff320
0x00007ffbc51ff4b0:   00007ffb2aaaee83 00007ffbaf2c2bee
0x00007ffbc51ff4c0:   00007ffbc51ff530 00007ffbaf43b6b8
0x00007ffbc51ff4d0:   0000000000000104 00c0000000000000
0x00007ffbc51ff4e0:   0000000000000000 0000000041305828
0x00007ffbc51ff4f0:   00000000412ae000 0000000041305220
0x00007ffbc51ff500:   0000000000001405 00007ffb9e612643
0x00007ffbc51ff510:   00000000412ae000 00007ffbc0b299c0
0x00007ffbc51ff520:   00000000c51ff638 0000000000000004
0x00007ffbc51ff530:   00007ffb412ae001 00007ffbc5200700
0x00007ffbc51ff540:   0000000100000000 00000000412ae000
0x00007ffbc51ff550:   00000000412f9080 0000000000000004
0x00007ffbc51ff560:   0000000000001405 0000000000000010
0x00007ffbc51ff570:   0000000000000000 00007ffb9e1b6a4b
0x00007ffbc51ff580:   0000000000000000 00007ffbb1018c3b
0x00007ffbc51ff590:   0000000100000000 00007ffbc51ff5b0
0x00007ffbc51ff5a0:   00001770c51ff610 00007ffb9cf354c0
0x00007ffbc51ff5b0:   00007ffbc51ff650 0000000000000000
0x00007ffbc51ff5c0:   00007ffb9cf354c0 00007ffbc51ff690
0x00007ffbc51ff5d0:   00007ffbc000e800 00007ffbb10186e7
0x00007ffbc51ff5e0:   00007ffbc51ff630 00007ffb9f2c5640
0x00007ffbc51ff5f0:   0000000000000001 00007ffbc6429235
0x00007ffbc51ff600:   00007ffbb10082bd 0000000000000000
0x00007ffbc51ff610:   00007ffbc51ff610 0000000000000000
0x00007ffbc51ff620:   00007ffbc51ff690 00007ffb9cf3fd00 

Instructions: (pc=0x00007ffb9e53a318)
0x00007ffb9e53a2f8:   7c 05 00 80 b8 29 06 00 00 00 0f 85 26 02 00 00
0x00007ffb9e53a308:   44 8b 90 00 06 00 00 45 85 d2 0f 85 aa 01 00 00
0x00007ffb9e53a318:   44 8b 07 41 83 fc 01 4c 8d 4f 04 b9 01 00 00 00
0x00007ffb9e53a328:   44 89 c6 7e 2a 48 89 fa 8b 42 04 41 39 c0 44 0f 

Register to memory mapping:

RAX=0x0000000041305220 is an unknown value
RBX=0x00000000412ae000 is an unknown value
RCX=0x0000000000001770 is an unknown value
RDX=0x00000000ffffffff is an unknown value
RSP=0x00007ffbc51ff430 is pointing into the stack for thread: 0x00007ffbc000e800
RBP=0x00000000412ae000 is an unknown value
RSI=0x0000000000000000 is an unknown value
RDI=0x0000000000000000 is an unknown value
R8 =0x0000000000001405 is an unknown value
R9 =0x0000000000000000 is an unknown value
R10=0x0000000000000000 is an unknown value
R11=0x0000000000000000 is an unknown value
R12=0x0000000000000010 is an unknown value
R13=0x0000000000000000 is an unknown value
R14=0x0000000000001770 is an unknown value
R15=0x00007ffbc51ff53c is pointing into the stack for thread: 0x00007ffbc000e800


Stack: [0x00007ffbc5101000,0x00007ffbc5201000],  sp=0x00007ffbc51ff430,  free space=1017k
Native frames: (J=compiled Java code, j=interpreted, Vv=VM code, C=native code)
C  [libnvidia-glcore.so.418.211.00+0xedf318]

Java frames: (J=compiled Java code, j=interpreted, Vv=VM code)
j  org.lwjgl.opengl.GL11C.nglDrawElements(IIIJ)V+0
j  org.lwjgl.opengl.GL11C.glDrawElements(IIIJ)V+4
j  org.lwjgl.opengl.GL11.glDrawElements(IIIJ)V+4
j  jade.renderer.RenderBatch.render()V+89
j  jade.renderer.Renderer.render()V+30
j  jade.scenes.LevelEditorScene.update(F)V+41
j  jade.Window.loop()V+123
j  jade.Window.run()V+37
j  Main.main([Ljava/lang/String;)V+5
v  ~StubRoutines::call_stub

---------------  P R O C E S S  ---------------

Java Threads: ( => current thread )
  0x00007ffb5c001000 JavaThread "Attach Listener" daemon [_thread_blocked, id=110883, stack(0x00007ffb9fb5c000,0x00007ffb9fc5d000)]
  0x00007ffbc03c2800 JavaThread "Service Thread" daemon [_thread_blocked, id=110879, stack(0x00007ffba46da000,0x00007ffba47db000)]
  0x00007ffbc03b7800 JavaThread "C1 CompilerThread3" daemon [_thread_in_native, id=110878, stack(0x00007ffba79f4000,0x00007ffba7af4000)]
  0x00007ffbc03b5000 JavaThread "C2 CompilerThread2" daemon [_thread_blocked, id=110877, stack(0x00007ffba7af5000,0x00007ffba7bf5000)]
  0x00007ffbc03b3000 JavaThread "C2 CompilerThread1" daemon [_thread_blocked, id=110876, stack(0x00007ffba7bf6000,0x00007ffba7cf6000)]
  0x00007ffbc03b1000 JavaThread "C2 CompilerThread0" daemon [_thread_blocked, id=110875, stack(0x00007ffba7cf7000,0x00007ffba7df7000)]
  0x00007ffbc03af000 JavaThread "Monitor Ctrl-Break" daemon [_thread_in_native, id=110874, stack(0x00007ffba7df7000,0x00007ffba7ef8000)]
  0x00007ffbc020e800 JavaThread "Signal Dispatcher" daemon [_thread_blocked, id=110872, stack(0x00007ffba7eff000,0x00007ffba8000000)]
  0x00007ffbc01da800 JavaThread "Finalizer" daemon [_thread_blocked, id=110871, stack(0x00007ffbace7a000,0x00007ffbacf7b000)]
  0x00007ffbc01d6000 JavaThread "Reference Handler" daemon [_thread_blocked, id=110870, stack(0x00007ffbacf7b000,0x00007ffbad07c000)]
=>0x00007ffbc000e800 JavaThread "main" [_thread_in_native, id=110860, stack(0x00007ffbc5101000,0x00007ffbc5201000)]

Other Threads:
  0x00007ffbc01cc000 VMThread [stack: 0x00007ffbad07d000,0x00007ffbad17d000] [id=110869]
  0x00007ffbc03c5800 WatcherThread [stack: 0x00007ffba45da000,0x00007ffba46da000] [id=110880]

VM state:not at safepoint (normal execution)

VM Mutex/Monitor currently owned by a thread: None

heap address: 0x00000006c7000000, size: 3984 MB, Compressed Oops mode: Zero based, Oop shift amount: 3
Narrow klass base: 0x0000000000000000, Narrow klass shift: 3
Compressed class space size: 1073741824 Address: 0x00000007c0000000

Heap:
 PSYoungGen      total 74752K, used 39597K [0x000000076d000000, 0x0000000772300000, 0x00000007c0000000)
  eden space 64512K, 61% used [0x000000076d000000,0x000000076f6ab5f8,0x0000000770f00000)
  from space 10240K, 0% used [0x0000000771900000,0x0000000771900000,0x0000000772300000)
  to   space 10240K, 0% used [0x0000000770f00000,0x0000000770f00000,0x0000000771900000)
 ParOldGen       total 171008K, used 0K [0x00000006c7000000, 0x00000006d1700000, 0x000000076d000000)
  object space 171008K, 0% used [0x00000006c7000000,0x00000006c7000000,0x00000006d1700000)
 Metaspace       used 11816K, capacity 12039K, committed 12288K, reserved 1060864K
  class space    used 885K, capacity 982K, committed 1024K, reserved 1048576K

Card table byte_map: [0x00007ffbb0837000,0x00007ffbb1000000] byte_map_base: 0x00007ffbad1ff000

Marking Bits: (ParMarkBitMap*) 0x00007ffbc632a1c0
 Begin Bits: [0x00007ffb70380000, 0x00007ffb741c0000)
 End Bits:   [0x00007ffb741c0000, 0x00007ffb78000000)

Polling page: 0x00007ffbc67bf000

CodeCache: size=245760Kb used=3300Kb max_used=3300Kb free=242459Kb
 bounds [0x00007ffbb1000000, 0x00007ffbb1340000, 0x00007ffbc0000000]
 total_blobs=1765 nmethods=771 adapters=908
 compilation: enabled

Compilation events (10 events):
Event: 4,047 Thread 0x00007ffbc03b7800  765       1       jade.gameobjects.components.SpriteRenderer::update (1 bytes)
Event: 4,047 Thread 0x00007ffbc03b7800 nmethod 765 0x00007ffbb132bc50 code [0x00007ffbb132bda0, 0x00007ffbb132beb0]
Event: 4,072 Thread 0x00007ffbc03b5000 nmethod 766 0x00007ffbb1331fd0 code [0x00007ffbb1332140, 0x00007ffbb13324b8]
Event: 4,074 Thread 0x00007ffbc03b3000 nmethod 757 0x00007ffbb132d8d0 code [0x00007ffbb132db00, 0x00007ffbb132e750]
Event: 4,093 Thread 0x00007ffbc03b1000 nmethod 755 0x00007ffbb1332790 code [0x00007ffbb1332a00, 0x00007ffbb13337f0]
Event: 4,131 Thread 0x00007ffbc03b7800  767       1       java.lang.reflect.Field::getName (5 bytes)
Event: 4,132 Thread 0x00007ffbc03b7800 nmethod 767 0x00007ffbb1331b10 code [0x00007ffbb1331c60, 0x00007ffbb1331d70]
Event: 4,320 Thread 0x00007ffbc03b7800  769       3       java.lang.ClassNotFoundException::<init> (7 bytes)
Event: 4,321 Thread 0x00007ffbc03b7800 nmethod 769 0x00007ffbb1336f50 code [0x00007ffbb13370c0, 0x00007ffbb1337308]
Event: 4,418 Thread 0x00007ffbc03b7800  771       3       java.nio.Buffer::<init> (121 bytes)

GC Heap History (0 events):
No events

Deoptimization events (0 events):
No events

Classes redefined (0 events):
No events

Internal exceptions (10 events):
Event: 1,307 Thread 0x00007ffbc000e800 Exception <a 'java/security/PrivilegedActionException'> (0x000000076da54c10) thrown at [/scratch/jenkins/workspace/8-2-build-linux-amd64/jdk8u291/1294/hotspot/src/share/vm/prims/jvm.cpp, line 1523]
Event: 1,308 Thread 0x00007ffbc000e800 Exception <a 'java/security/PrivilegedActionException'> (0x000000076da56a80) thrown at [/scratch/jenkins/workspace/8-2-build-linux-amd64/jdk8u291/1294/hotspot/src/share/vm/prims/jvm.cpp, line 1523]
Event: 1,308 Thread 0x00007ffbc000e800 Exception <a 'java/security/PrivilegedActionException'> (0x000000076da56c90) thrown at [/scratch/jenkins/workspace/8-2-build-linux-amd64/jdk8u291/1294/hotspot/src/share/vm/prims/jvm.cpp, line 1523]
Event: 1,308 Thread 0x00007ffbc000e800 Exception <a 'java/security/PrivilegedActionException'> (0x000000076da58530) thrown at [/scratch/jenkins/workspace/8-2-build-linux-amd64/jdk8u291/1294/hotspot/src/share/vm/prims/jvm.cpp, line 1523]
Event: 1,308 Thread 0x00007ffbc000e800 Exception <a 'java/security/PrivilegedActionException'> (0x000000076da58740) thrown at [/scratch/jenkins/workspace/8-2-build-linux-amd64/jdk8u291/1294/hotspot/src/share/vm/prims/jvm.cpp, line 1523]
Event: 1,308 Thread 0x00007ffbc000e800 Exception <a 'java/security/PrivilegedActionException'> (0x000000076da5a510) thrown at [/scratch/jenkins/workspace/8-2-build-linux-amd64/jdk8u291/1294/hotspot/src/share/vm/prims/jvm.cpp, line 1523]
Event: 1,308 Thread 0x00007ffbc000e800 Exception <a 'java/security/PrivilegedActionException'> (0x000000076da5a720) thrown at [/scratch/jenkins/workspace/8-2-build-linux-amd64/jdk8u291/1294/hotspot/src/share/vm/prims/jvm.cpp, line 1523]
Event: 1,387 Thread 0x00007ffbc000e800 Exception <a 'sun/nio/fs/UnixException'> (0x000000076db37be0) thrown at [/scratch/jenkins/workspace/8-2-build-linux-amd64/jdk8u291/1294/hotspot/src/share/vm/prims/jni.cpp, line 710]
Event: 1,968 Thread 0x00007ffbc000e800 Exception <a 'sun/nio/fs/UnixException'> (0x000000076dc3ef98) thrown at [/scratch/jenkins/workspace/8-2-build-linux-amd64/jdk8u291/1294/hotspot/src/share/vm/prims/jni.cpp, line 710]
Event: 1,981 Thread 0x00007ffbc000e800 Exception <a 'sun/nio/fs/UnixException'> (0x000000076dc4b728) thrown at [/scratch/jenkins/workspace/8-2-build-linux-amd64/jdk8u291/1294/hotspot/src/share/vm/prims/jni.cpp, line 710]

Events (10 events):
Event: 4,382 loading class org/joml/Vector2i
Event: 4,382 loading class org/joml/Vector2i done
Event: 4,383 loading class org/joml/Vector2ic
Event: 4,383 loading class org/joml/Vector2ic done
Event: 4,388 loading class org/joml/Quaternionf
Event: 4,388 loading class org/joml/Quaternionf done
Event: 4,392 loading class org/joml/Quaternionfc
Event: 4,392 loading class org/joml/Quaternionfc done
Event: 4,411 loading class org/joml/Math
Event: 4,411 loading class org/joml/Math done


Dynamic libraries:
412ae000-41360000 rw-p 00000000 00:00 0 
41595000-41597000 r-xs 00000000 08:04 4849680                            /tmp/.glrZqr8R (deleted)
6c7000000-6d1700000 rw-p 00000000 00:00 0 
6d1700000-76d000000 ---p 00000000 00:00 0 
76d000000-772300000 rw-p 00000000 00:00 0 
772300000-7c0000000 ---p 00000000 00:00 0 
7c0000000-7c0100000 rw-p 00000000 00:00 0 
7c0100000-800000000 ---p 00000000 00:00 0 
557230800000-557230801000 r-xp 00000000 08:04 208779                     /usr/lib/jvm/jdk1.8.0_291/bin/java
557230a00000-557230a01000 r--p 00000000 08:04 208779                     /usr/lib/jvm/jdk1.8.0_291/bin/java
557230a01000-557230a02000 rw-p 00001000 08:04 208779                     /usr/lib/jvm/jdk1.8.0_291/bin/java
5572315bd000-5572315de000 rw-p 00000000 00:00 0                          [heap]
7ffb3c000000-7ffb3c021000 rw-p 00000000 00:00 0 
7ffb3c021000-7ffb40000000 ---p 00000000 00:00 0 
7ffb44000000-7ffb44021000 rw-p 00000000 00:00 0 
7ffb44021000-7ffb48000000 ---p 00000000 00:00 0 
7ffb48000000-7ffb48021000 rw-p 00000000 00:00 0 
7ffb48021000-7ffb4c000000 ---p 00000000 00:00 0 
7ffb4c000000-7ffb4c1b5000 rw-p 00000000 00:00 0 
7ffb4c1b5000-7ffb50000000 ---p 00000000 00:00 0 
7ffb50000000-7ffb5022d000 rw-p 00000000 00:00 0 
7ffb5022d000-7ffb54000000 ---p 00000000 00:00 0 
7ffb54000000-7ffb54283000 rw-p 00000000 00:00 0 
7ffb54283000-7ffb58000000 ---p 00000000 00:00 0 
7ffb58000000-7ffb581d8000 rw-p 00000000 00:00 0 
7ffb581d8000-7ffb5c000000 ---p 00000000 00:00 0 
7ffb5c000000-7ffb5c021000 rw-p 00000000 00:00 0 
7ffb5c021000-7ffb60000000 ---p 00000000 00:00 0 
7ffb60000000-7ffb60033000 rw-p 00000000 00:00 0 
7ffb60033000-7ffb64000000 ---p 00000000 00:00 0 
7ffb64000000-7ffb64021000 rw-p 00000000 00:00 0 
7ffb64021000-7ffb68000000 ---p 00000000 00:00 0 
7ffb68000000-7ffb68021000 rw-p 00000000 00:00 0 
7ffb68021000-7ffb6c000000 ---p 00000000 00:00 0 
7ffb6c000000-7ffb6c021000 rw-p 00000000 00:00 0 
7ffb6c021000-7ffb70000000 ---p 00000000 00:00 0 
7ffb70380000-7ffb78000000 rw-p 00000000 00:00 0 
7ffb78000000-7ffb78021000 rw-p 00000000 00:00 0 
7ffb78021000-7ffb7c000000 ---p 00000000 00:00 0 
7ffb7c000000-7ffb7c021000 rw-p 00000000 00:00 0 
7ffb7c021000-7ffb80000000 ---p 00000000 00:00 0 
7ffb80000000-7ffb80021000 rw-p 00000000 00:00 0 
7ffb80021000-7ffb84000000 ---p 00000000 00:00 0 
7ffb88000000-7ffb88021000 rw-p 00000000 00:00 0 
7ffb88021000-7ffb8c000000 ---p 00000000 00:00 0 
7ffb90000000-7ffb90021000 rw-p 00000000 00:00 0 
7ffb90021000-7ffb94000000 ---p 00000000 00:00 0 
7ffb98000000-7ffb98021000 rw-p 00000000 00:00 0 
7ffb98021000-7ffb9c000000 ---p 00000000 00:00 0 
7ffb9c9bc000-7ffb9cabc000 rw-p 00000000 00:00 0 
7ffb9cabc000-7ffb9cbbc000 ---p 00000000 00:00 0 
7ffb9cbbc000-7ffb9cfbd000 rw-p 00000000 00:00 0 
7ffb9cfbd000-7ffb9d015000 r-xp 00000000 08:04 5374131                    /tmp/lwjgldavid/3.2.3-build-13/liblwjgl_opengl.so
7ffb9d015000-7ffb9d214000 ---p 00058000 08:04 5374131                    /tmp/lwjgldavid/3.2.3-build-13/liblwjgl_opengl.so
7ffb9d214000-7ffb9d215000 r--p 00057000 08:04 5374131                    /tmp/lwjgldavid/3.2.3-build-13/liblwjgl_opengl.so
7ffb9d215000-7ffb9d216000 rw-p 00058000 08:04 5374131                    /tmp/lwjgldavid/3.2.3-build-13/liblwjgl_opengl.so
7ffb9d216000-7ffb9d296000 rw-s 00000000 00:05 657                        /dev/nvidiactl
7ffb9d296000-7ffb9d316000 rw-s 00000000 00:05 657                        /dev/nvidiactl
7ffb9d316000-7ffb9d396000 rw-s 00000000 00:05 657                        /dev/nvidiactl
7ffb9d396000-7ffb9d496000 rw-s 00000000 00:05 657                        /dev/nvidiactl
7ffb9d496000-7ffb9d4b6000 rw-s 00000000 00:05 658                        /dev/nvidia0
7ffb9d4b6000-7ffb9d4f6000 rw-s 00000000 00:05 657                        /dev/nvidiactl
7ffb9d4f6000-7ffb9d516000 rw-s 00000000 00:05 657                        /dev/nvidiactl
7ffb9d516000-7ffb9d556000 rw-s 00000000 00:05 657                        /dev/nvidiactl
7ffb9d556000-7ffb9d65b000 rw-s 00000000 00:05 657                        /dev/nvidiactl
7ffb9d65b000-7ffb9e87b000 r-xp 00000000 08:04 209815                     /usr/lib/x86_64-linux-gnu/libnvidia-glcore.so.418.211.00
7ffb9e87b000-7ffb9e89c000 rwxp 01220000 08:04 209815                     /usr/lib/x86_64-linux-gnu/libnvidia-glcore.so.418.211.00
7ffb9e89c000-7ffb9ed92000 r-xp 01241000 08:04 209815                     /usr/lib/x86_64-linux-gnu/libnvidia-glcore.so.418.211.00
7ffb9ed92000-7ffb9ef91000 ---p 01737000 08:04 209815                     /usr/lib/x86_64-linux-gnu/libnvidia-glcore.so.418.211.00
7ffb9ef91000-7ffb9f2b8000 rw-p 01736000 08:04 209815                     /usr/lib/x86_64-linux-gnu/libnvidia-glcore.so.418.211.00
7ffb9f2b8000-7ffb9f2cf000 rw-p 00000000 00:00 0 
7ffb9f2cf000-7ffb9f2d2000 r-xp 00000000 08:04 209820                     /usr/lib/x86_64-linux-gnu/libnvidia-tls.so.418.211.00
7ffb9f2d2000-7ffb9f4d2000 ---p 00003000 08:04 209820                     /usr/lib/x86_64-linux-gnu/libnvidia-tls.so.418.211.00
7ffb9f4d2000-7ffb9f4d3000 rw-p 00003000 08:04 209820                     /usr/lib/x86_64-linux-gnu/libnvidia-tls.so.418.211.00
7ffb9f4d3000-7ffb9f59d000 r-xp 00000000 08:04 209809                     /usr/lib/x86_64-linux-gnu/libGLX_nvidia.so.418.211.00
7ffb9f59d000-7ffb9f5d2000 rwxp 000ca000 08:04 209809                     /usr/lib/x86_64-linux-gnu/libGLX_nvidia.so.418.211.00
7ffb9f5d2000-7ffb9f5e6000 r-xp 000ff000 08:04 209809                     /usr/lib/x86_64-linux-gnu/libGLX_nvidia.so.418.211.00
7ffb9f5e6000-7ffb9f7e5000 ---p 00113000 08:04 209809                     /usr/lib/x86_64-linux-gnu/libGLX_nvidia.so.418.211.00
7ffb9f7e5000-7ffb9f80b000 rw-p 00112000 08:04 209809                     /usr/lib/x86_64-linux-gnu/libGLX_nvidia.so.418.211.00
7ffb9f80b000-7ffb9f812000 rw-p 00000000 00:00 0 
7ffb9f812000-7ffb9f852000 r--p 00000000 08:04 211921                     /usr/lib/x86_64-linux-gnu/libGLdispatch.so.0.0.0
7ffb9f852000-7ffb9f855000 r-xp 00040000 08:04 211921                     /usr/lib/x86_64-linux-gnu/libGLdispatch.so.0.0.0
7ffb9f855000-7ffb9f890000 r-xp 00043000 08:04 211921                     /usr/lib/x86_64-linux-gnu/libGLdispatch.so.0.0.0
7ffb9f890000-7ffb9f891000 r-xp 0007e000 08:04 211921                     /usr/lib/x86_64-linux-gnu/libGLdispatch.so.0.0.0
7ffb9f891000-7ffb9f8a5000 r--p 0007f000 08:04 211921                     /usr/lib/x86_64-linux-gnu/libGLdispatch.so.0.0.0
7ffb9f8a5000-7ffb9f8c1000 r--p 00092000 08:04 211921                     /usr/lib/x86_64-linux-gnu/libGLdispatch.so.0.0.0
7ffb9f8c1000-7ffb9f8c2000 rw-p 000ae000 08:04 211921                     /usr/lib/x86_64-linux-gnu/libGLdispatch.so.0.0.0
7ffb9f8c2000-7ffb9f8ca000 rw-p 00000000 00:00 0 
7ffb9f8ca000-7ffb9f90d000 r--p 00000000 08:04 211910                     /usr/lib/x86_64-linux-gnu/libGL.so.1.7.0
7ffb9f90d000-7ffb9f911000 r-xp 00043000 08:04 211910                     /usr/lib/x86_64-linux-gnu/libGL.so.1.7.0
7ffb9f911000-7ffb9f92c000 r-xp 00047000 08:04 211910                     /usr/lib/x86_64-linux-gnu/libGL.so.1.7.0
7ffb9f92c000-7ffb9f92d000 r-xp 00062000 08:04 211910                     /usr/lib/x86_64-linux-gnu/libGL.so.1.7.0
7ffb9f92d000-7ffb9f942000 r--p 00063000 08:04 211910                     /usr/lib/x86_64-linux-gnu/libGL.so.1.7.0
7ffb9f942000-7ffb9f950000 r--p 00077000 08:04 211910                     /usr/lib/x86_64-linux-gnu/libGL.so.1.7.0
7ffb9f950000-7ffb9f951000 rw-p 00085000 08:04 211910                     /usr/lib/x86_64-linux-gnu/libGL.so.1.7.0
7ffb9f951000-7ffb9f952000 rw-p 00000000 00:00 0 
7ffb9f952000-7ffb9f95b000 r-xp 00000000 08:04 211975                     /usr/lib/x86_64-linux-gnu/libXrender.so.1.3.0
7ffb9f95b000-7ffb9fb5a000 ---p 00009000 08:04 211975                     /usr/lib/x86_64-linux-gnu/libXrender.so.1.3.0
7ffb9fb5a000-7ffb9fb5b000 r--p 00008000 08:04 211975                     /usr/lib/x86_64-linux-gnu/libXrender.so.1.3.0
7ffb9fb5b000-7ffb9fb5c000 rw-p 00009000 08:04 211975                     /usr/lib/x86_64-linux-gnu/libXrender.so.1.3.0
7ffb9fb5c000-7ffb9fb5f000 ---p 00000000 00:00 0 
7ffb9fb5f000-7ffb9fc5d000 rw-p 00000000 00:00 0 
7ffb9fc5d000-7ffb9fc75000 r--p 00000000 08:04 210675                     /usr/lib/x86_64-linux-gnu/libX11.so.6.3.0
7ffb9fc75000-7ffb9fd00000 r-xp 00018000 08:04 210675                     /usr/lib/x86_64-linux-gnu/libX11.so.6.3.0
7ffb9fd00000-7ffb9fd94000 r--p 000a3000 08:04 210675                     /usr/lib/x86_64-linux-gnu/libX11.so.6.3.0
7ffb9fd94000-7ffb9fd95000 ---p 00137000 08:04 210675                     /usr/lib/x86_64-linux-gnu/libX11.so.6.3.0
7ffb9fd95000-7ffb9fd96000 r--p 00137000 08:04 210675                     /usr/lib/x86_64-linux-gnu/libX11.so.6.3.0
7ffb9fd96000-7ffb9fd9a000 rw-p 00138000 08:04 210675                     /usr/lib/x86_64-linux-gnu/libX11.so.6.3.0
7ffb9fd9a000-7ffb9fddd000 r-xp 00000000 08:04 5374129                    /tmp/lwjgldavid/3.2.3-build-13/libglfw.so
7ffb9fddd000-7ffb9ffdc000 ---p 00043000 08:04 5374129                    /tmp/lwjgldavid/3.2.3-build-13/libglfw.so
7ffb9ffdc000-7ffb9ffdd000 r--p 00042000 08:04 5374129                    /tmp/lwjgldavid/3.2.3-build-13/libglfw.so
7ffb9ffdd000-7ffb9ffdf000 rw-p 00043000 08:04 5374129                    /tmp/lwjgldavid/3.2.3-build-13/libglfw.so
7ffb9ffdf000-7ffba0000000 rw-p 00000000 00:00 0 
7ffba0000000-7ffba0021000 rw-p 00000000 00:00 0 
7ffba0021000-7ffba4000000 ---p 00000000 00:00 0 
7ffba4010000-7ffba4030000 rw-s 00000000 00:05 657                        /dev/nvidiactl
7ffba4030000-7ffba4034000 r--p 00000000 08:04 205583                     /usr/lib/x86_64-linux-gnu/libdrm.so.2.4.0
7ffba4034000-7ffba403e000 r-xp 00004000 08:04 205583                     /usr/lib/x86_64-linux-gnu/libdrm.so.2.4.0
7ffba403e000-7ffba4042000 r--p 0000e000 08:04 205583                     /usr/lib/x86_64-linux-gnu/libdrm.so.2.4.0
7ffba4042000-7ffba4043000 r--p 00011000 08:04 205583                     /usr/lib/x86_64-linux-gnu/libdrm.so.2.4.0
7ffba4043000-7ffba4044000 rw-p 00012000 08:04 205583                     /usr/lib/x86_64-linux-gnu/libdrm.so.2.4.0
7ffba4044000-7ffba4047000 r--p 00000000 08:04 211916                     /usr/lib/x86_64-linux-gnu/libGLX.so.0.0.0
7ffba4047000-7ffba4062000 r-xp 00003000 08:04 211916                     /usr/lib/x86_64-linux-gnu/libGLX.so.0.0.0
7ffba4062000-7ffba4066000 r--p 0001e000 08:04 211916                     /usr/lib/x86_64-linux-gnu/libGLX.so.0.0.0
7ffba4066000-7ffba4067000 r--p 00021000 08:04 211916                     /usr/lib/x86_64-linux-gnu/libGLX.so.0.0.0
7ffba4067000-7ffba4068000 rw-p 00022000 08:04 211916                     /usr/lib/x86_64-linux-gnu/libGLX.so.0.0.0
7ffba4068000-7ffba4078000 rw-p 00000000 00:00 0 
7ffba4079000-7ffba407a000 r-xp 00000000 00:00 0 
7ffba407a000-7ffba408d000 rw-s 00000000 00:05 657                        /dev/nvidiactl
7ffba408d000-7ffba408e000 r--p 00000000 08:04 210682                     /usr/lib/x86_64-linux-gnu/libX11-xcb.so.1.0.0
7ffba408e000-7ffba408f000 r-xp 00001000 08:04 210682                     /usr/lib/x86_64-linux-gnu/libX11-xcb.so.1.0.0
7ffba408f000-7ffba4090000 r--p 00002000 08:04 210682                     /usr/lib/x86_64-linux-gnu/libX11-xcb.so.1.0.0
7ffba4090000-7ffba4091000 r--p 00002000 08:04 210682                     /usr/lib/x86_64-linux-gnu/libX11-xcb.so.1.0.0
7ffba4091000-7ffba4092000 rw-p 00003000 08:04 210682                     /usr/lib/x86_64-linux-gnu/libX11-xcb.so.1.0.0
7ffba4092000-7ffba4093000 r--p 00000000 08:04 211965                     /usr/lib/x86_64-linux-gnu/libXinerama.so.1.0.0
7ffba4093000-7ffba4094000 r-xp 00001000 08:04 211965                     /usr/lib/x86_64-linux-gnu/libXinerama.so.1.0.0
7ffba4094000-7ffba4095000 r--p 00002000 08:04 211965                     /usr/lib/x86_64-linux-gnu/libXinerama.so.1.0.0
7ffba4095000-7ffba4096000 r--p 00002000 08:04 211965                     /usr/lib/x86_64-linux-gnu/libXinerama.so.1.0.0
7ffba4096000-7ffba4097000 rw-p 00003000 08:04 211965                     /usr/lib/x86_64-linux-gnu/libXinerama.so.1.0.0
7ffba4097000-7ffba4099000 r--p 00000000 08:04 211957                     /usr/lib/x86_64-linux-gnu/libXfixes.so.3.1.0
7ffba4099000-7ffba409c000 r-xp 00002000 08:04 211957                     /usr/lib/x86_64-linux-gnu/libXfixes.so.3.1.0
7ffba409c000-7ffba409d000 r--p 00005000 08:04 211957                     /usr/lib/x86_64-linux-gnu/libXfixes.so.3.1.0
7ffba409d000-7ffba409e000 r--p 00005000 08:04 211957                     /usr/lib/x86_64-linux-gnu/libXfixes.so.3.1.0
7ffba409e000-7ffba409f000 rw-p 00006000 08:04 211957                     /usr/lib/x86_64-linux-gnu/libXfixes.so.3.1.0
7ffba409f000-7ffba40a2000 r--p 00000000 08:04 211949                     /usr/lib/x86_64-linux-gnu/libXcursor.so.1.0.2
7ffba40a2000-7ffba40a8000 r-xp 00003000 08:04 211949                     /usr/lib/x86_64-linux-gnu/libXcursor.so.1.0.2
7ffba40a8000-7ffba40aa000 r--p 00009000 08:04 211949                     /usr/lib/x86_64-linux-gnu/libXcursor.so.1.0.2
7ffba40aa000-7ffba40ab000 r--p 0000a000 08:04 211949                     /usr/lib/x86_64-linux-gnu/libXcursor.so.1.0.2
7ffba40ab000-7ffba40ac000 rw-p 0000b000 08:04 211949                     /usr/lib/x86_64-linux-gnu/libXcursor.so.1.0.2
7ffba40ac000-7ffba40ae000 r--p 00000000 08:04 211973                     /usr/lib/x86_64-linux-gnu/libXrandr.so.2.2.0
7ffba40ae000-7ffba40b5000 r-xp 00002000 08:04 211973                     /usr/lib/x86_64-linux-gnu/libXrandr.so.2.2.0
7ffba40b5000-7ffba40b7000 r--p 00009000 08:04 211973                     /usr/lib/x86_64-linux-gnu/libXrandr.so.2.2.0
7ffba40b7000-7ffba40b8000 r--p 0000a000 08:04 211973                     /usr/lib/x86_64-linux-gnu/libXrandr.so.2.2.0
7ffba40b8000-7ffba40b9000 rw-p 0000b000 08:04 211973                     /usr/lib/x86_64-linux-gnu/libXrandr.so.2.2.0
7ffba40b9000-7ffba40bb000 r--p 00000000 08:04 211963                     /usr/lib/x86_64-linux-gnu/libXi.so.6.1.0
7ffba40bb000-7ffba40c6000 r-xp 00002000 08:04 211963                     /usr/lib/x86_64-linux-gnu/libXi.so.6.1.0
7ffba40c6000-7ffba40c9000 r--p 0000d000 08:04 211963                     /usr/lib/x86_64-linux-gnu/libXi.so.6.1.0
7ffba40c9000-7ffba40ca000 r--p 0000f000 08:04 211963                     /usr/lib/x86_64-linux-gnu/libXi.so.6.1.0
7ffba40ca000-7ffba40cb000 rw-p 00010000 08:04 211963                     /usr/lib/x86_64-linux-gnu/libXi.so.6.1.0
7ffba40cb000-7ffba40cf000 r--p 00000000 08:04 211955                     /usr/lib/x86_64-linux-gnu/libXext.so.6.4.0
7ffba40cf000-7ffba40da000 r-xp 00004000 08:04 211955                     /usr/lib/x86_64-linux-gnu/libXext.so.6.4.0
7ffba40da000-7ffba40de000 r--p 0000f000 08:04 211955                     /usr/lib/x86_64-linux-gnu/libXext.so.6.4.0
7ffba40de000-7ffba40df000 r--p 00012000 08:04 211955                     /usr/lib/x86_64-linux-gnu/libXext.so.6.4.0
7ffba40df000-7ffba40e0000 rw-p 00013000 08:04 211955                     /usr/lib/x86_64-linux-gnu/libXext.so.6.4.0
7ffba40e0000-7ffba40e1000 r--p 00000000 08:04 211991                     /usr/lib/x86_64-linux-gnu/libXxf86vm.so.1.0.0
7ffba40e1000-7ffba40e4000 r-xp 00001000 08:04 211991                     /usr/lib/x86_64-linux-gnu/libXxf86vm.so.1.0.0
7ffba40e4000-7ffba40e5000 r--p 00004000 08:04 211991                     /usr/lib/x86_64-linux-gnu/libXxf86vm.so.1.0.0
7ffba40e5000-7ffba40e6000 r--p 00004000 08:04 211991                     /usr/lib/x86_64-linux-gnu/libXxf86vm.so.1.0.0
7ffba40e6000-7ffba40e7000 rw-p 00005000 08:04 211991                     /usr/lib/x86_64-linux-gnu/libXxf86vm.so.1.0.0
7ffba40e7000-7ffba40eb000 r--p 00000000 08:04 212109                     /usr/lib/x86_64-linux-gnu/libbsd.so.0.10.0
7ffba40eb000-7ffba40fa000 r-xp 00004000 08:04 212109                     /usr/lib/x86_64-linux-gnu/libbsd.so.0.10.0
7ffba40fa000-7ffba40fd000 r--p 00013000 08:04 212109                     /usr/lib/x86_64-linux-gnu/libbsd.so.0.10.0
7ffba40fd000-7ffba40fe000 ---p 00016000 08:04 212109                     /usr/lib/x86_64-linux-gnu/libbsd.so.0.10.0
7ffba40fe000-7ffba40ff000 r--p 00016000 08:04 212109                     /usr/lib/x86_64-linux-gnu/libbsd.so.0.10.0
7ffba40ff000-7ffba4100000 rw-p 00017000 08:04 212109                     /usr/lib/x86_64-linux-gnu/libbsd.so.0.10.0
7ffba4100000-7ffba4101000 rw-p 00000000 00:00 0 
7ffba4101000-7ffba4103000 r--p 00000000 08:04 211953                     /usr/lib/x86_64-linux-gnu/libXdmcp.so.6.0.0
7ffba4103000-7ffba4105000 r-xp 00002000 08:04 211953                     /usr/lib/x86_64-linux-gnu/libXdmcp.so.6.0.0
7ffba4105000-7ffba4107000 r--p 00004000 08:04 211953                     /usr/lib/x86_64-linux-gnu/libXdmcp.so.6.0.0
7ffba4107000-7ffba4108000 r--p 00005000 08:04 211953                     /usr/lib/x86_64-linux-gnu/libXdmcp.so.6.0.0
7ffba4108000-7ffba4109000 rw-p 00006000 08:04 211953                     /usr/lib/x86_64-linux-gnu/libXdmcp.so.6.0.0
7ffba4109000-7ffba410a000 r--p 00000000 08:04 211942                     /usr/lib/x86_64-linux-gnu/libXau.so.6.0.0
7ffba410a000-7ffba410c000 r-xp 00001000 08:04 211942                     /usr/lib/x86_64-linux-gnu/libXau.so.6.0.0
7ffba410c000-7ffba410d000 r--p 00003000 08:04 211942                     /usr/lib/x86_64-linux-gnu/libXau.so.6.0.0
7ffba410d000-7ffba410e000 r--p 00003000 08:04 211942                     /usr/lib/x86_64-linux-gnu/libXau.so.6.0.0
7ffba410e000-7ffba410f000 rw-p 00004000 08:04 211942                     /usr/lib/x86_64-linux-gnu/libXau.so.6.0.0
7ffba410f000-7ffba411a000 r--p 00000000 08:04 213403                     /usr/lib/x86_64-linux-gnu/libxcb.so.1.1.0
7ffba411a000-7ffba412e000 r-xp 0000b000 08:04 213403                     /usr/lib/x86_64-linux-gnu/libxcb.so.1.1.0
7ffba412e000-7ffba4137000 r--p 0001f000 08:04 213403                     /usr/lib/x86_64-linux-gnu/libxcb.so.1.1.0
7ffba4137000-7ffba4138000 r--p 00027000 08:04 213403                     /usr/lib/x86_64-linux-gnu/libxcb.so.1.1.0
7ffba4138000-7ffba4139000 rw-p 00028000 08:04 213403                     /usr/lib/x86_64-linux-gnu/libxcb.so.1.1.0
7ffba4139000-7ffba413c000 r-xp 00000000 00:00 0 
7ffba413c000-7ffba413e000 rw-s 00000000 08:04 4849680                    /tmp/.glrZqr8R (deleted)
7ffba413e000-7ffba413f000 rw-s 00000000 00:05 657                        /dev/nvidiactl
7ffba413f000-7ffba4143000 rw-s 00000000 00:05 657                        /dev/nvidiactl
7ffba4143000-7ffba4144000 rw-s 00000000 00:05 658                        /dev/nvidia0
7ffba4144000-7ffba4145000 rw-s 00000000 00:05 658                        /dev/nvidia0
7ffba4145000-7ffba4146000 rw-s 00000000 00:05 657                        /dev/nvidiactl
7ffba4146000-7ffba4147000 rw-s 00000000 00:05 657                        /dev/nvidiactl
7ffba4147000-7ffba414e000 r--s 00000000 08:04 394623                     /usr/lib/x86_64-linux-gnu/gconv/gconv-modules.cache
7ffba414e000-7ffba414f000 r-xp 00000000 00:00 0 
7ffba414f000-7ffba4159000 r--s 00116000 08:04 221999                     /usr/lib/jvm/jdk1.8.0_291/jre/lib/ext/localedata.jar
7ffba4159000-7ffba4175000 r--s 00393000 08:04 222000                     /usr/lib/jvm/jdk1.8.0_291/jre/lib/ext/cldrdata.jar
7ffba4175000-7ffba41c6000 r-xp 00000000 08:04 5374128                    /tmp/lwjgldavid/3.2.3-build-13/liblwjgl.so
7ffba41c6000-7ffba43c5000 ---p 00051000 08:04 5374128                    /tmp/lwjgldavid/3.2.3-build-13/liblwjgl.so
7ffba43c5000-7ffba43c6000 r--p 00050000 08:04 5374128                    /tmp/lwjgldavid/3.2.3-build-13/liblwjgl.so
7ffba43c6000-7ffba43c7000 rw-p 00051000 08:04 5374128                    /tmp/lwjgldavid/3.2.3-build-13/liblwjgl.so
7ffba43c7000-7ffba43d8000 r-xp 00000000 08:04 221926                     /usr/lib/jvm/jdk1.8.0_291/jre/lib/amd64/libnio.so
7ffba43d8000-7ffba45d7000 ---p 00011000 08:04 221926                     /usr/lib/jvm/jdk1.8.0_291/jre/lib/amd64/libnio.so
7ffba45d7000-7ffba45d8000 r--p 00010000 08:04 221926                     /usr/lib/jvm/jdk1.8.0_291/jre/lib/amd64/libnio.so
7ffba45d8000-7ffba45d9000 rw-p 00011000 08:04 221926                     /usr/lib/jvm/jdk1.8.0_291/jre/lib/amd64/libnio.so
7ffba45d9000-7ffba45da000 ---p 00000000 00:00 0 
7ffba45da000-7ffba46da000 rw-p 00000000 00:00 0 
7ffba46da000-7ffba46dd000 ---p 00000000 00:00 0 
7ffba46dd000-7ffba77dc000 rw-p 00000000 00:00 0 
7ffba77dc000-7ffba77f2000 r-xp 00000000 08:04 221911                     /usr/lib/jvm/jdk1.8.0_291/jre/lib/amd64/libnet.so
7ffba77f2000-7ffba79f1000 ---p 00016000 08:04 221911                     /usr/lib/jvm/jdk1.8.0_291/jre/lib/amd64/libnet.so
7ffba79f1000-7ffba79f2000 r--p 00015000 08:04 221911                     /usr/lib/jvm/jdk1.8.0_291/jre/lib/amd64/libnet.so
7ffba79f2000-7ffba79f3000 rw-p 00016000 08:04 221911                     /usr/lib/jvm/jdk1.8.0_291/jre/lib/amd64/libnet.so
7ffba79f3000-7ffba79f4000 ---p 00000000 00:00 0 
7ffba79f4000-7ffba79f7000 ---p 00000000 00:00 0 
7ffba79f7000-7ffba7af4000 rw-p 00000000 00:00 0 
7ffba7af4000-7ffba7af5000 ---p 00000000 00:00 0 
7ffba7af5000-7ffba7af8000 ---p 00000000 00:00 0 
7ffba7af8000-7ffba7bf5000 rw-p 00000000 00:00 0 
7ffba7bf5000-7ffba7bf6000 ---p 00000000 00:00 0 
7ffba7bf6000-7ffba7bf9000 ---p 00000000 00:00 0 
7ffba7bf9000-7ffba7cf6000 rw-p 00000000 00:00 0 
7ffba7cf6000-7ffba7cf7000 ---p 00000000 00:00 0 
7ffba7cf7000-7ffba7cfa000 ---p 00000000 00:00 0 
7ffba7cfa000-7ffba7df7000 rw-p 00000000 00:00 0 
7ffba7df7000-7ffba7dfa000 ---p 00000000 00:00 0 
7ffba7dfa000-7ffba7ef8000 rw-p 00000000 00:00 0 
7ffba7ef8000-7ffba7efa000 r--s 0001d000 08:04 14532                      /home/david/Softwares/IntelliJ/idea-IC-211.7628.21/lib/idea_rt.jar
7ffba7efa000-7ffba7efb000 r--s 00012000 08:04 4849891                    /home/david/Documents/GitLab/my-aweasome-2d-game-engine/.gradle/caches/modules-2/files-2.1/org.lwjgl/lwjgl/3.2.3/3d9d36c93446c7a1c90bc7aec8fa89c7988bf82b/lwjgl-3.2.3-natives-linux.jar
7ffba7efb000-7ffba7efc000 r--s 00012000 08:04 203196                     /home/david/.gradle/caches/modules-2/files-2.1/org.lwjgl/lwjgl/3.2.3/3d9d36c93446c7a1c90bc7aec8fa89c7988bf82b/lwjgl-3.2.3-natives-linux.jar
7ffba7efc000-7ffba7efd000 r--s 00030000 08:04 4849890                    /home/david/Documents/GitLab/my-aweasome-2d-game-engine/.gradle/caches/modules-2/files-2.1/org.lwjgl/lwjgl-stb/3.2.3/189950254d81e9214b39cc656163541bf1accbba/lwjgl-stb-3.2.3-natives-linux.jar
7ffba7efd000-7ffba7efe000 r--s 00030000 08:04 203194                     /home/david/.gradle/caches/modules-2/files-2.1/org.lwjgl/lwjgl-stb/3.2.3/189950254d81e9214b39cc656163541bf1accbba/lwjgl-stb-3.2.3-natives-linux.jar
7ffba7efe000-7ffba7eff000 r--s 00013000 08:04 4849896                    /home/david/Documents/GitLab/my-aweasome-2d-game-engine/.gradle/caches/modules-2/files-2.1/org.lwjgl/lwjgl-opengl/3.2.3/7f14db5da9aa7951efe88993f519d7d38ad6e46b/lwjgl-opengl-3.2.3-natives-linux.jar
7ffba7eff000-7ffba7f02000 ---p 00000000 00:00 0 
7ffba7f02000-7ffba8000000 rw-p 00000000 00:00 0 
7ffba8000000-7ffba8021000 rw-p 00000000 00:00 0 
7ffba8021000-7ffbac000000 ---p 00000000 00:00 0 
7ffbac000000-7ffbac001000 r--s 00013000 08:04 203198                     /home/david/.gradle/caches/modules-2/files-2.1/org.lwjgl/lwjgl-opengl/3.2.3/7f14db5da9aa7951efe88993f519d7d38ad6e46b/lwjgl-opengl-3.2.3-natives-linux.jar
7ffbac001000-7ffbac002000 r--s 00090000 08:04 4849892                    /home/david/Documents/GitLab/my-aweasome-2d-game-engine/.gradle/caches/modules-2/files-2.1/org.lwjgl/lwjgl-openal/3.2.3/869ddd9dbbf92a7d1be7f5942ca0adbde068d999/lwjgl-openal-3.2.3-natives-linux.jar
7ffbac002000-7ffbac003000 r--s 00090000 08:04 203197                     /home/david/.gradle/caches/modules-2/files-2.1/org.lwjgl/lwjgl-openal/3.2.3/869ddd9dbbf92a7d1be7f5942ca0adbde068d999/lwjgl-openal-3.2.3-natives-linux.jar
7ffbac003000-7ffbac004000 r--s 00001000 08:04 4849895                    /home/david/Documents/GitLab/my-aweasome-2d-game-engine/.gradle/caches/modules-2/files-2.1/org.lwjgl/lwjgl-nfd/3.2.3/e473f9c4814eb3e3cb8a8235266b10fee8063d09/lwjgl-nfd-3.2.3-natives-linux.jar
7ffbac004000-7ffbac005000 r--s 00001000 08:04 203193                     /home/david/.gradle/caches/modules-2/files-2.1/org.lwjgl/lwjgl-nfd/3.2.3/e473f9c4814eb3e3cb8a8235266b10fee8063d09/lwjgl-nfd-3.2.3-natives-linux.jar
7ffbac005000-7ffbac006000 r--s 00026000 08:04 4849894                    /home/david/Documents/GitLab/my-aweasome-2d-game-engine/.gradle/caches/modules-2/files-2.1/org.lwjgl/lwjgl-glfw/3.2.3/62b044d9b0a057444bef2ab70b9afc288ec09dba/lwjgl-glfw-3.2.3-natives-linux.jar
7ffbac006000-7ffbac007000 r--s 00026000 08:04 203195                     /home/david/.gradle/caches/modules-2/files-2.1/org.lwjgl/lwjgl-glfw/3.2.3/62b044d9b0a057444bef2ab70b9afc288ec09dba/lwjgl-glfw-3.2.3-natives-linux.jar
7ffbac007000-7ffbac009000 r--s 003ff000 08:04 4849893                    /home/david/Documents/GitLab/my-aweasome-2d-game-engine/.gradle/caches/modules-2/files-2.1/org.lwjgl/lwjgl-assimp/3.2.3/9ecc218db17c49f2819a5a80dee7efea65a9ac4f/lwjgl-assimp-3.2.3-natives-linux.jar
7ffbac009000-7ffbac00b000 r--s 003ff000 08:04 203199                     /home/david/.gradle/caches/modules-2/files-2.1/org.lwjgl/lwjgl-assimp/3.2.3/9ecc218db17c49f2819a5a80dee7efea65a9ac4f/lwjgl-assimp-3.2.3-natives-linux.jar
7ffbac00b000-7ffbac00e000 r--s 000a5000 08:04 4849709                    /home/david/Documents/GitLab/my-aweasome-2d-game-engine/.gradle/caches/modules-2/files-2.1/org.joml/joml/1.10.1/9825ac51cb8d274e23d4ad685b355e87afdaff06/joml-1.10.1.jar
7ffbac00e000-7ffbac011000 r--s 000a5000 08:04 203178                     /home/david/.gradle/caches/modules-2/files-2.1/org.joml/joml/1.10.1/9825ac51cb8d274e23d4ad685b355e87afdaff06/joml-1.10.1.jar
7ffbac011000-7ffbac018000 r--s 00081000 08:04 4849888                    /home/david/Documents/GitLab/my-aweasome-2d-game-engine/.gradle/caches/modules-2/files-2.1/org.lwjgl/lwjgl/3.2.3/17a59ba0fe8d474ec9dbe0d5db40d2cfe59c4c08/lwjgl-3.2.3.jar
7ffbac018000-7ffbac01f000 r--s 00081000 08:04 203177                     /home/david/.gradle/caches/modules-2/files-2.1/org.lwjgl/lwjgl/3.2.3/17a59ba0fe8d474ec9dbe0d5db40d2cfe59c4c08/lwjgl-3.2.3.jar
7ffbac01f000-7ffbac021000 r--s 00018000 08:04 4849887                    /home/david/Documents/GitLab/my-aweasome-2d-game-engine/.gradle/caches/modules-2/files-2.1/org.lwjgl/lwjgl-stb/3.2.3/40eccaa4fa86fc815f2e17946a392fb5fdcc286a/lwjgl-stb-3.2.3.jar
7ffbac021000-7ffbac023000 r--s 00018000 08:04 203182                     /home/david/.gradle/caches/modules-2/files-2.1/org.lwjgl/lwjgl-stb/3.2.3/40eccaa4fa86fc815f2e17946a392fb5fdcc286a/lwjgl-stb-3.2.3.jar
7ffbac023000-7ffbac02e000 r--s 000da000 08:04 4849885                    /home/david/Documents/GitLab/my-aweasome-2d-game-engine/.gradle/caches/modules-2/files-2.1/org.lwjgl/lwjgl-opengl/3.2.3/bdd534a323d0c8f54969b95e424b6ac8984f7d6e/lwjgl-opengl-3.2.3.jar
7ffbac02e000-7ffbac039000 r--s 000da000 08:04 203179                     /home/david/.gradle/caches/modules-2/files-2.1/org.lwjgl/lwjgl-opengl/3.2.3/bdd534a323d0c8f54969b95e424b6ac8984f7d6e/lwjgl-opengl-3.2.3.jar
7ffbac039000-7ffbac03b000 r--s 00012000 08:04 4849883                    /home/david/Documents/GitLab/my-aweasome-2d-game-engine/.gradle/caches/modules-2/files-2.1/org.lwjgl/lwjgl-openal/3.2.3/106742e805803ab9eab8e343f0fb31a3d263903c/lwjgl-openal-3.2.3.jar
7ffbac03b000-7ffbac03d000 r--s 00012000 08:04 203183                     /home/david/.gradle/caches/modules-2/files-2.1/org.lwjgl/lwjgl-openal/3.2.3/106742e805803ab9eab8e343f0fb31a3d263903c/lwjgl-openal-3.2.3.jar
7ffbac03d000-7ffbac03f000 r--s 00001000 08:04 4849884                    /home/david/Documents/GitLab/my-aweasome-2d-game-engine/.gradle/caches/modules-2/files-2.1/org.lwjgl/lwjgl-nfd/3.2.3/c44fee1043c022cf6614a28872d44cf114ca7737/lwjgl-nfd-3.2.3.jar
7ffbac03f000-7ffbac042000 r--s 00018000 08:04 4849889                    /home/david/Documents/GitLab/my-aweasome-2d-game-engine/.gradle/caches/modules-2/files-2.1/org.lwjgl/lwjgl-glfw/3.2.3/5e520d5c290c8b012545a8d34fa5db5ab051ea53/lwjgl-glfw-3.2.3.jar
7ffbac042000-7ffbac045000 r--s 00018000 08:04 203181                     /home/david/.gradle/caches/modules-2/files-2.1/org.lwjgl/lwjgl-glfw/3.2.3/5e520d5c290c8b012545a8d34fa5db5ab051ea53/lwjgl-glfw-3.2.3.jar
7ffbac045000-7ffbac048000 r--s 00033000 08:04 4849886                    /home/david/Documents/GitLab/my-aweasome-2d-game-engine/.gradle/caches/modules-2/files-2.1/org.lwjgl/lwjgl-assimp/3.2.3/f62aa07a20afbdd3097efc296c4841e0d29700eb/lwjgl-assimp-3.2.3.jar
7ffbac048000-7ffbac04b000 r--s 00033000 08:04 203184                     /home/david/.gradle/caches/modules-2/files-2.1/org.lwjgl/lwjgl-assimp/3.2.3/f62aa07a20afbdd3097efc296c4841e0d29700eb/lwjgl-assimp-3.2.3.jar
7ffbac04b000-7ffbac05d000 r--s 00353000 08:04 222011                     /usr/lib/jvm/jdk1.8.0_291/jre/lib/resources.jar
7ffbac05d000-7ffbac070000 r--s 000d6000 08:04 222016                     /usr/lib/jvm/jdk1.8.0_291/jre/lib/plugin.jar
7ffbac070000-7ffbac081000 r--s 001c6000 08:04 222010                     /usr/lib/jvm/jdk1.8.0_291/jre/lib/jsse.jar
7ffbac081000-7ffbac09c000 r--s 0020d000 08:04 222014                     /usr/lib/jvm/jdk1.8.0_291/jre/lib/deploy.jar
7ffbac09c000-7ffbace7a000 r--p 00000000 08:04 211133                     /usr/lib/locale/locale-archive
7ffbace7a000-7ffbace7d000 ---p 00000000 00:00 0 
7ffbace7d000-7ffbacf7b000 rw-p 00000000 00:00 0 
7ffbacf7b000-7ffbacf7e000 ---p 00000000 00:00 0 
7ffbacf7e000-7ffbad07c000 rw-p 00000000 00:00 0 
7ffbad07c000-7ffbad07d000 ---p 00000000 00:00 0 
7ffbad07d000-7ffbaece8000 rw-p 00000000 00:00 0 
7ffbaece8000-7ffbaeec5000 r--s 03e1d000 08:04 222012                     /usr/lib/jvm/jdk1.8.0_291/jre/lib/rt.jar
7ffbaeec5000-7ffbaff03000 rw-p 00000000 00:00 0 
7ffbaff03000-7ffbaff04000 ---p 00000000 00:00 0 
7ffbaff04000-7ffbb0004000 rw-p 00000000 00:00 0 
7ffbb0004000-7ffbb0005000 ---p 00000000 00:00 0 
7ffbb0005000-7ffbb0105000 rw-p 00000000 00:00 0 
7ffbb0105000-7ffbb0106000 ---p 00000000 00:00 0 
7ffbb0106000-7ffbb0206000 rw-p 00000000 00:00 0 
7ffbb0206000-7ffbb0207000 ---p 00000000 00:00 0 
7ffbb0207000-7ffbb035b000 rw-p 00000000 00:00 0 
7ffbb035b000-7ffbb0837000 ---p 00000000 00:00 0 
7ffbb0837000-7ffbb088b000 rw-p 00000000 00:00 0 
7ffbb088b000-7ffbb0d67000 ---p 00000000 00:00 0 
7ffbb0d67000-7ffbb0d91000 rw-p 00000000 00:00 0 
7ffbb0d91000-7ffbb0fff000 ---p 00000000 00:00 0 
7ffbb0fff000-7ffbb1000000 rw-p 00000000 00:00 0 
7ffbb1000000-7ffbb1340000 rwxp 00000000 00:00 0 
7ffbb1340000-7ffbc0000000 ---p 00000000 00:00 0 
7ffbc0000000-7ffbc32d6000 rw-p 00000000 00:00 0 
7ffbc32d6000-7ffbc4000000 ---p 00000000 00:00 0 
7ffbc4000000-7ffbc4002000 r--s 00001000 08:04 203180                     /home/david/.gradle/caches/modules-2/files-2.1/org.lwjgl/lwjgl-nfd/3.2.3/c44fee1043c022cf6614a28872d44cf114ca7737/lwjgl-nfd-3.2.3.jar
7ffbc4002000-7ffbc4003000 r--s 00000000 08:04 222006                     /usr/lib/jvm/jdk1.8.0_291/jre/lib/management-agent.jar
7ffbc4003000-7ffbc4005000 r--s 00007000 08:04 222018                     /usr/lib/jvm/jdk1.8.0_291/jre/lib/jfxswt.jar
7ffbc4005000-7ffbc400a000 r--s 00087000 08:04 222008                     /usr/lib/jvm/jdk1.8.0_291/jre/lib/jfr.jar
7ffbc400a000-7ffbc400c000 r--s 0001b000 08:04 222005                     /usr/lib/jvm/jdk1.8.0_291/jre/lib/jce.jar
7ffbc400c000-7ffbc4016000 r--s 0006e000 08:04 222015                     /usr/lib/jvm/jdk1.8.0_291/jre/lib/javaws.jar
7ffbc4016000-7ffbc401b000 r--s 002f9000 08:04 222009                     /usr/lib/jvm/jdk1.8.0_291/jre/lib/charsets.jar
7ffbc401b000-7ffbc40c4000 rw-p 00000000 00:00 0 
7ffbc40c4000-7ffbc40c5000 ---p 00000000 00:00 0 
7ffbc40c5000-7ffbc41c5000 rw-p 00000000 00:00 0 
7ffbc41c5000-7ffbc41c6000 ---p 00000000 00:00 0 
7ffbc41c6000-7ffbc42c6000 rw-p 00000000 00:00 0 
7ffbc42c6000-7ffbc42c7000 ---p 00000000 00:00 0 
7ffbc42c7000-7ffbc43c7000 rw-p 00000000 00:00 0 
7ffbc43c7000-7ffbc43c8000 ---p 00000000 00:00 0 
7ffbc43c8000-7ffbc44d5000 rw-p 00000000 00:00 0 
7ffbc44d5000-7ffbc4888000 ---p 00000000 00:00 0 
7ffbc4888000-7ffbc48a3000 r-xp 00000000 08:04 221910                     /usr/lib/jvm/jdk1.8.0_291/jre/lib/amd64/libzip.so
7ffbc48a3000-7ffbc4aa2000 ---p 0001b000 08:04 221910                     /usr/lib/jvm/jdk1.8.0_291/jre/lib/amd64/libzip.so
7ffbc4aa2000-7ffbc4aa3000 r--p 0001a000 08:04 221910                     /usr/lib/jvm/jdk1.8.0_291/jre/lib/amd64/libzip.so
7ffbc4aa3000-7ffbc4aa4000 rw-p 0001b000 08:04 221910                     /usr/lib/jvm/jdk1.8.0_291/jre/lib/amd64/libzip.so
7ffbc4aa4000-7ffbc4aac000 rw-s 00000000 08:04 5374151                    /tmp/hsperfdata_david/110859
7ffbc4aac000-7ffbc4ab6000 r-xp 00000000 08:04 221916                     /usr/lib/jvm/jdk1.8.0_291/jre/lib/amd64/libinstrument.so
7ffbc4ab6000-7ffbc4cb5000 ---p 0000a000 08:04 221916                     /usr/lib/jvm/jdk1.8.0_291/jre/lib/amd64/libinstrument.so
7ffbc4cb5000-7ffbc4cb6000 r--p 00009000 08:04 221916                     /usr/lib/jvm/jdk1.8.0_291/jre/lib/amd64/libinstrument.so
7ffbc4cb6000-7ffbc4cb7000 rw-p 0000a000 08:04 221916                     /usr/lib/jvm/jdk1.8.0_291/jre/lib/amd64/libinstrument.so
7ffbc4cb7000-7ffbc4ce3000 r-xp 00000000 08:04 221907                     /usr/lib/jvm/jdk1.8.0_291/jre/lib/amd64/libjava.so
7ffbc4ce3000-7ffbc4ee3000 ---p 0002c000 08:04 221907                     /usr/lib/jvm/jdk1.8.0_291/jre/lib/amd64/libjava.so
7ffbc4ee3000-7ffbc4ee4000 r--p 0002c000 08:04 221907                     /usr/lib/jvm/jdk1.8.0_291/jre/lib/amd64/libjava.so
7ffbc4ee4000-7ffbc4ee6000 rw-p 0002d000 08:04 221907                     /usr/lib/jvm/jdk1.8.0_291/jre/lib/amd64/libjava.so
7ffbc4ee6000-7ffbc4ef3000 r-xp 00000000 08:04 221896                     /usr/lib/jvm/jdk1.8.0_291/jre/lib/amd64/libverify.so
7ffbc4ef3000-7ffbc50f2000 ---p 0000d000 08:04 221896                     /usr/lib/jvm/jdk1.8.0_291/jre/lib/amd64/libverify.so
7ffbc50f2000-7ffbc50f4000 r--p 0000c000 08:04 221896                     /usr/lib/jvm/jdk1.8.0_291/jre/lib/amd64/libverify.so
7ffbc50f4000-7ffbc50f5000 rw-p 0000e000 08:04 221896                     /usr/lib/jvm/jdk1.8.0_291/jre/lib/amd64/libverify.so
7ffbc50f5000-7ffbc50f8000 r--p 00000000 08:04 213073                     /usr/lib/x86_64-linux-gnu/librt-2.31.so
7ffbc50f8000-7ffbc50fc000 r-xp 00003000 08:04 213073                     /usr/lib/x86_64-linux-gnu/librt-2.31.so
7ffbc50fc000-7ffbc50fd000 r--p 00007000 08:04 213073                     /usr/lib/x86_64-linux-gnu/librt-2.31.so
7ffbc50fd000-7ffbc50fe000 ---p 00008000 08:04 213073                     /usr/lib/x86_64-linux-gnu/librt-2.31.so
7ffbc50fe000-7ffbc50ff000 r--p 00008000 08:04 213073                     /usr/lib/x86_64-linux-gnu/librt-2.31.so
7ffbc50ff000-7ffbc5100000 rw-p 00009000 08:04 213073                     /usr/lib/x86_64-linux-gnu/librt-2.31.so
7ffbc5100000-7ffbc5101000 ---p 00000000 00:00 0 
7ffbc5101000-7ffbc5104000 ---p 00000000 00:00 0 
7ffbc5104000-7ffbc5201000 rw-p 00000000 00:00 0 
7ffbc5201000-7ffbc5210000 r--p 00000000 08:04 212747                     /usr/lib/x86_64-linux-gnu/libm-2.31.so
7ffbc5210000-7ffbc52b7000 r-xp 0000f000 08:04 212747                     /usr/lib/x86_64-linux-gnu/libm-2.31.so
7ffbc52b7000-7ffbc534e000 r--p 000b6000 08:04 212747                     /usr/lib/x86_64-linux-gnu/libm-2.31.so
7ffbc534e000-7ffbc534f000 r--p 0014c000 08:04 212747                     /usr/lib/x86_64-linux-gnu/libm-2.31.so
7ffbc534f000-7ffbc5350000 rw-p 0014d000 08:04 212747                     /usr/lib/x86_64-linux-gnu/libm-2.31.so
7ffbc5350000-7ffbc6045000 r-xp 00000000 08:04 221889                     /usr/lib/jvm/jdk1.8.0_291/jre/lib/amd64/server/libjvm.so
7ffbc6045000-7ffbc6245000 ---p 00cf5000 08:04 221889                     /usr/lib/jvm/jdk1.8.0_291/jre/lib/amd64/server/libjvm.so
7ffbc6245000-7ffbc62db000 r--p 00cf5000 08:04 221889                     /usr/lib/jvm/jdk1.8.0_291/jre/lib/amd64/server/libjvm.so
7ffbc62db000-7ffbc630c000 rw-p 00d8b000 08:04 221889                     /usr/lib/jvm/jdk1.8.0_291/jre/lib/amd64/server/libjvm.so
7ffbc630c000-7ffbc6349000 rw-p 00000000 00:00 0 
7ffbc6349000-7ffbc636e000 r--p 00000000 08:04 212113                     /usr/lib/x86_64-linux-gnu/libc-2.31.so
7ffbc636e000-7ffbc64e6000 r-xp 00025000 08:04 212113                     /usr/lib/x86_64-linux-gnu/libc-2.31.so
7ffbc64e6000-7ffbc6530000 r--p 0019d000 08:04 212113                     /usr/lib/x86_64-linux-gnu/libc-2.31.so
7ffbc6530000-7ffbc6531000 ---p 001e7000 08:04 212113                     /usr/lib/x86_64-linux-gnu/libc-2.31.so
7ffbc6531000-7ffbc6534000 r--p 001e7000 08:04 212113                     /usr/lib/x86_64-linux-gnu/libc-2.31.so
7ffbc6534000-7ffbc6537000 rw-p 001ea000 08:04 212113                     /usr/lib/x86_64-linux-gnu/libc-2.31.so
7ffbc6537000-7ffbc653b000 rw-p 00000000 00:00 0 
7ffbc653b000-7ffbc653c000 r--p 00000000 08:04 212248                     /usr/lib/x86_64-linux-gnu/libdl-2.31.so
7ffbc653c000-7ffbc653e000 r-xp 00001000 08:04 212248                     /usr/lib/x86_64-linux-gnu/libdl-2.31.so
7ffbc653e000-7ffbc653f000 r--p 00003000 08:04 212248                     /usr/lib/x86_64-linux-gnu/libdl-2.31.so
7ffbc653f000-7ffbc6540000 r--p 00003000 08:04 212248                     /usr/lib/x86_64-linux-gnu/libdl-2.31.so
7ffbc6540000-7ffbc6541000 rw-p 00004000 08:04 212248                     /usr/lib/x86_64-linux-gnu/libdl-2.31.so
7ffbc6541000-7ffbc6558000 r-xp 00000000 08:04 2098254                    /usr/lib/jvm/jdk1.8.0_291/lib/amd64/jli/libjli.so
7ffbc6558000-7ffbc6757000 ---p 00017000 08:04 2098254                    /usr/lib/jvm/jdk1.8.0_291/lib/amd64/jli/libjli.so
7ffbc6757000-7ffbc6758000 r--p 00016000 08:04 2098254                    /usr/lib/jvm/jdk1.8.0_291/lib/amd64/jli/libjli.so
7ffbc6758000-7ffbc6759000 rw-p 00017000 08:04 2098254                    /usr/lib/jvm/jdk1.8.0_291/lib/amd64/jli/libjli.so
7ffbc6759000-7ffbc6760000 r--p 00000000 08:04 213012                     /usr/lib/x86_64-linux-gnu/libpthread-2.31.so
7ffbc6760000-7ffbc6771000 r-xp 00007000 08:04 213012                     /usr/lib/x86_64-linux-gnu/libpthread-2.31.so
7ffbc6771000-7ffbc6776000 r--p 00018000 08:04 213012                     /usr/lib/x86_64-linux-gnu/libpthread-2.31.so
7ffbc6776000-7ffbc6777000 r--p 0001c000 08:04 213012                     /usr/lib/x86_64-linux-gnu/libpthread-2.31.so
7ffbc6777000-7ffbc6778000 rw-p 0001d000 08:04 213012                     /usr/lib/x86_64-linux-gnu/libpthread-2.31.so
7ffbc6778000-7ffbc677e000 rw-p 00000000 00:00 0 
7ffbc677e000-7ffbc6781000 r--p 00000000 08:04 212871                     /usr/lib/x86_64-linux-gnu/libnss_files-2.31.so
7ffbc6781000-7ffbc6788000 r-xp 00003000 08:04 212871                     /usr/lib/x86_64-linux-gnu/libnss_files-2.31.so
7ffbc6788000-7ffbc678a000 r--p 0000a000 08:04 212871                     /usr/lib/x86_64-linux-gnu/libnss_files-2.31.so
7ffbc678a000-7ffbc678b000 r--p 0000b000 08:04 212871                     /usr/lib/x86_64-linux-gnu/libnss_files-2.31.so
7ffbc678b000-7ffbc678c000 rw-p 0000c000 08:04 212871                     /usr/lib/x86_64-linux-gnu/libnss_files-2.31.so
7ffbc678c000-7ffbc6793000 rw-p 00000000 00:00 0 
7ffbc6793000-7ffbc6794000 r--p 00000000 08:04 211900                     /usr/lib/x86_64-linux-gnu/ld-2.31.so
7ffbc6794000-7ffbc67b7000 r-xp 00001000 08:04 211900                     /usr/lib/x86_64-linux-gnu/ld-2.31.so
7ffbc67b7000-7ffbc67bf000 r--p 00024000 08:04 211900                     /usr/lib/x86_64-linux-gnu/ld-2.31.so
7ffbc67bf000-7ffbc67c0000 r--p 00000000 00:00 0 
7ffbc67c0000-7ffbc67c1000 r--p 0002c000 08:04 211900                     /usr/lib/x86_64-linux-gnu/ld-2.31.so
7ffbc67c1000-7ffbc67c2000 rw-p 0002d000 08:04 211900                     /usr/lib/x86_64-linux-gnu/ld-2.31.so
7ffbc67c2000-7ffbc67c3000 rw-p 00000000 00:00 0 
7ffe0c97a000-7ffe0c99c000 rw-p 00000000 00:00 0                          [stack]
7ffe0c9b3000-7ffe0c9b7000 r--p 00000000 00:00 0                          [vvar]
7ffe0c9b7000-7ffe0c9b9000 r-xp 00000000 00:00 0                          [vdso]
ffffffffff600000-ffffffffff601000 --xp 00000000 00:00 0                  [vsyscall]

VM Arguments:
jvm_args: -javaagent:/home/david/Softwares/IntelliJ/idea-IC-211.7628.21/lib/idea_rt.jar=43841:/home/david/Softwares/IntelliJ/idea-IC-211.7628.21/bin -Dfile.encoding=UTF-8 
java_command: Main -ea
java_class_path (initial): /usr/lib/jvm/jdk1.8.0_291/jre/lib/charsets.jar:/usr/lib/jvm/jdk1.8.0_291/jre/lib/deploy.jar:/usr/lib/jvm/jdk1.8.0_291/jre/lib/ext/cldrdata.jar:/usr/lib/jvm/jdk1.8.0_291/jre/lib/ext/dnsns.jar:/usr/lib/jvm/jdk1.8.0_291/jre/lib/ext/jaccess.jar:/usr/lib/jvm/jdk1.8.0_291/jre/lib/ext/jfxrt.jar:/usr/lib/jvm/jdk1.8.0_291/jre/lib/ext/localedata.jar:/usr/lib/jvm/jdk1.8.0_291/jre/lib/ext/nashorn.jar:/usr/lib/jvm/jdk1.8.0_291/jre/lib/ext/sunec.jar:/usr/lib/jvm/jdk1.8.0_291/jre/lib/ext/sunjce_provider.jar:/usr/lib/jvm/jdk1.8.0_291/jre/lib/ext/sunpkcs11.jar:/usr/lib/jvm/jdk1.8.0_291/jre/lib/ext/zipfs.jar:/usr/lib/jvm/jdk1.8.0_291/jre/lib/javaws.jar:/usr/lib/jvm/jdk1.8.0_291/jre/lib/jce.jar:/usr/lib/jvm/jdk1.8.0_291/jre/lib/jfr.jar:/usr/lib/jvm/jdk1.8.0_291/jre/lib/jfxswt.jar:/usr/lib/jvm/jdk1.8.0_291/jre/lib/jsse.jar:/usr/lib/jvm/jdk1.8.0_291/jre/lib/management-agent.jar:/usr/lib/jvm/jdk1.8.0_291/jre/lib/plugin.jar:/usr/lib/jvm/jdk1.8.0_291/jre/lib/resources.jar:/usr/lib/jvm/jdk1.8.0_291/jre/lib/rt.jar:/home/david/Documents/GitHub/marioLWJGL/build/classes/java/main:/home/david/.gradle/caches/modules-2/files-2.1/org.lwjgl/lwjgl-assimp/3.2.3/f62aa07a20afbdd3097efc296c4841e0d29700eb/lwjgl-assimp-3.2.3.jar:/home/david/Documents/GitLab/my-aweasome-2d-game-engine/.gradle/caches/modules-2/files-2.1/org.lwjgl/lwjgl-assimp/3.2.3/f62aa07a20afbdd3097efc296c4841e0d29700eb/lwjgl-assimp-3.2.3.jar:/home/david/.gradle/caches/modules-2/files-2.1/org.lwjgl/lwjgl-glfw/3.2.3/5e520d5c290c8b012545a8d34fa5db5ab051ea53/lwjgl-glfw-3.2.3.jar:/home/david/Documents/GitLab/my-aweasome-2d-game-engine/.gradle/caches/modules-2/files-2.1/org.lwjgl/lwjgl-glfw/3.2.3/5e520d5c290c8b012545a8d34fa5db5ab051ea53/lwjgl-glfw-3.2.3.jar:/home/david/.gradle/caches/modules-2/files-2.1/org.lwjgl/lwjgl-nfd/3.2.3/c44fee1043c022cf6614a28872d44cf114ca7737/lwjgl-nfd-3.2.3.jar:/home/david/Documents/GitLab/my-aweasome-2d-game-engine/.gradle/caches/modules-2/files-2.1/org.lwjgl/lwjgl-nfd/3.2.3/c44fee1043c0
Launcher Type: SUN_STANDARD

Environment Variables:
PATH=/home/david/bin:/usr/local/sbin:/usr/local/bin:/usr/sbin:/usr/bin:/sbin:/bin:/usr/games:/usr/local/games:/snap/bin
USERNAME=david
SHELL=/bin/bash
DISPLAY=:1

Signal Handlers:
SIGSEGV: [libjvm.so+0xadec90], sa_mask[0]=11111111011111111101111111111110, sa_flags=SA_RESTART|SA_SIGINFO
SIGBUS: [libjvm.so+0xadec90], sa_mask[0]=11111111011111111101111111111110, sa_flags=SA_RESTART|SA_SIGINFO
SIGFPE: [libjvm.so+0x913090], sa_mask[0]=11111111011111111101111111111110, sa_flags=SA_RESTART|SA_SIGINFO
SIGPIPE: [libjvm.so+0x913090], sa_mask[0]=11111111011111111101111111111110, sa_flags=SA_RESTART|SA_SIGINFO
SIGXFSZ: [libjvm.so+0x913090], sa_mask[0]=11111111011111111101111111111110, sa_flags=SA_RESTART|SA_SIGINFO
SIGILL: [libjvm.so+0x913090], sa_mask[0]=11111111011111111101111111111110, sa_flags=SA_RESTART|SA_SIGINFO
SIGUSR1: SIG_DFL, sa_mask[0]=00000000000000000000000000000000, sa_flags=none
SIGUSR2: [libjvm.so+0x912f60], sa_mask[0]=00100000000000000000000000000000, sa_flags=SA_RESTART|SA_SIGINFO
SIGHUP: [libjvm.so+0x913580], sa_mask[0]=11111111011111111101111111111110, sa_flags=SA_RESTART|SA_SIGINFO
SIGINT: [libjvm.so+0x913580], sa_mask[0]=11111111011111111101111111111110, sa_flags=SA_RESTART|SA_SIGINFO
SIGTERM: [libjvm.so+0x913580], sa_mask[0]=11111111011111111101111111111110, sa_flags=SA_RESTART|SA_SIGINFO
SIGQUIT: [libjvm.so+0x913580], sa_mask[0]=11111111011111111101111111111110, sa_flags=SA_RESTART|SA_SIGINFO


---------------  S Y S T E M  ---------------

OS:DISTRIB_ID=Ubuntu
DISTRIB_RELEASE=20.04
DISTRIB_CODENAME=focal
DISTRIB_DESCRIPTION="Ubuntu 20.04.3 LTS"

uname:Linux 5.11.0-27-generic #29~20.04.1-Ubuntu SMP Wed Aug 11 15:58:17 UTC 2021 x86_64
libc:glibc 2.31 NPTL 2.31 
rlimit: STACK 8192k, CORE 0k, NPROC 63480, NOFILE 1048576, AS infinity
load average:6,38 4,02 2,52

/proc/meminfo:
MemTotal:       16310308 kB
MemFree:         8128016 kB
MemAvailable:   10996096 kB
Buffers:          110008 kB
Cached:          3020820 kB
SwapCached:            0 kB
Active:           890300 kB
Inactive:        6813204 kB
Active(anon):       2576 kB
Inactive(anon):  4634324 kB
Active(file):     887724 kB
Inactive(file):  2178880 kB
Unevictable:          32 kB
Mlocked:              32 kB
SwapTotal:      16777212 kB
SwapFree:       16777212 kB
Dirty:              1672 kB
Writeback:             0 kB
AnonPages:       4573124 kB
Mapped:          1138488 kB
Shmem:             64196 kB
KReclaimable:     122380 kB
Slab:             243572 kB
SReclaimable:     122380 kB
SUnreclaim:       121192 kB
KernelStack:       19600 kB
PageTables:        46208 kB
NFS_Unstable:          0 kB
Bounce:                0 kB
WritebackTmp:          0 kB
CommitLimit:    24932364 kB
Committed_AS:   13278680 kB
VmallocTotal:   34359738367 kB
VmallocUsed:       65716 kB
VmallocChunk:          0 kB
Percpu:             6272 kB
HardwareCorrupted:     0 kB
AnonHugePages:         0 kB
ShmemHugePages:        0 kB
ShmemPmdMapped:        0 kB
FileHugePages:         0 kB
FilePmdMapped:         0 kB
HugePages_Total:       0
HugePages_Free:        0
HugePages_Rsvd:        0
HugePages_Surp:        0
Hugepagesize:       2048 kB
Hugetlb:               0 kB
DirectMap4k:      436104 kB
DirectMap2M:    11014144 kB
DirectMap1G:     6291456 kB

container (cgroup) information:
container_type: cgroupv1
cpu_cpuset_cpus: 0-7
cpu_memory_nodes: 0
active_processor_count: 8
cpu_quota: -1
cpu_period: 100000
cpu_shares: -1
memory_limit_in_bytes: -1
memory_and_swap_limit_in_bytes: -1
memory_soft_limit_in_bytes: -1
memory_usage_in_bytes: 6308028416
memory_max_usage_in_bytes: 6309679104


CPU:total 8 (initial active 8) (4 cores per cpu, 2 threads per core) family 6 model 60 stepping 3, cmov, cx8, fxsr, mmx, sse, sse2, sse3, ssse3, sse4.1, sse4.2, popcnt, avx, avx2, aes, clmul, erms, lzcnt, ht, tsc, tscinvbit, bmi1, bmi2

/proc/cpuinfo:
processor	: 0
vendor_id	: GenuineIntel
cpu family	: 6
model		: 60
model name	: Intel(R) Core(TM) i7-4700HQ CPU @ 2.40GHz
stepping	: 3
microcode	: 0x28
cpu MHz		: 798.241
cache size	: 6144 KB
physical id	: 0
siblings	: 8
core id		: 0
cpu cores	: 4
apicid		: 0
initial apicid	: 0
fpu		: yes
fpu_exception	: yes
cpuid level	: 13
wp		: yes
flags		: fpu vme de pse tsc msr pae mce cx8 apic sep mtrr pge mca cmov pat pse36 clflush dts acpi mmx fxsr sse sse2 ss ht tm pbe syscall nx pdpe1gb rdtscp lm constant_tsc arch_perfmon pebs bts rep_good nopl xtopology nonstop_tsc cpuid aperfmperf pni pclmulqdq dtes64 monitor ds_cpl vmx est tm2 ssse3 sdbg fma cx16 xtpr pdcm pcid sse4_1 sse4_2 x2apic movbe popcnt tsc_deadline_timer aes xsave avx f16c rdrand lahf_lm abm cpuid_fault epb invpcid_single pti ssbd ibrs ibpb stibp tpr_shadow vnmi flexpriority ept vpid ept_ad fsgsbase tsc_adjust bmi1 avx2 smep bmi2 erms invpcid xsaveopt dtherm ida arat pln pts md_clear flush_l1d
vmx flags	: vnmi preemption_timer invvpid ept_x_only ept_ad ept_1gb flexpriority tsc_offset vtpr mtf vapic ept vpid unrestricted_guest ple
bugs		: cpu_meltdown spectre_v1 spectre_v2 spec_store_bypass l1tf mds swapgs itlb_multihit srbds
bogomips	: 4789.44
clflush size	: 64
cache_alignment	: 64
address sizes	: 39 bits physical, 48 bits virtual
power management:

processor	: 1
vendor_id	: GenuineIntel
cpu family	: 6
model		: 60
model name	: Intel(R) Core(TM) i7-4700HQ CPU @ 2.40GHz
stepping	: 3
microcode	: 0x28
cpu MHz		: 798.241
cache size	: 6144 KB
physical id	: 0
siblings	: 8
core id		: 1
cpu cores	: 4
apicid		: 2
initial apicid	: 2
fpu		: yes
fpu_exception	: yes
cpuid level	: 13
wp		: yes
flags		: fpu vme de pse tsc msr pae mce cx8 apic sep mtrr pge mca cmov pat pse36 clflush dts acpi mmx fxsr sse sse2 ss ht tm pbe syscall nx pdpe1gb rdtscp lm constant_tsc arch_perfmon pebs bts rep_good nopl xtopology nonstop_tsc cpuid aperfmperf pni pclmulqdq dtes64 monitor ds_cpl vmx est tm2 ssse3 sdbg fma cx16 xtpr pdcm pcid sse4_1 sse4_2 x2apic movbe popcnt tsc_deadline_timer aes xsave avx f16c rdrand lahf_lm abm cpuid_fault epb invpcid_single pti ssbd ibrs ibpb stibp tpr_shadow vnmi flexpriority ept vpid ept_ad fsgsbase tsc_adjust bmi1 avx2 smep bmi2 erms invpcid xsaveopt dtherm ida arat pln pts md_clear flush_l1d
vmx flags	: vnmi preemption_timer invvpid ept_x_only ept_ad ept_1gb flexpriority tsc_offset vtpr mtf vapic ept vpid unrestricted_guest ple
bugs		: cpu_meltdown spectre_v1 spectre_v2 spec_store_bypass l1tf mds swapgs itlb_multihit srbds
bogomips	: 4789.44
clflush size	: 64
cache_alignment	: 64
address sizes	: 39 bits physical, 48 bits virtual
power management:

processor	: 2
vendor_id	: GenuineIntel
cpu family	: 6
model		: 60
model name	: Intel(R) Core(TM) i7-4700HQ CPU @ 2.40GHz
stepping	: 3
microcode	: 0x28
cpu MHz		: 798.241
cache size	: 6144 KB
physical id	: 0
siblings	: 8
core id		: 2
cpu cores	: 4
apicid		: 4
initial apicid	: 4
fpu		: yes
fpu_exception	: yes
cpuid level	: 13
wp		: yes
flags		: fpu vme de pse tsc msr pae mce cx8 apic sep mtrr pge mca cmov pat pse36 clflush dts acpi mmx fxsr sse sse2 ss ht tm pbe syscall nx pdpe1gb rdtscp lm constant_tsc arch_perfmon pebs bts rep_good nopl xtopology nonstop_tsc cpuid aperfmperf pni pclmulqdq dtes64 monitor ds_cpl vmx est tm2 ssse3 sdbg fma cx16 xtpr pdcm pcid sse4_1 sse4_2 x2apic movbe popcnt tsc_deadline_timer aes xsave avx f16c rdrand lahf_lm abm cpuid_fault epb invpcid_single pti ssbd ibrs ibpb stibp tpr_shadow vnmi flexpriority ept vpid ept_ad fsgsbase tsc_adjust bmi1 avx2 smep bmi2 erms invpcid xsaveopt dtherm ida arat pln pts md_clear flush_l1d
vmx flags	: vnmi preemption_timer invvpid ept_x_only ept_ad ept_1gb flexpriority tsc_offset vtpr mtf vapic ept vpid unrestricted_guest ple
bugs		: cpu_meltdown spectre_v1 spectre_v2 spec_store_bypass l1tf mds swapgs itlb_multihit srbds
bogomips	: 4789.44
clflush size	: 64
cache_alignment	: 64
address sizes	: 39 bits physical, 48 bits virtual
power management:

processor	: 3
vendor_id	: GenuineIntel
cpu family	: 6
model		: 60
model name	: Intel(R) Core(TM) i7-4700HQ CPU @ 2.40GHz
stepping	: 3
microcode	: 0x28
cpu MHz		: 798.244
cache size	: 6144 KB
physical id	: 0
siblings	: 8
core id		: 3
cpu cores	: 4
apicid		: 6
initial apicid	: 6
fpu		: yes
fpu_exception	: yes
cpuid level	: 13
wp		: yes
flags		: fpu vme de pse tsc msr pae mce cx8 apic sep mtrr pge mca cmov pat pse36 clflush dts acpi mmx fxsr sse sse2 ss ht tm pbe syscall nx pdpe1gb rdtscp lm constant_tsc arch_perfmon pebs bts rep_good nopl xtopology nonstop_tsc cpuid aperfmperf pni pclmulqdq dtes64 monitor ds_cpl vmx est tm2 ssse3 sdbg fma cx16 xtpr pdcm pcid sse4_1 sse4_2 x2apic movbe popcnt tsc_deadline_timer aes xsave avx f16c rdrand lahf_lm abm cpuid_fault epb invpcid_single pti ssbd ibrs ibpb stibp tpr_shadow vnmi flexpriority ept vpid ept_ad fsgsbase tsc_adjust bmi1 avx2 smep bmi2 erms invpcid xsaveopt dtherm ida arat pln pts md_clear flush_l1d
vmx flags	: vnmi preemption_timer invvpid ept_x_only ept_ad ept_1gb flexpriority tsc_offset vtpr mtf vapic ept vpid unrestricted_guest ple
bugs		: cpu_meltdown spectre_v1 spectre_v2 spec_store_bypass l1tf mds swapgs itlb_multihit srbds
bogomips	: 4789.44
clflush size	: 64
cache_alignment	: 64
address sizes	: 39 bits physical, 48 bits virtual
power management:

processor	: 4
vendor_id	: GenuineIntel
cpu family	: 6
model		: 60
model name	: Intel(R) Core(TM) i7-4700HQ CPU @ 2.40GHz
stepping	: 3
microcode	: 0x28
cpu MHz		: 1000.000
cache size	: 6144 KB
physical id	: 0
siblings	: 8
core id		: 0
cpu cores	: 4
apicid		: 1
initial apicid	: 1
fpu		: yes
fpu_exception	: yes
cpuid level	: 13
wp		: yes
flags		: fpu vme de pse tsc msr pae mce cx8 apic sep mtrr pge mca cmov pat pse36 clflush dts acpi mmx fxsr sse sse2 ss ht tm pbe syscall nx pdpe1gb rdtscp lm constant_tsc arch_perfmon pebs bts rep_good nopl xtopology nonstop_tsc cpuid aperfmperf pni pclmulqdq dtes64 monitor ds_cpl vmx est tm2 ssse3 sdbg fma cx16 xtpr pdcm pcid sse4_1 sse4_2 x2apic movbe popcnt tsc_deadline_timer aes xsave avx f16c rdrand lahf_lm abm cpuid_fault epb invpcid_single pti ssbd ibrs ibpb stibp tpr_shadow vnmi flexpriority ept vpid ept_ad fsgsbase tsc_adjust bmi1 avx2 smep bmi2 erms invpcid xsaveopt dtherm ida arat pln pts md_clear flush_l1d
vmx flags	: vnmi preemption_timer invvpid ept_x_only ept_ad ept_1gb flexpriority tsc_offset vtpr mtf vapic ept vpid unrestricted_guest ple
bugs		: cpu_meltdown spectre_v1 spectre_v2 spec_store_bypass l1tf mds swapgs itlb_multihit srbds
bogomips	: 4789.44
clflush size	: 64
cache_alignment	: 64
address sizes	: 39 bits physical, 48 bits virtual
power management:

processor	: 5
vendor_id	: GenuineIntel
cpu family	: 6
model		: 60
model name	: Intel(R) Core(TM) i7-4700HQ CPU @ 2.40GHz
stepping	: 3
microcode	: 0x28
cpu MHz		: 798.242
cache size	: 6144 KB
physical id	: 0
siblings	: 8
core id		: 1
cpu cores	: 4
apicid		: 3
initial apicid	: 3
fpu		: yes
fpu_exception	: yes
cpuid level	: 13
wp		: yes
flags		: fpu vme de pse tsc msr pae mce cx8 apic sep mtrr pge mca cmov pat pse36 clflush dts acpi mmx fxsr sse sse2 ss ht tm pbe syscall nx pdpe1gb rdtscp lm constant_tsc arch_perfmon pebs bts rep_good nopl xtopology nonstop_tsc cpuid aperfmperf pni pclmulqdq dtes64 monitor ds_cpl vmx est tm2 ssse3 sdbg fma cx16 xtpr pdcm pcid sse4_1 sse4_2 x2apic movbe popcnt tsc_deadline_timer aes xsave avx f16c rdrand lahf_lm abm cpuid_fault epb invpcid_single pti ssbd ibrs ibpb stibp tpr_shadow vnmi flexpriority ept vpid ept_ad fsgsbase tsc_adjust bmi1 avx2 smep bmi2 erms invpcid xsaveopt dtherm ida arat pln pts md_clear flush_l1d
vmx flags	: vnmi preemption_timer invvpid ept_x_only ept_ad ept_1gb flexpriority tsc_offset vtpr mtf vapic ept vpid unrestricted_guest ple
bugs		: cpu_meltdown spectre_v1 spectre_v2 spec_store_bypass l1tf mds swapgs itlb_multihit srbds
bogomips	: 4789.44
clflush size	: 64
cache_alignment	: 64
address sizes	: 39 bits physical, 48 bits virtual
power management:

processor	: 6
vendor_id	: GenuineIntel
cpu family	: 6
model		: 60
model name	: Intel(R) Core(TM) i7-4700HQ CPU @ 2.40GHz
stepping	: 3
microcode	: 0x28
cpu MHz		: 798.243
cache size	: 6144 KB
physical id	: 0
siblings	: 8
core id		: 2
cpu cores	: 4
apicid		: 5
initial apicid	: 5
fpu		: yes
fpu_exception	: yes
cpuid level	: 13
wp		: yes
flags		: fpu vme de pse tsc msr pae mce cx8 apic sep mtrr pge mca cmov pat pse36 clflush dts acpi mmx fxsr sse sse2 ss ht tm pbe syscall nx pdpe1gb rdtscp lm constant_tsc arch_perfmon pebs bts rep_good nopl xtopology nonstop_tsc cpuid aperfmperf pni pclmulqdq dtes64 monitor ds_cpl vmx est tm2 ssse3 sdbg fma cx16 xtpr pdcm pcid sse4_1 sse4_2 x2apic movbe popcnt tsc_deadline_timer aes xsave avx f16c rdrand lahf_lm abm cpuid_fault epb invpcid_single pti ssbd ibrs ibpb stibp tpr_shadow vnmi flexpriority ept vpid ept_ad fsgsbase tsc_adjust bmi1 avx2 smep bmi2 erms invpcid xsaveopt dtherm ida arat pln pts md_clear flush_l1d
vmx flags	: vnmi preemption_timer invvpid ept_x_only ept_ad ept_1gb flexpriority tsc_offset vtpr mtf vapic ept vpid unrestricted_guest ple
bugs		: cpu_meltdown spectre_v1 spectre_v2 spec_store_bypass l1tf mds swapgs itlb_multihit srbds
bogomips	: 4789.44
clflush size	: 64
cache_alignment	: 64
address sizes	: 39 bits physical, 48 bits virtual
power management:

processor	: 7
vendor_id	: GenuineIntel
cpu family	: 6
model		: 60
model name	: Intel(R) Core(TM) i7-4700HQ CPU @ 2.40GHz
stepping	: 3
microcode	: 0x28
cpu MHz		: 798.242
cache size	: 6144 KB
physical id	: 0
siblings	: 8
core id		: 3
cpu cores	: 4
apicid		: 7
initial apicid	: 7
fpu		: yes
fpu_exception	: yes
cpuid level	: 13
wp		: yes
flags		: fpu vme de pse tsc msr pae mce cx8 apic sep mtrr pge mca cmov pat pse36 clflush dts acpi mmx fxsr sse sse2 ss ht tm pbe syscall nx pdpe1gb rdtscp lm constant_tsc arch_perfmon pebs bts rep_good nopl xtopology nonstop_tsc cpuid aperfmperf pni pclmulqdq dtes64 monitor ds_cpl vmx est tm2 ssse3 sdbg fma cx16 xtpr pdcm pcid sse4_1 sse4_2 x2apic movbe popcnt tsc_deadline_timer aes xsave avx f16c rdrand lahf_lm abm cpuid_fault epb invpcid_single pti ssbd ibrs ibpb stibp tpr_shadow vnmi flexpriority ept vpid ept_ad fsgsbase tsc_adjust bmi1 avx2 smep bmi2 erms invpcid xsaveopt dtherm ida arat pln pts md_clear flush_l1d
vmx flags	: vnmi preemption_timer invvpid ept_x_only ept_ad ept_1gb flexpriority tsc_offset vtpr mtf vapic ept vpid unrestricted_guest ple
bugs		: cpu_meltdown spectre_v1 spectre_v2 spec_store_bypass l1tf mds swapgs itlb_multihit srbds
bogomips	: 4789.44
clflush size	: 64
cache_alignment	: 64
address sizes	: 39 bits physical, 48 bits virtual
power management:



Memory: 4k page, physical 16310308k(8128276k free), swap 16777212k(16777212k free)

vm_info: Java HotSpot(TM) 64-Bit Server VM (25.291-b10) for linux-amd64 JRE (1.8.0_291-b10), built on Apr  7 2021 19:13:06 by "java_re" with gcc 7.3.0

time: Mon Aug 23 12:09:49 2021
timezone: WEST
elapsed time: 4.473355 seconds (0d 0h 0m 4s)

